This file contains any messages produced by compilers while
running configure, to aid debugging if configure makes a mistake.

It was created by GNU units configure 1.87, which was
generated by GNU Autoconf 2.61.  Invocation command line was

  $ ./configure 

## --------- ##
## Platform. ##
## --------- ##

hostname = deepak
uname -m = x86_64
uname -r = 5.15.0-72-generic
uname -s = Linux
uname -v = #79-Ubuntu SMP Wed Apr 19 08:22:18 UTC 2023

/usr/bin/uname -p = x86_64
/bin/uname -X     = unknown

/bin/arch              = x86_64
/usr/bin/arch -k       = unknown
/usr/convex/getsysinfo = unknown
/usr/bin/hostinfo      = unknown
/bin/machine           = unknown
/usr/bin/oslevel       = unknown
/bin/universe          = unknown

PATH: /home/vasundhra/.local/bin
PATH: /home/vasundhra/.local/bin
PATH: /home/vasundhra/.local/bin
PATH: /usr/local/sbin
PATH: /usr/local/bin
PATH: /usr/sbin
PATH: /usr/bin
PATH: /sbin
PATH: /bin
PATH: /usr/games
PATH: /usr/local/games
PATH: /snap/bin
PATH: /snap/bin


## ----------- ##
## Core tests. ##
## ----------- ##

configure:1776: checking for cl
configure:1806: result: no
configure:1776: checking for gcc
configure:1792: found /usr/bin/gcc
configure:1803: result: gcc
configure:1839: checking for C compiler version
configure:1846: gcc --version >&5
gcc (Ubuntu 11.3.0-1ubuntu1~22.04.1) 11.3.0
Copyright (C) 2021 Free Software Foundation, Inc.
This is free software; see the source for copying conditions.  There is NO
warranty; not even for MERCHANTABILITY or FITNESS FOR A PARTICULAR PURPOSE.

configure:1849: $? = 0
configure:1856: gcc -v >&5
Using built-in specs.
COLLECT_GCC=gcc
COLLECT_LTO_WRAPPER=/usr/lib/gcc/x86_64-linux-gnu/11/lto-wrapper
OFFLOAD_TARGET_NAMES=nvptx-none:amdgcn-amdhsa
OFFLOAD_TARGET_DEFAULT=1
Target: x86_64-linux-gnu
Configured with: ../src/configure -v --with-pkgversion='Ubuntu 11.3.0-1ubuntu1~22.04.1' --with-bugurl=file:///usr/share/doc/gcc-11/README.Bugs --enable-languages=c,ada,c++,go,brig,d,fortran,objc,obj-c++,m2 --prefix=/usr --with-gcc-major-version-only --program-suffix=-11 --program-prefix=x86_64-linux-gnu- --enable-shared --enable-linker-build-id --libexecdir=/usr/lib --without-included-gettext --enable-threads=posix --libdir=/usr/lib --enable-nls --enable-bootstrap --enable-clocale=gnu --enable-libstdcxx-debug --enable-libstdcxx-time=yes --with-default-libstdcxx-abi=new --enable-gnu-unique-object --disable-vtable-verify --enable-plugin --enable-default-pie --with-system-zlib --enable-libphobos-checking=release --with-target-system-zlib=auto --enable-objc-gc=auto --enable-multiarch --disable-werror --enable-cet --with-arch-32=i686 --with-abi=m64 --with-multilib-list=m32,m64,mx32 --enable-multilib --with-tune=generic --enable-offload-targets=nvptx-none=/build/gcc-11-aYxV0E/gcc-11-11.3.0/debian/tmp-nvptx/usr,amdgcn-amdhsa=/build/gcc-11-aYxV0E/gcc-11-11.3.0/debian/tmp-gcn/usr --without-cuda-driver --enable-checking=release --build=x86_64-linux-gnu --host=x86_64-linux-gnu --target=x86_64-linux-gnu --with-build-config=bootstrap-lto-lean --enable-link-serialization=2
Thread model: posix
Supported LTO compression algorithms: zlib zstd
gcc version 11.3.0 (Ubuntu 11.3.0-1ubuntu1~22.04.1) 
configure:1859: $? = 0
configure:1866: gcc -V >&5
gcc: error: unrecognized command-line option '-V'
gcc: fatal error: no input files
compilation terminated.
configure:1869: $? = 1
configure:1892: checking for C compiler default output file name
configure:1919: gcc    conftest.c  >&5
configure:1922: $? = 0
configure:1960: result: a.out
configure:1977: checking whether the C compiler works
configure:1987: ./a.out
configure:1990: $? = 0
configure:2007: result: yes
configure:2014: checking whether we are cross compiling
configure:2016: result: no
configure:2019: checking for suffix of executables
configure:2026: gcc -o conftest    conftest.c  >&5
configure:2029: $? = 0
configure:2053: result: 
configure:2059: checking for suffix of object files
configure:2085: gcc -c   conftest.c >&5
configure:2088: $? = 0
configure:2111: result: o
configure:2115: checking whether we are using the GNU C compiler
configure:2144: gcc -c   conftest.c >&5
configure:2150: $? = 0
configure:2167: result: yes
configure:2172: checking whether gcc accepts -g
configure:2202: gcc -c -g  conftest.c >&5
configure:2208: $? = 0
configure:2307: result: yes
configure:2324: checking for gcc option to accept ISO C89
configure:2398: gcc  -c -g -O2  conftest.c >&5
configure:2404: $? = 0
configure:2427: result: none needed
configure:2453: checking for an ANSI C-conforming const
configure:2528: gcc -c -g -O2  conftest.c >&5
configure:2534: $? = 0
configure:2549: result: yes
configure:2603: checking for a BSD-compatible install
configure:2659: result: /usr/bin/install -c
configure:2672: checking for sin
configure:2728: gcc -o conftest -g -O2   conftest.c  >&5
conftest.c:31:6: warning: conflicting types for built-in function 'sin'; expected 'double(double)' [-Wbuiltin-declaration-mismatch]
   31 | char sin ();
      |      ^~~
conftest.c:19:1: note: 'sin' is declared in header '<math.h>'
   18 | # include <limits.h>
   19 | #else
/usr/bin/ld: /tmp/ccqDbJei.o: in function `main':
/home/vasundhra/deepak/Workspace/Module3/commands/units-1.87/conftest.c:42: undefined reference to `sin'
collect2: error: ld returned 1 exit status
configure:2734: $? = 1
configure: failed program was:
| /* confdefs.h.  */
| #define PACKAGE_NAME "GNU units"
| #define PACKAGE_TARNAME "units"
| #define PACKAGE_VERSION "1.87"
| #define PACKAGE_STRING "GNU units 1.87"
| #define PACKAGE_BUGREPORT "adrian@cam.cornell.edu"
| /* end confdefs.h.  */
| /* Define sin to an innocuous variant, in case <limits.h> declares sin.
|    For example, HP-UX 11i <limits.h> declares gettimeofday.  */
| #define sin innocuous_sin
| 
| /* System header to define __stub macros and hopefully few prototypes,
|     which can conflict with char sin (); below.
|     Prefer <limits.h> to <assert.h> if __STDC__ is defined, since
|     <limits.h> exists even on freestanding compilers.  */
| 
| #ifdef __STDC__
| # include <limits.h>
| #else
| # include <assert.h>
| #endif
| 
| #undef sin
| 
| /* Override any GCC internal prototype to avoid an error.
|    Use char because int might match the return type of a GCC
|    builtin and then its argument prototype would still apply.  */
| #ifdef __cplusplus
| extern "C"
| #endif
| char sin ();
| /* The GNU C library defines this for functions which it implements
|     to always fail with ENOSYS.  Some functions are actually named
|     something starting with __ and the normal name is an alias.  */
| #if defined __stub_sin || defined __stub___sin
| choke me
| #endif
| 
| int
| main ()
| {
| return sin ();
|   ;
|   return 0;
| }
configure:2751: result: no
configure:2759: checking for tparm in -lncurses
configure:2794: gcc -o conftest -g -O2   conftest.c -lncurses  -lm >&5
configure:2800: $? = 0
configure:2818: result: yes
configure:2897: checking how to run the C preprocessor
configure:2937: gcc -E  conftest.c
configure:2943: $? = 0
configure:2974: gcc -E  conftest.c
conftest.c:8:10: fatal error: ac_nonexistent.h: No such file or directory
    8 | #include <ac_nonexistent.h>
      |          ^~~~~~~~~~~~~~~~~~
compilation terminated.
configure:2980: $? = 1
configure: failed program was:
| /* confdefs.h.  */
| #define PACKAGE_NAME "GNU units"
| #define PACKAGE_TARNAME "units"
| #define PACKAGE_VERSION "1.87"
| #define PACKAGE_STRING "GNU units 1.87"
| #define PACKAGE_BUGREPORT "adrian@cam.cornell.edu"
| /* end confdefs.h.  */
| #include <ac_nonexistent.h>
configure:3013: result: gcc -E
configure:3042: gcc -E  conftest.c
configure:3048: $? = 0
configure:3079: gcc -E  conftest.c
conftest.c:8:10: fatal error: ac_nonexistent.h: No such file or directory
    8 | #include <ac_nonexistent.h>
      |          ^~~~~~~~~~~~~~~~~~
compilation terminated.
configure:3085: $? = 1
configure: failed program was:
| /* confdefs.h.  */
| #define PACKAGE_NAME "GNU units"
| #define PACKAGE_TARNAME "units"
| #define PACKAGE_VERSION "1.87"
| #define PACKAGE_STRING "GNU units 1.87"
| #define PACKAGE_BUGREPORT "adrian@cam.cornell.edu"
| /* end confdefs.h.  */
| #include <ac_nonexistent.h>
configure:3123: checking for grep that handles long lines and -e
configure:3197: result: /usr/bin/grep
configure:3202: checking for egrep
configure:3280: result: /usr/bin/grep -E
configure:3285: checking for ANSI C header files
configure:3315: gcc -c -g -O2  conftest.c >&5
configure:3321: $? = 0
configure:3420: gcc -o conftest -g -O2   conftest.c -lm -lncurses >&5
configure:3423: $? = 0
configure:3429: ./conftest
configure:3432: $? = 0
configure:3449: result: yes
configure:3473: checking for sys/types.h
configure:3494: gcc -c -g -O2  conftest.c >&5
configure:3500: $? = 0
configure:3516: result: yes
configure:3473: checking for sys/stat.h
configure:3494: gcc -c -g -O2  conftest.c >&5
configure:3500: $? = 0
configure:3516: result: yes
configure:3473: checking for stdlib.h
configure:3494: gcc -c -g -O2  conftest.c >&5
configure:3500: $? = 0
configure:3516: result: yes
configure:3473: checking for string.h
configure:3494: gcc -c -g -O2  conftest.c >&5
configure:3500: $? = 0
configure:3516: result: yes
configure:3473: checking for memory.h
configure:3494: gcc -c -g -O2  conftest.c >&5
configure:3500: $? = 0
configure:3516: result: yes
configure:3473: checking for strings.h
configure:3494: gcc -c -g -O2  conftest.c >&5
configure:3500: $? = 0
configure:3516: result: yes
configure:3473: checking for inttypes.h
configure:3494: gcc -c -g -O2  conftest.c >&5
configure:3500: $? = 0
configure:3516: result: yes
configure:3473: checking for stdint.h
configure:3494: gcc -c -g -O2  conftest.c >&5
configure:3500: $? = 0
configure:3516: result: yes
configure:3473: checking for unistd.h
configure:3494: gcc -c -g -O2  conftest.c >&5
configure:3500: $? = 0
configure:3516: result: yes
configure:3528: checking for readline in -lreadline
configure:3563: gcc -o conftest -g -O2   conftest.c -lreadline  -lm -lncurses >&5
/usr/bin/ld: cannot find -lreadline: No such file or directory
collect2: error: ld returned 1 exit status
configure:3569: $? = 1
configure: failed program was:
| /* confdefs.h.  */
| #define PACKAGE_NAME "GNU units"
| #define PACKAGE_TARNAME "units"
| #define PACKAGE_VERSION "1.87"
| #define PACKAGE_STRING "GNU units 1.87"
| #define PACKAGE_BUGREPORT "adrian@cam.cornell.edu"
| #define STDC_HEADERS 1
| #define HAVE_SYS_TYPES_H 1
| #define HAVE_SYS_STAT_H 1
| #define HAVE_STDLIB_H 1
| #define HAVE_STRING_H 1
| #define HAVE_MEMORY_H 1
| #define HAVE_STRINGS_H 1
| #define HAVE_INTTYPES_H 1
| #define HAVE_STDINT_H 1
| #define HAVE_UNISTD_H 1
| /* end confdefs.h.  */
| 
| /* Override any GCC internal prototype to avoid an error.
|    Use char because int might match the return type of a GCC
|    builtin and then its argument prototype would still apply.  */
| #ifdef __cplusplus
| extern "C"
| #endif
| char readline ();
| int
| main ()
| {
| return readline ();
|   ;
|   return 0;
| }
configure:3587: result: no
configure:3731: checking for string.h
configure:3736: result: yes
configure:3868: checking for stdlib.h
configure:3873: result: yes
configure:4005: checking for strchr
configure:4061: gcc -o conftest -g -O2   conftest.c -lm >&5
conftest.c:41:6: warning: conflicting types for built-in function 'strchr'; expected 'char *(const char *, int)' [-Wbuiltin-declaration-mismatch]
   41 | char strchr ();
      |      ^~~~~~
conftest.c:29:1: note: 'strchr' is declared in header '<string.h>'
   28 | # include <limits.h>
   29 | #else
configure:4067: $? = 0
configure:4084: result: yes
configure:4092: checking for strspn
configure:4148: gcc -o conftest -g -O2   conftest.c -lm >&5
conftest.c:41:6: warning: conflicting types for built-in function 'strspn'; expected 'long unsigned int(const char *, const char *)' [-Wbuiltin-declaration-mismatch]
   41 | char strspn ();
      |      ^~~~~~
conftest.c:29:1: note: 'strspn' is declared in header '<string.h>'
   28 | # include <limits.h>
   29 | #else
configure:4154: $? = 0
configure:4171: result: yes
configure:4179: checking for strtok
configure:4235: gcc -o conftest -g -O2   conftest.c -lm >&5
configure:4241: $? = 0
configure:4258: result: yes
configure:4399: creating ./config.status

## ---------------------- ##
## Running config.status. ##
## ---------------------- ##

This file was extended by GNU units config.status 1.87, which was
generated by GNU Autoconf 2.61.  Invocation command line was

  CONFIG_FILES    = 
  CONFIG_HEADERS  = 
  CONFIG_LINKS    = 
  CONFIG_COMMANDS = 
  $ ./config.status 

on deepak

config.status:581: creating Makefile

## ---------------- ##
## Cache variables. ##
## ---------------- ##

ac_cv_c_compiler_gnu=yes
ac_cv_c_const=yes
ac_cv_env_CC_set=
ac_cv_env_CC_value=
ac_cv_env_CFLAGS_set=
ac_cv_env_CFLAGS_value=
ac_cv_env_CPPFLAGS_set=
ac_cv_env_CPPFLAGS_value=
ac_cv_env_CPP_set=
ac_cv_env_CPP_value=
ac_cv_env_LDFLAGS_set=
ac_cv_env_LDFLAGS_value=
ac_cv_env_LIBS_set=
ac_cv_env_LIBS_value=
ac_cv_env_build_alias_set=
ac_cv_env_build_alias_value=
ac_cv_env_host_alias_set=
ac_cv_env_host_alias_value=
ac_cv_env_target_alias_set=
ac_cv_env_target_alias_value=
ac_cv_func_sin=no
ac_cv_func_strchr=yes
ac_cv_func_strspn=yes
ac_cv_func_strtok=yes
ac_cv_header_inttypes_h=yes
ac_cv_header_memory_h=yes
ac_cv_header_stdc=yes
ac_cv_header_stdint_h=yes
ac_cv_header_stdlib_h=yes
ac_cv_header_string_h=yes
ac_cv_header_strings_h=yes
ac_cv_header_sys_stat_h=yes
ac_cv_header_sys_types_h=yes
ac_cv_header_unistd_h=yes
ac_cv_lib_ncurses_tparm=yes
ac_cv_lib_readline_readline=no
ac_cv_objext=o
ac_cv_path_EGREP='/usr/bin/grep -E'
ac_cv_path_GREP=/usr/bin/grep
ac_cv_path_install='/usr/bin/install -c'
ac_cv_prog_CPP='gcc -E'
ac_cv_prog_ac_ct_CC=gcc
ac_cv_prog_cc_c89=
ac_cv_prog_cc_g=yes

## ----------------- ##
## Output variables. ##
## ----------------- ##

CC='gcc'
CFLAGS='-g -O2'
CPP='gcc -E'
CPPFLAGS=''
DEFIS=''
DEFS='-DPACKAGE_NAME=\"GNU\ units\" -DPACKAGE_TARNAME=\"units\" -DPACKAGE_VERSION=\"1.87\" -DPACKAGE_STRING=\"GNU\ units\ 1.87\" -DPACKAGE_BUGREPORT=\"adrian@cam.cornell.edu\" -DSTDC_HEADERS=1 -DHAVE_SYS_TYPES_H=1 -DHAVE_SYS_STAT_H=1 -DHAVE_STDLIB_H=1 -DHAVE_STRING_H=1 -DHAVE_MEMORY_H=1 -DHAVE_STRINGS_H=1 -DHAVE_INTTYPES_H=1 -DHAVE_STDINT_H=1 -DHAVE_UNISTD_H=1'
ECHO_C=''
ECHO_N='-n'
ECHO_T=''
EGREP='/usr/bin/grep -E'
EXEEXT=''
GREP='/usr/bin/grep'
INSTALL_DATA='${INSTALL} -m 644'
INSTALL_PROGRAM='${INSTALL}'
INSTALL_SCRIPT='${INSTALL}'
LDFLAGS=''
LIBOBJS=''
LIBS='-lm'
LTLIBOBJS=''
OBJEXT='o'
PACKAGE_BUGREPORT='adrian@cam.cornell.edu'
PACKAGE_NAME='GNU units'
PACKAGE_STRING='GNU units 1.87'
PACKAGE_TARNAME='units'
PACKAGE_VERSION='1.87'
PATH_SEPARATOR=':'
SHELL='/bin/bash'
STRFUNC=''
UDAT='${datarootdir}/'
ac_ct_CC='gcc'
bindir='${exec_prefix}/bin'
build_alias=''
datadir='${datarootdir}'
datarootdir='${prefix}/share'
docdir='${datarootdir}/doc/${PACKAGE_TARNAME}'
dvidir='${docdir}'
exec_prefix='${prefix}'
host_alias=''
htmldir='${docdir}'
includedir='${prefix}/include'
infodir='${datarootdir}/info'
libdir='${exec_prefix}/lib'
libexecdir='${exec_prefix}/libexec'
localedir='${datarootdir}/locale'
localstatedir='${prefix}/var'
mandir='${datarootdir}/man'
oldincludedir='/usr/include'
pdfdir='${docdir}'
prefix='/usr/local'
program_transform_name='s,x,x,'
psdir='${docdir}'
sbindir='${exec_prefix}/sbin'
sharedstatedir='${prefix}/com'
sysconfdir='${prefix}/etc'
target_alias=''

## ----------- ##
## confdefs.h. ##
## ----------- ##

#define PACKAGE_NAME "GNU units"
#define PACKAGE_TARNAME "units"
#define PACKAGE_VERSION "1.87"
#define PACKAGE_STRING "GNU units 1.87"
#define PACKAGE_BUGREPORT "adrian@cam.cornell.edu"
#define STDC_HEADERS 1
#define HAVE_SYS_TYPES_H 1
#define HAVE_SYS_STAT_H 1
#define HAVE_STDLIB_H 1
#define HAVE_STRING_H 1
#define HAVE_MEMORY_H 1
#define HAVE_STRINGS_H 1
#define HAVE_INTTYPES_H 1
#define HAVE_STDINT_H 1
#define HAVE_UNISTD_H 1

configure: exit 0
