2023-05-11 09:45:49,409 [INFO] Activator:176 - 


2023-05-11 09:45:49,412 [INFO] Activator:177 - !SESSION log4j initialized
2023-05-11 09:45:54,736 [INFO] LogOutputStream:77 - [STDOUT_REDIRECT] 
2023-05-11 09:46:16,738 [ERROR] LogOutputStream:75 - [STDERR_REDIRECT] SLF4J: Failed to load class "org.slf4j.impl.StaticLoggerBinder".
2023-05-11 09:46:16,738 [ERROR] LogOutputStream:75 - [STDERR_REDIRECT] SLF4J: Defaulting to no-operation (NOP) logger implementation
2023-05-11 09:46:16,738 [ERROR] LogOutputStream:75 - [STDERR_REDIRECT] SLF4J: See http://www.slf4j.org/codes.html#StaticLoggerBinder for further details.
2023-05-11 15:30:49,016 [INFO] Activator:176 - 


2023-05-11 15:30:49,017 [INFO] Activator:177 - !SESSION log4j initialized
2023-05-11 15:30:52,512 [INFO] LogOutputStream:77 - [STDOUT_REDIRECT] 
2023-05-11 15:31:10,390 [INFO] ApplicationProperties:184 - Using Application install path: /opt/st/stm32cubeide_1.12.0/plugins/com.st.stm32cube.common.mx_6.8.0.202302231600
2023-05-11 15:31:10,406 [INFO] DbMcusXml:78 - Set database path to: /opt/st/stm32cubeide_1.12.0/plugins/com.st.stm32cube.common.mx_6.8.0.202302231600//db//mcu/
2023-05-11 15:31:10,406 [INFO] ApiDb:274 - Set plugin database path to: /opt/st/stm32cubeide_1.12.0/plugins/com.st.stm32cube.common.mx_6.8.0.202302231600//db//plugins/boardmanager/
2023-05-11 15:31:10,408 [WARN] ApiDb:259 - Overriding images path with different value:  => /opt/st/stm32cubeide_1.12.0/plugins/com.st.stm32cube.common.mx_6.8.0.202302231600//db//plugins/mcufinder/images/
2023-05-11 15:31:10,419 [INFO] ApiDb:250 - Set database path to: /home/vasundhra/.stmcufinder/plugins/mcufinder//mcu/
2023-05-11 15:31:10,420 [INFO] DbMcusAds:125 - Set database path to: /home/vasundhra/.stmcufinder/plugins/mcufinder//mcu/
2023-05-11 15:31:10,435 [INFO] CrossReferenceDbSqlite:203 - Set database path to: /home/vasundhra/.stmcufinder/plugins/mcufinder//mcu/cs/
2023-05-11 15:31:10,513 [INFO] RulesReader:64 - Compatibility file has been processed (293 Rules)
2023-05-11 15:31:10,557 [INFO] DbMcusXml:78 - Set database path to: /opt/st/stm32cubeide_1.12.0/plugins/com.st.stm32cube.common.mx_6.8.0.202302231600//db//mcu/
2023-05-11 15:31:10,557 [INFO] ApiDb:274 - Set plugin database path to: /opt/st/stm32cubeide_1.12.0/plugins/com.st.stm32cube.common.mx_6.8.0.202302231600//db//plugins/boardmanager/
2023-05-11 15:31:10,558 [INFO] ApiDb:261 - Set plugin images path to: /opt/st/stm32cubeide_1.12.0/plugins/com.st.stm32cube.common.mx_6.8.0.202302231600//db//plugins/mcufinder/images/
2023-05-11 15:31:10,558 [WARN] DbFile:41 - Overriding database path with different value: /home/vasundhra/.stmcufinder/plugins/mcufinder/ => /home/vasundhra/.stmcufinder/plugins/mcufinder
2023-05-11 15:31:10,558 [INFO] ApiDb:250 - Set database path to: /home/vasundhra/.stmcufinder/plugins/mcufinder//mcu/
2023-05-11 15:31:10,558 [WARN] DbFile:41 - Overriding database path with different value: /home/vasundhra/.stmcufinder/plugins/mcufinder/ => /home/vasundhra/.stmcufinder/plugins/mcufinder
2023-05-11 15:31:10,558 [INFO] DbMcusAds:125 - Set database path to: /home/vasundhra/.stmcufinder/plugins/mcufinder//mcu/
2023-05-11 15:31:10,558 [WARN] DbFile:41 - Overriding database path with different value: /home/vasundhra/.stmcufinder/plugins/mcufinder/ => /home/vasundhra/.stmcufinder/plugins/mcufinder
2023-05-11 15:31:10,558 [WARN] DbFile:41 - Overriding database path with different value: /home/vasundhra/.stmcufinder/plugins/mcufinder/ => /home/vasundhra/.stmcufinder/plugins/mcufinder
2023-05-11 15:31:10,558 [INFO] CrossReferenceDbSqlite:203 - Set database path to: /home/vasundhra/.stmcufinder/plugins/mcufinder//mcu/cs/
2023-05-11 15:31:10,610 [INFO] MainPanel:253 - HeapMemory: 268435456
2023-05-11 15:31:10,687 [INFO] DbMcusXml:78 - Set database path to: /opt/st/stm32cubeide_1.12.0/plugins/com.st.stm32cube.common.mx_6.8.0.202302231600//db//mcu/
2023-05-11 15:31:10,687 [INFO] ApiDb:274 - Set plugin database path to: /opt/st/stm32cubeide_1.12.0/plugins/com.st.stm32cube.common.mx_6.8.0.202302231600//db//plugins/boardmanager/
2023-05-11 15:31:10,687 [INFO] ApiDb:261 - Set plugin images path to: /opt/st/stm32cubeide_1.12.0/plugins/com.st.stm32cube.common.mx_6.8.0.202302231600//db//plugins/mcufinder/images/
2023-05-11 15:31:10,687 [WARN] DbFile:41 - Overriding database path with different value: /home/vasundhra/.stmcufinder/plugins/mcufinder/ => /home/vasundhra/.stmcufinder/plugins/mcufinder
2023-05-11 15:31:10,687 [INFO] ApiDb:250 - Set database path to: /home/vasundhra/.stmcufinder/plugins/mcufinder//mcu/
2023-05-11 15:31:10,687 [WARN] DbFile:41 - Overriding database path with different value: /home/vasundhra/.stmcufinder/plugins/mcufinder/ => /home/vasundhra/.stmcufinder/plugins/mcufinder
2023-05-11 15:31:10,687 [INFO] DbMcusAds:125 - Set database path to: /home/vasundhra/.stmcufinder/plugins/mcufinder//mcu/
2023-05-11 15:31:10,688 [WARN] DbFile:41 - Overriding database path with different value: /home/vasundhra/.stmcufinder/plugins/mcufinder/ => /home/vasundhra/.stmcufinder/plugins/mcufinder
2023-05-11 15:31:10,688 [WARN] DbFile:41 - Overriding database path with different value: /home/vasundhra/.stmcufinder/plugins/mcufinder/ => /home/vasundhra/.stmcufinder/plugins/mcufinder
2023-05-11 15:31:10,688 [INFO] CrossReferenceDbSqlite:203 - Set database path to: /home/vasundhra/.stmcufinder/plugins/mcufinder//mcu/cs/
2023-05-11 15:31:10,700 [INFO] ApplicationProperties:184 - Using Application install path: /opt/st/stm32cubeide_1.12.0/plugins/com.st.stm32cube.common.mx_6.8.0.202302231600
2023-05-11 15:31:10,701 [INFO] PluginManage:196 - Search for loadable plugins [exclusion list=, ]
2023-05-11 15:31:10,702 [INFO] PluginManage:310 - Check plugin analytics
2023-05-11 15:31:10,810 [INFO] AnalyticsPlugin:253 - Accepted Software Licenses: 
2023-05-11 15:31:10,810 [INFO] AnalyticsPlugin:255 - Accepted CMSIS Pack Licenses: 
2023-05-11 15:31:10,810 [INFO] AnalyticsPlugin:257 - Accepted Firmware Licenses: FW.F4.1.27.0
2023-05-11 15:31:10,815 [INFO] PluginManage:359 - Loaded plugin analytics (category:tool,tabindex:-1)
2023-05-11 15:31:10,815 [INFO] PluginManage:310 - Check plugin cadmodel
2023-05-11 15:31:10,847 [INFO] CADModel:105 - Init CAD model plugin
2023-05-11 15:31:10,847 [INFO] PluginManage:359 - Loaded plugin cadmodel (category:power,tabindex:5)
2023-05-11 15:31:10,847 [INFO] PluginManage:310 - Check plugin clock
2023-05-11 15:31:10,856 [INFO] PluginManage:359 - Loaded plugin clock (category:base,tabindex:2)
2023-05-11 15:31:10,856 [INFO] PluginManage:310 - Check plugin ddr
2023-05-11 15:31:10,859 [INFO] PluginManage:359 - Loaded plugin ddr (category:tool,tabindex:6)
2023-05-11 15:31:10,859 [INFO] PluginManage:310 - Check plugin filemanager
2023-05-11 15:31:10,961 [INFO] PluginManage:359 - Loaded plugin filemanager (category:base,tabindex:10)
2023-05-11 15:31:10,961 [INFO] PluginManage:310 - Check plugin ipmanager
2023-05-11 15:31:10,966 [INFO] PluginManage:359 - Loaded plugin ipmanager (category:base,tabindex:5)
2023-05-11 15:31:10,966 [INFO] PluginManage:310 - Check plugin lpbam
2023-05-11 15:31:10,973 [INFO] PluginManage:359 - Loaded plugin lpbam (category:base,tabindex:0)
2023-05-11 15:31:10,974 [INFO] PluginManage:310 - Check plugin pinoutandconfiguration
2023-05-11 15:31:10,981 [INFO] PluginManage:359 - Loaded plugin pinoutandconfiguration (category:base,tabindex:1)
2023-05-11 15:31:10,981 [INFO] PluginManage:310 - Check plugin pinoutconfig
2023-05-11 15:31:11,051 [WARN] SupportedApi:132 - Cannot load RTOS API schema: s4s-elt-must-match.1: The content of 'definitions' must match (annotation?, (simpleType | complexType)?, (unique | key | keyref)*)). A problem was found starting at: attribute.
2023-05-11 15:31:11,147 [INFO] PluginManage:359 - Loaded plugin pinoutconfig (category:base,tabindex:0)
2023-05-11 15:31:11,147 [INFO] PluginManage:310 - Check plugin power
2023-05-11 15:31:11,157 [INFO] PluginManage:359 - Loaded plugin power (category:power,tabindex:4)
2023-05-11 15:31:11,157 [INFO] PluginManage:310 - Check plugin projectmanager
2023-05-11 15:31:11,168 [INFO] PluginManage:359 - Loaded plugin projectmanager (category:projectmanager,tabindex:3)
2023-05-11 15:31:11,168 [INFO] PluginManage:310 - Check plugin thirdparty
2023-05-11 15:31:11,242 [INFO] PluginManage:359 - Loaded plugin thirdparty (category:base,tabindex:-1)
2023-05-11 15:31:11,243 [INFO] PluginManage:310 - Check plugin tools
2023-05-11 15:31:11,242 [WARN] IntegrityCheckThread:84 - waiting for thirdparty lock release [integrity check]
2023-05-11 15:31:11,243 [INFO] IntegrityCheckThread:86 - entering critical section [integrity check]
2023-05-11 15:31:11,244 [INFO] ThirdPartyUpdaterWithRetryManager:70 - Updater plugin not ready yet. [1/15]
2023-05-11 15:31:11,244 [INFO] PluginManage:359 - Loaded plugin tools (category:base,tabindex:7)
2023-05-11 15:31:11,244 [INFO] PluginManage:310 - Check plugin tutovideos
2023-05-11 15:31:11,373 [INFO] PluginManage:359 - Loaded plugin tutovideos (category:base,tabindex:-1)
2023-05-11 15:31:11,373 [INFO] PluginManage:310 - Check plugin updater
2023-05-11 15:31:11,385 [INFO] PluginManage:359 - Loaded plugin updater (category:base,tabindex:12)
2023-05-11 15:31:11,385 [INFO] PluginManage:283 - PluginManage : Loaded plugins [15]
2023-05-11 15:31:11,539 [INFO] PinOutPanel:1499 - setPackage(No Configuration,No Configuration)
2023-05-11 15:31:11,574 [INFO] CADModel:165 - CPN selected for project level
2023-05-11 15:31:11,574 [INFO] CADModel:114 - Register for checkConnection events
2023-05-11 15:31:11,581 [INFO] IPUIPlugin:80 - create IPUIPlugin
2023-05-11 15:31:11,582 [INFO] PluginManager:220 - loadIPPluginJar : add nvic
2023-05-11 15:31:11,587 [INFO] IPUIPlugin:80 - create IPUIPlugin
2023-05-11 15:31:11,587 [INFO] PluginManager:220 - loadIPPluginJar : add ipddr
2023-05-11 15:31:11,589 [INFO] IPUIPlugin:80 - create IPUIPlugin
2023-05-11 15:31:11,589 [INFO] PluginManager:220 - loadIPPluginJar : add lorawan
2023-05-11 15:31:11,594 [INFO] IPUIPlugin:80 - create IPUIPlugin
2023-05-11 15:31:11,594 [INFO] PluginManager:220 - loadIPPluginJar : add adc
2023-05-11 15:31:11,596 [INFO] IPUIPlugin:80 - create IPUIPlugin
2023-05-11 15:31:11,596 [INFO] PluginManager:220 - loadIPPluginJar : add cryp
2023-05-11 15:31:11,597 [INFO] IPUIPlugin:80 - create IPUIPlugin
2023-05-11 15:31:11,597 [INFO] PluginManager:220 - loadIPPluginJar : add tim
2023-05-11 15:31:11,598 [INFO] IPUIPlugin:80 - create IPUIPlugin
2023-05-11 15:31:11,599 [INFO] PluginManager:220 - loadIPPluginJar : add usbx
2023-05-11 15:31:11,599 [INFO] IPUIPlugin:80 - create IPUIPlugin
2023-05-11 15:31:11,599 [INFO] PluginManager:220 - loadIPPluginJar : add fatfs
2023-05-11 15:31:11,604 [INFO] IPUIPlugin:80 - create IPUIPlugin
2023-05-11 15:31:11,604 [INFO] PluginManager:220 - loadIPPluginJar : add freertos
2023-05-11 15:31:11,606 [INFO] IPUIPlugin:80 - create IPUIPlugin
2023-05-11 15:31:11,606 [INFO] PluginManager:220 - loadIPPluginJar : add gfxmmu
2023-05-11 15:31:11,609 [INFO] IPUIPlugin:80 - create IPUIPlugin
2023-05-11 15:31:11,609 [INFO] PluginManager:220 - loadIPPluginJar : add fmc
2023-05-11 15:31:11,610 [INFO] IPUIPlugin:80 - create IPUIPlugin
2023-05-11 15:31:11,610 [INFO] PluginManager:220 - loadIPPluginJar : add genericplugin
2023-05-11 15:31:11,611 [INFO] IPUIPlugin:80 - create IPUIPlugin
2023-05-11 15:31:11,611 [INFO] PluginManager:220 - loadIPPluginJar : add touchsensing
2023-05-11 15:31:11,612 [INFO] IPUIPlugin:80 - create IPUIPlugin
2023-05-11 15:31:11,612 [INFO] PluginManager:220 - loadIPPluginJar : add tracer_emb
2023-05-11 15:31:11,614 [INFO] IPUIPlugin:80 - create IPUIPlugin
2023-05-11 15:31:11,614 [INFO] PluginManager:220 - loadIPPluginJar : add hash
2023-05-11 15:31:11,618 [INFO] IPUIPlugin:80 - create IPUIPlugin
2023-05-11 15:31:11,618 [INFO] PluginManager:220 - loadIPPluginJar : add dma
2023-05-11 15:31:11,621 [INFO] IPUIPlugin:80 - create IPUIPlugin
2023-05-11 15:31:11,622 [INFO] PluginManager:220 - loadIPPluginJar : add gic
2023-05-11 15:31:11,623 [INFO] IPUIPlugin:80 - create IPUIPlugin
2023-05-11 15:31:11,623 [INFO] PluginManager:220 - loadIPPluginJar : add aes
2023-05-11 15:31:11,625 [INFO] IPUIPlugin:80 - create IPUIPlugin
2023-05-11 15:31:11,625 [INFO] PluginManager:220 - loadIPPluginJar : add usart
2023-05-11 15:31:11,627 [INFO] IPUIPlugin:80 - create IPUIPlugin
2023-05-11 15:31:11,627 [INFO] PluginManager:220 - loadIPPluginJar : add pdm2pcm
2023-05-11 15:31:11,628 [INFO] IPUIPlugin:80 - create IPUIPlugin
2023-05-11 15:31:11,628 [INFO] PluginManager:220 - loadIPPluginJar : add quadspi
2023-05-11 15:31:11,632 [INFO] IPUIPlugin:80 - create IPUIPlugin
2023-05-11 15:31:11,635 [INFO] PluginManager:220 - loadIPPluginJar : add plateformsettings
2023-05-11 15:31:11,640 [INFO] IPUIPlugin:80 - create IPUIPlugin
2023-05-11 15:31:11,640 [INFO] PluginManager:220 - loadIPPluginJar : add mdma
2023-05-11 15:31:11,643 [INFO] IPUIPlugin:80 - create IPUIPlugin
2023-05-11 15:31:11,644 [INFO] PluginManager:220 - loadIPPluginJar : add resmgrutility
2023-05-11 15:31:11,645 [INFO] IPUIPlugin:80 - create IPUIPlugin
2023-05-11 15:31:11,645 [INFO] PluginManager:220 - loadIPPluginJar : add ts
2023-05-11 15:31:11,647 [INFO] IPUIPlugin:80 - create IPUIPlugin
2023-05-11 15:31:11,647 [INFO] PluginManager:220 - loadIPPluginJar : add i2s
2023-05-11 15:31:11,648 [INFO] IPUIPlugin:80 - create IPUIPlugin
2023-05-11 15:31:11,648 [INFO] PluginManager:220 - loadIPPluginJar : add ltdc
2023-05-11 15:31:11,650 [INFO] IPUIPlugin:80 - create IPUIPlugin
2023-05-11 15:31:11,650 [INFO] PluginManager:220 - loadIPPluginJar : add dma3
2023-05-11 15:31:11,652 [INFO] IPUIPlugin:80 - create IPUIPlugin
2023-05-11 15:31:11,652 [INFO] PluginManager:220 - loadIPPluginJar : add can
2023-05-11 15:31:11,658 [INFO] IPUIPlugin:80 - create IPUIPlugin
2023-05-11 15:31:11,658 [INFO] PluginManager:220 - loadIPPluginJar : add linkedlist
2023-05-11 15:31:11,660 [INFO] IPUIPlugin:80 - create IPUIPlugin
2023-05-11 15:31:11,660 [INFO] PluginManager:220 - loadIPPluginJar : add spi
2023-05-11 15:31:11,662 [INFO] IPUIPlugin:80 - create IPUIPlugin
2023-05-11 15:31:11,662 [INFO] PluginManager:220 - loadIPPluginJar : add i3c
2023-05-11 15:31:11,663 [INFO] IPUIPlugin:80 - create IPUIPlugin
2023-05-11 15:31:11,663 [INFO] PluginManager:220 - loadIPPluginJar : add comp
2023-05-11 15:31:11,664 [INFO] IPUIPlugin:80 - create IPUIPlugin
2023-05-11 15:31:11,664 [INFO] PluginManager:220 - loadIPPluginJar : add i2c
2023-05-11 15:31:11,665 [INFO] IPUIPlugin:80 - create IPUIPlugin
2023-05-11 15:31:11,665 [INFO] PluginManager:220 - loadIPPluginJar : add dfsdm
2023-05-11 15:31:11,667 [INFO] IPUIPlugin:80 - create IPUIPlugin
2023-05-11 15:31:11,667 [INFO] PluginManager:220 - loadIPPluginJar : add gtzc
2023-05-11 15:31:11,671 [INFO] IPUIPlugin:80 - create IPUIPlugin
2023-05-11 15:31:11,671 [INFO] PluginManager:220 - loadIPPluginJar : add gpio
2023-05-11 15:31:11,673 [INFO] IPUIPlugin:80 - create IPUIPlugin
2023-05-11 15:31:11,673 [INFO] PluginManager:220 - loadIPPluginJar : add opamp
2023-05-11 15:31:11,675 [INFO] IPUIPlugin:80 - create IPUIPlugin
2023-05-11 15:31:11,675 [INFO] PluginManager:220 - loadIPPluginJar : add ucpd
2023-05-11 15:31:11,676 [INFO] IPUIPlugin:80 - create IPUIPlugin
2023-05-11 15:31:11,676 [INFO] PluginManager:220 - loadIPPluginJar : add tsc
2023-05-11 15:31:11,678 [INFO] IPUIPlugin:80 - create IPUIPlugin
2023-05-11 15:31:11,678 [INFO] PluginManager:220 - loadIPPluginJar : add sai
2023-05-11 15:31:11,681 [INFO] IPUIPlugin:80 - create IPUIPlugin
2023-05-11 15:31:11,681 [INFO] PluginManager:220 - loadIPPluginJar : add openamp
2023-05-11 15:31:11,717 [INFO] IPUIPlugin:80 - create IPUIPlugin
2023-05-11 15:31:11,717 [INFO] PluginManager:220 - loadIPPluginJar : add stm32_wpan
2023-05-11 15:31:11,813 [INFO] CADModel:165 - CPN selected for project level
2023-05-11 15:31:11,813 [INFO] CADModel:114 - Register for checkConnection events
2023-05-11 15:31:11,813 [FATAL] Updater:308 - Updater called before beeing initialized
2023-05-11 15:31:11,813 [ERROR] CADModel:125 - Updater not yet initialized, retry later 
2023-05-11 15:31:11,915 [INFO] CADModel:165 - CPN selected for project level
2023-05-11 15:31:11,915 [INFO] CADModel:114 - Register for checkConnection events
2023-05-11 15:31:11,915 [FATAL] Updater:308 - Updater called before beeing initialized
2023-05-11 15:31:11,915 [ERROR] CADModel:125 - Updater not yet initialized, retry later 
2023-05-11 15:31:11,918 [FATAL] Updater:308 - Updater called before beeing initialized
2023-05-11 15:31:12,005 [FATAL] Updater:308 - Updater called before beeing initialized
2023-05-11 15:31:12,012 [INFO] DbMcusAds:53 - JSON generation date=Tue Mar 07 14:20:54 IST 2023 (1678179054945)
2023-05-11 15:31:12,013 [FATAL] Updater:308 - Updater called before beeing initialized
2023-05-11 15:31:12,041 [WARN] DetailPanel:346 - Failed to get advertising image, set to default
2023-05-11 15:31:12,111 [FATAL] Updater:308 - Updater called before beeing initialized
2023-05-11 15:31:12,113 [FATAL] Updater:308 - Updater called before beeing initialized
2023-05-11 15:31:12,113 [FATAL] Updater:308 - Updater called before beeing initialized
2023-05-11 15:31:12,113 [WARN] DetailPanel:346 - Failed to get advertising image, set to default
2023-05-11 15:31:12,114 [FATAL] Updater:308 - Updater called before beeing initialized
2023-05-11 15:31:12,137 [ERROR] Updater:1120 - MainUpdater not yet initialized. External WinMGr cannot be set.
2023-05-11 15:31:12,138 [INFO] Updater:1056 - Updater Version found : 6.8.0
2023-05-11 15:31:12,150 [INFO] ApplicationProperties:184 - Using Application install path: /opt/st/stm32cubeide_1.12.0/plugins/com.st.stm32cube.common.mx_6.8.0.202302231600
2023-05-11 15:31:12,489 [INFO] MainUpdater:2854 - connection check result : 10
2023-05-11 15:31:12,491 [INFO] MainUpdater:283 - Updater Check For Update Now.
2023-05-11 15:31:12,491 [INFO] MicroXplorer:498 - Change Database Version : DB.6.0.80
2023-05-11 15:31:12,633 [INFO] CheckServerUpdateThread:120 - End of CheckServer Thread
2023-05-11 15:31:12,705 [INFO] MainUpdater:2854 - connection check result : 10
2023-05-11 15:31:12,707 [INFO] MainUpdater:2854 - connection check result : 10
2023-05-11 15:31:12,763 [INFO] MicroXplorer:468 - Change Database Path : 
2023-05-11 15:31:12,763 [INFO] MicroXplorer:498 - Change Database Version : DB.6.0.80
2023-05-11 15:31:12,764 [WARN] ThirdParty:871 - waiting for thirdparty lock release [close project]
2023-05-11 15:31:13,775 [ERROR] LogOutputStream:75 - [STDERR_REDIRECT] SLF4J: Failed to load class "org.slf4j.impl.StaticLoggerBinder".
2023-05-11 15:31:13,775 [ERROR] LogOutputStream:75 - [STDERR_REDIRECT] SLF4J: Defaulting to no-operation (NOP) logger implementation
2023-05-11 15:31:13,775 [ERROR] LogOutputStream:75 - [STDERR_REDIRECT] SLF4J: See http://www.slf4j.org/codes.html#StaticLoggerBinder for further details.
2023-05-11 15:31:14,345 [WARN] PackLoader:240 - Cannot read IP mode file for STMicroelectronics.X-CUBE-GNSS1.6.0.0
2023-05-11 15:31:14,350 [WARN] PackLoader:240 - Cannot read IP mode file for STMicroelectronics.X-CUBE-BLE1.6.2.4
2023-05-11 15:31:14,359 [WARN] PackLoader:240 - Cannot read IP mode file for STMicroelectronics.X-CUBE-DISPLAY.3.0.0
2023-05-11 15:31:14,368 [WARN] PackLoader:240 - Cannot read IP mode file for STMicroelectronics.X-CUBE-NFC7.1.0.0
2023-05-11 15:31:14,374 [WARN] PackLoader:240 - Cannot read IP mode file for STMicroelectronics.X-CUBE-EEPRMA1.4.1.0
2023-05-11 15:31:14,382 [WARN] PackLoader:240 - Cannot read IP mode file for STMicroelectronics.X-CUBE-SFXS2LP1.4.0.0
2023-05-11 15:31:14,387 [WARN] PackLoader:240 - Cannot read IP mode file for STMicroelectronics.X-CUBE-BLE2.3.3.0
2023-05-11 15:31:14,390 [WARN] PackLoader:240 - Cannot read IP mode file for STMicroelectronics.X-CUBE-ISPU.1.1.0
2023-05-11 15:31:14,393 [WARN] PackLoader:240 - Cannot read IP mode file for STMicroelectronics.X-CUBE-AI.8.0.0
2023-05-11 15:31:14,397 [WARN] PackLoader:240 - Cannot read IP mode file for STMicroelectronics.X-CUBE-ALGOBUILD.1.3.0
2023-05-11 15:31:14,406 [WARN] PackLoader:240 - Cannot read IP mode file for STMicroelectronics.X-CUBE-SUBG2.5.0.0
2023-05-11 15:31:14,414 [WARN] PackLoader:240 - Cannot read IP mode file for STMicroelectronics.X-CUBE-NFC4.3.0.0
2023-05-11 15:31:14,417 [WARN] PackLoader:240 - Cannot read IP mode file for STMicroelectronics.FP-ATR-ASTRA1.1.1.1
2023-05-11 15:31:14,419 [WARN] PackLoader:240 - Cannot read IP mode file for STMicroelectronics.FP-ATR-SIGFOX1.3.2.0
2023-05-11 15:31:14,421 [WARN] PackLoader:240 - Cannot read IP mode file for STMicroelectronics.X-CUBE-ALS.1.0.1
2023-05-11 15:31:14,476 [WARN] PackLoader:240 - Cannot read IP mode file for STMicroelectronics.X-CUBE-MEMS1.9.5.0
2023-05-11 15:31:14,665 [INFO] ThirdParty:978 - Integrity check success = true
2023-05-11 15:31:14,666 [INFO] IntegrityCheckThread:100 - exiting critical section [integrity check]
2023-05-11 15:31:14,666 [INFO] IntegrityCheckThread:103 - End integrity checks thread
2023-05-11 15:31:14,666 [INFO] ThirdParty:873 - entering critical section [close project]
2023-05-11 15:31:14,667 [INFO] ThirdParty:883 - exiting critical section [close project]
2023-05-11 15:31:14,671 [INFO] PinOutPanel:1499 - setPackage(No Configuration,No Configuration)
2023-05-11 15:31:14,676 [INFO] UtilMem:75 - Begin LoadConfig() Used Memory: 179959944 Bytes (268435456)
2023-05-11 15:31:14,677 [INFO] MicroXplorer:468 - Change Database Path : 
2023-05-11 15:31:14,678 [INFO] MicroXplorer:498 - Change Database Version : DB.6.0.80
2023-05-11 15:31:14,678 [INFO] OpenFileManager:308 - Change cursor
2023-05-11 15:31:14,707 [INFO] Mcu:1937 - Initializing MCU STM32F446R(C-E)Tx STM32F446RETx STM32F446RET6
2023-05-11 15:31:15,804 [INFO] Context:659 - Trying to add GPIOservice into a context  which must be forbidden
2023-05-11 15:31:16,323 [WARN] ModelIntegratedComponent:63 - No mode defined for component null
2023-05-11 15:31:16,323 [WARN] ModelIntegratedComponent:63 - No mode defined for component null
2023-05-11 15:31:16,324 [WARN] ModelIntegratedComponent:63 - No mode defined for component null
2023-05-11 15:31:16,324 [WARN] ModelIntegratedComponent:63 - No mode defined for component null
2023-05-11 15:31:16,324 [WARN] ModelIntegratedComponent:63 - No mode defined for component null
2023-05-11 15:31:16,324 [WARN] ModelIntegratedComponent:63 - No mode defined for component null
2023-05-11 15:31:16,324 [WARN] ModelIntegratedComponent:63 - No mode defined for component null
2023-05-11 15:31:16,324 [WARN] ModelIntegratedComponent:63 - No mode defined for component null
2023-05-11 15:31:16,324 [WARN] ModelIntegratedComponent:63 - No mode defined for component null
2023-05-11 15:31:16,324 [WARN] ModelIntegratedComponent:63 - No mode defined for component null
2023-05-11 15:31:16,324 [WARN] ModelIntegratedComponent:63 - No mode defined for component null
2023-05-11 15:31:16,324 [WARN] ModelIntegratedComponent:63 - No mode defined for component null
2023-05-11 15:31:16,324 [WARN] ModelIntegratedComponent:63 - No mode defined for component null
2023-05-11 15:31:16,324 [WARN] ModelIntegratedComponent:63 - No mode defined for component null
2023-05-11 15:31:16,324 [WARN] ModelIntegratedComponent:63 - No mode defined for component null
2023-05-11 15:31:16,324 [WARN] ModelIntegratedComponent:63 - No mode defined for component null
2023-05-11 15:31:16,324 [WARN] ModelIntegratedComponent:63 - No mode defined for component null
2023-05-11 15:31:16,324 [WARN] ModelIntegratedComponent:63 - No mode defined for component null
2023-05-11 15:31:16,324 [WARN] ModelIntegratedComponent:63 - No mode defined for component null
2023-05-11 15:31:16,325 [WARN] ModelIntegratedComponent:63 - No mode defined for component null
2023-05-11 15:31:16,325 [WARN] ModelIntegratedComponent:63 - No mode defined for component null
2023-05-11 15:31:16,325 [WARN] ModelIntegratedComponent:63 - No mode defined for component null
2023-05-11 15:31:16,325 [WARN] ModelIntegratedComponent:63 - No mode defined for component null
2023-05-11 15:31:16,325 [WARN] ModelIntegratedComponent:63 - No mode defined for component null
2023-05-11 15:31:16,325 [WARN] ModelIntegratedComponent:63 - No mode defined for component null
2023-05-11 15:31:16,325 [WARN] ModelIntegratedComponent:63 - No mode defined for component null
2023-05-11 15:31:16,325 [WARN] ModelIntegratedComponent:63 - No mode defined for component null
2023-05-11 15:31:16,325 [WARN] ModelIntegratedComponent:63 - No mode defined for component null
2023-05-11 15:31:16,325 [WARN] ModelIntegratedComponent:63 - No mode defined for component null
2023-05-11 15:31:16,325 [WARN] ModelIntegratedComponent:63 - No mode defined for component null
2023-05-11 15:31:16,325 [WARN] ModelIntegratedComponent:63 - No mode defined for component null
2023-05-11 15:31:16,325 [WARN] ModelIntegratedComponent:63 - No mode defined for component null
2023-05-11 15:31:16,326 [WARN] ModelIntegratedComponent:63 - No mode defined for component null
2023-05-11 15:31:16,408 [INFO] RtosManager:555 - Registered RTOS mode: class=CMSIS, group=RTOS, mode=CMSIS_V1, owner=FREERTOS
2023-05-11 15:31:16,408 [INFO] RtosManager:555 - Registered RTOS mode: class=CMSIS, group=RTOS2, mode=CMSIS_V2, owner=FREERTOS
2023-05-11 15:31:16,409 [INFO] RtosManager:555 - Registered RTOS mode: class=RTOS, group=Core, mode=CMSIS_V1, owner=FREERTOS
2023-05-11 15:31:16,409 [INFO] RtosManager:555 - Registered RTOS mode: class=RTOS, group=Core, mode=CMSIS_V2, owner=FREERTOS
2023-05-11 15:31:16,409 [WARN] ModelIntegratedComponent:184 - Missing modes for component STMicroelectronics:FreeRTOS:0.0.1:STMicroelectronics:RTOS:FreeRTOS:Core:::10.2.0:
2023-05-11 15:31:16,426 [INFO] ThirdPartyModel:298 - Start build external matchings
2023-05-11 15:31:16,477 [INFO] ThirdPartyModel:316 - End build external matchings
2023-05-11 15:31:16,489 [INFO] ImportTextPane:194 - (OptionalMessage_ERROR) IP (RCC) : Invalid parameter (48MHZClocksFreq_Value)
2023-05-11 15:31:16,489 [INFO] ImportTextPane:194 - (OptionalMessage_ERROR) IP (RCC) : Invalid parameter (EthernetFreq_Value)
2023-05-11 15:31:16,493 [INFO] ImportTextPane:194 - (OptionalMessage_ERROR) IP (RCC) : Parameter (FLatency) has Id (AdvancedSettings) currently not set
2023-05-11 15:31:16,494 [INFO] ImportTextPane:194 - (OptionalMessage_ERROR) IP (RCC) : Invalid parameter (FamilyName)
2023-05-11 15:31:16,494 [INFO] ImportTextPane:194 - (OptionalMessage_ERROR) IP (RCC) : Invalid parameter (I2SClocksFreq_Value)
2023-05-11 15:31:16,495 [INFO] ImportTextPane:194 - (OptionalMessage_ERROR) IP (RCC) : Parameter (SDIOFreq_Value) has invalid value (168000000)
2023-05-11 15:31:16,495 [INFO] ImportTextPane:194 - (OptionalMessage_ERROR) IP (RCC) : Parameter (USBFreq_Value) has invalid value (168000000)
2023-05-11 15:31:16,495 [INFO] ImportTextPane:194 - (OptionalMessage_ERROR) IP (RCC) : Invalid parameter (VCOInputMFreq_Value)
2023-05-11 15:31:16,495 [INFO] ImportTextPane:194 - (OptionalMessage_ERROR) IP (RCC) : Invalid parameter (VcooutputI2S)
2023-05-11 15:31:16,639 [INFO] UtilMem:75 - End LoadConfig() Used Memory: 220795616 Bytes (421527552)
2023-05-11 15:31:16,718 [INFO] ApiDb:581 - Connected to CubeFinder SQLite database (/home/vasundhra/.stmcufinder/plugins/mcufinder/mcu/cube-finder-db.db)
2023-05-11 15:31:16,771 [INFO] ApiDb:668 - CubeFinder database Data Model version=2.1
2023-05-11 15:31:16,772 [INFO] ApiDb:669 - CubeFinder database Configuration version=3.0.35
2023-05-11 15:31:16,772 [INFO] ApiDb:670 - CubeFinder database generation date=2023-04-03 (1680511692)
2023-05-11 15:31:16,772 [INFO] ApiDb:671 - CubeFinder database FW Pack versions=[FP-ATR-ASTRA1_V2.0.0, STM32Cube_FW_C0_V1.0.1, STM32Cube_FW_F0_V1.11.4, STM32Cube_FW_F3_V1.11.4, STM32Cube_FW_F4_V1.27.1, STM32Cube_FW_F7_V1.17.0, STM32Cube_FW_G0_V1.6.1, STM32Cube_FW_G4_V1.5.1, STM32Cube_FW_H5_V0.5.1, STM32Cube_FW_H5_V1.0.0, STM32Cube_FW_H7_V1.11.0, STM32Cube_FW_L0_V1.12.2, STM32Cube_FW_L5_V1.5.0, STM32Cube_FW_U5_V1.2.0, STM32Cube_FW_WBA_V1.0.0, STM32Cube_FW_WBA_V1.0.0RC1, STM32Cube_FW_WBA_V1.0.0RC3, STM32Cube_FW_WB_V1.15.0RC1, STM32Cube_FW_WB_V1.16.0, STM32Cube_FW_WB_V1.16.0RC2, STM32Cube_FW_WL_V1.3.0, X-CUBE-ALGOBUILD_V1.3.0, X-CUBE-ALS_V1.0.1, X-CUBE-AZRTOS-F4_V1.1.0, X-CUBE-AZRTOS-F7_V1.1.0, X-CUBE-AZRTOS-G0_V1.1.0, X-CUBE-AZRTOS-G4_V1.0.0, X-CUBE-AZRTOS-H7_V3.0.0, X-CUBE-AZRTOS-L4_V1.0.0, X-CUBE-AZRTOS-L5_V1.1.0, X-CUBE-AZRTOS-WB_V1.1.0, X-CUBE-AZRTOS-WL_V1.0.0, X-CUBE-BLE1_V6.2.4, X-CUBE-BLE2_V3.3.0, X-CUBE-BLEMGR_V1.3.0, X-CUBE-EEPRMA1_V4.1.0, X-CUBE-FREERTOS_V1.0.1, X-CUBE-GNSS1_V6.0.0, X-CUBE-MEMS1_V9.1.0, X-CUBE-MEMS1_V9.4.0, X-CUBE-MEMS1_V9.5.0, X-CUBE-NFC4_V3.0.0, X-CUBE-NFC7_V1.0.0, X-CUBE-SFXS2LP1_V4.0.0, X-CUBE-SUBG2_V5.0.0]
2023-05-11 15:31:18,248 [INFO] ApiDb:240 - Found 297 in-development CPN: [B-G473E-ZEST1S, B-WB1M-WPAN1, B-WL5M-SUBG1, NUCLEO-C031C6, NUCLEO-H503RB, NUCLEO-H563ZI, NUCLEO-U545RE-Q, NUCLEO-U5A5ZJ-Q, NUCLEO-WBA52CG, STEVAL-PROTEUS1, STEVAL-STWINBX1, STM320518-EVAL, STM32C0116-DK, STM32C011D6Y3TR, STM32C011D6Y6TR, STM32C011F4P3, STM32C011F4P6, STM32C011F4U3, STM32C011F4U6TR, STM32C011F6P3, STM32C011F6P6, STM32C011F6U3, STM32C011F6U6TR, STM32C011J4M3, STM32C011J4M6, STM32C011J6M3, STM32C011J6M6, STM32C0316-DK, STM32C031C4T3, STM32C031C4T6, STM32C031C4U3, STM32C031C4U6, STM32C031C6T3, STM32C031C6T6, STM32C031C6U3, STM32C031C6U6, STM32C031F4P3, STM32C031F4P6, STM32C031F6P3, STM32C031F6P6, STM32C031G4U3, STM32C031G4U6, STM32C031G6U3, STM32C031G6U6, STM32C031K4T3, STM32C031K4T6, STM32C031K4U3, STM32C031K4U6, STM32C031K6T3, STM32C031K6T6, STM32C031K6U3, STM32C031K6U6, STM32G071K8TXN, STM32G071K8UXN, STM32G081GBU6N, STM32G081KBT6N, STM32G081KBUXN, STM32G0B1CCT6N, STM32G0B1KCT6, STM32G0B1NEY6TR, STM32G0B1RCT6N, STM32G0C1CCT6, STM32G0C1CCT6N, STM32G0C1CCU6N, STM32G0C1CET6N, STM32G0C1CEU6N, STM32G0C1KCT6, STM32G0C1NEY6TR, STM32G0C1RCI6N, STM32G0C1RCT6N, STM32G0C1REI6N, STM32G0C1RET6N, STM32G0C1VCI6, STM32G0C1VEI6, STM32G471CCT6, STM32G471CCU6, STM32G471CET3, STM32G471CET6, STM32G471CEU3, STM32G471CEU6, STM32G471MCT6, STM32G471MET3, STM32G471MET6, STM32G471MEY6TR, STM32G471QCT6, STM32G471QET3, STM32G471RCT6, STM32G471RET3, STM32G471RET6, STM32G471VCH6, STM32G471VCI6, STM32G471VCT6, STM32G471VEH3, STM32G471VEH6, STM32G471VEI3, STM32G471VEI6, STM32G471VET3, STM32G471VET6, STM32G474CCT6, STM32H503CBT6, STM32H503CBU6, STM32H503EBY6TR, STM32H503KBU6, STM32H503RBT6, STM32H562AGI6, STM32H562AII6, STM32H562IGK6, STM32H562IGT6, STM32H562IIK6, STM32H562IIT6, STM32H562RGT6, STM32H562RGV6, STM32H562RIT6, STM32H562RIV6, STM32H562VGT6, STM32H562VIT6, STM32H562ZGT6, STM32H562ZIT6, STM32H563AGI6, STM32H563AII3Q, STM32H563AII6, STM32H563IGK6, STM32H563IGT6, STM32H563IIK3Q, STM32H563IIK6, STM32H563IIT3Q, STM32H563IIT6, STM32H563MIY3QTR, STM32H563RGT6, STM32H563RGV6, STM32H563RIT6, STM32H563RIV6, STM32H563VGT6, STM32H563VIT3Q, STM32H563VIT6, STM32H563ZGT6, STM32H563ZIT3Q, STM32H563ZIT6, STM32H573AII3Q, STM32H573AII6, STM32H573I-DK, STM32H573IIK3Q, STM32H573IIK6, STM32H573IIT3Q, STM32H573IIT6, STM32H573MIY3QTR, STM32H573RIT6, STM32H573RIV6, STM32H573VIT3Q, STM32H573VIT6, STM32H573ZIT3Q, STM32H573ZIT6, STM32L4R5QGI6STR, STM32MP131AAE3, STM32MP131AAF3, STM32MP131AAG3, STM32MP131CAE3, STM32MP131CAF3, STM32MP131CAG3, STM32MP131DAE7, STM32MP131DAF7, STM32MP131DAG7, STM32MP131FAE7, STM32MP131FAF7, STM32MP131FAG7, STM32MP133AAE3, STM32MP133AAF3, STM32MP133AAG3, STM32MP133CAE3, STM32MP133CAF3, STM32MP133CAG3, STM32MP133DAE7, STM32MP133DAF7, STM32MP133DAG7, STM32MP133FAE7, STM32MP133FAF7, STM32MP133FAG7, STM32MP135AAE3, STM32MP135AAF3, STM32MP135AAG3, STM32MP135CAE3, STM32MP135CAF3, STM32MP135CAG3, STM32MP135DAE7, STM32MP135DAF7, STM32MP135DAG7, STM32MP135F-DK, STM32MP135FAE7, STM32MP135FAF7, STM32MP135FAF7T, STM32MP135FAF7U, STM32MP135FAG7, STM32U535CBT6, STM32U535CBT6Q, STM32U535CBU6, STM32U535CBU6Q, STM32U535CCT6, STM32U535CCT6Q, STM32U535CCU6, STM32U535CCU6Q, STM32U535CET6, STM32U535CET6Q, STM32U535CEU6, STM32U535CEU6Q, STM32U535JEY6QTR, STM32U535NCY6QTR, STM32U535NEY6QTR, STM32U535RBI6, STM32U535RBI6Q, STM32U535RBT6, STM32U535RBT6Q, STM32U535RCI6, STM32U535RCI6Q, STM32U535RCT6, STM32U535RCT6Q, STM32U535REI6, STM32U535REI6Q, STM32U535RET6, STM32U535RET6Q, STM32U535VCI6, STM32U535VCI6Q, STM32U535VCT6, STM32U535VCT6Q, STM32U535VEI6, STM32U535VEI6Q, STM32U535VET6, STM32U535VET6Q, STM32U545CET6, STM32U545CET6Q, STM32U545CEU6, STM32U545CEU6Q, STM32U545JEY6QTR, STM32U545NEY6QTR, STM32U545REI6, STM32U545REI6Q, STM32U545RET6, STM32U545RET6Q, STM32U545VEI6, STM32U545VEI6Q, STM32U545VET6, STM32U545VET6Q, STM32U595AIH6, STM32U595AIH6Q, STM32U595AJH6, STM32U595AJH6Q, STM32U595QII6, STM32U595QII6Q, STM32U595QJI6, STM32U595QJI6Q, STM32U595RIT6, STM32U595RIT6Q, STM32U595RJT6, STM32U595RJT6Q, STM32U595VIT6, STM32U595VIT6Q, STM32U595VJT6, STM32U595VJT6Q, STM32U595ZIT6, STM32U595ZIT6Q, STM32U595ZIY6QTR, STM32U595ZJT6, STM32U595ZJT6Q, STM32U595ZJY6QTR, STM32U599BJY6QTR, STM32U599NIH6Q, STM32U599NJH6Q, STM32U599VIT6Q, STM32U599VJT6, STM32U599VJT6Q, STM32U599ZIT6Q, STM32U599ZIY6QTR, STM32U599ZJT6Q, STM32U599ZJY6QTR, STM32U5A5AJH6, STM32U5A5AJH6Q, STM32U5A5QJI6, STM32U5A5QJI6Q, STM32U5A5RJT6, STM32U5A5RJT6Q, STM32U5A5VJT6, STM32U5A5VJT6Q, STM32U5A5ZJT6, STM32U5A5ZJT6Q, STM32U5A5ZJY6QTR, STM32U5A9BJY6QTR, STM32U5A9J-DK, STM32U5A9NJH6Q, STM32U5A9VJT6Q, STM32U5A9ZJT6Q, STM32U5A9ZJY6QTR, STM32WB1MMCH6, STM32WBA52CEU6, STM32WBA52CEU6T, STM32WBA52CGU6, STM32WBA52CGU6T, STM32WL5MOCH6, STM32WL5MOCH6TR]
2023-05-11 15:31:18,251 [INFO] DbMcus:216 - Found 3775 MCUs, 3775 are supported
2023-05-11 15:31:18,252 [INFO] ApiDb:423 - Load user favorites file /home/vasundhra/.stm32cubeide/favorites.mcus.txt: 0 item(s)
2023-05-11 15:31:18,252 [INFO] ApiDb:427 - User favorites MCUs=[]
2023-05-11 15:31:18,253 [INFO] DbMcus:222 - Set 0 / 0 favorites MCUs
2023-05-11 15:31:18,574 [WARN] ThirdParty:833 - waiting for thirdparty lock release [change project]
2023-05-11 15:31:18,574 [INFO] ThirdParty:835 - entering critical section [change project]
2023-05-11 15:31:18,574 [INFO] ThirdParty:1030 - CMSIS Pack Vendor :STMicroelectronics X-CUBE-ISPU 1.1.0
2023-05-11 15:31:18,575 [INFO] ThirdParty:1030 - CMSIS Pack Vendor :STMicroelectronics X-CUBE-DISPLAY 3.0.0
2023-05-11 15:31:18,575 [INFO] ThirdParty:1030 - CMSIS Pack Vendor :STMicroelectronics X-CUBE-GNSS1 6.0.0
2023-05-11 15:31:18,575 [INFO] ThirdParty:1030 - CMSIS Pack Vendor :STMicroelectronics USB_HOST 2.0.0
2023-05-11 15:31:18,575 [INFO] ThirdParty:1030 - CMSIS Pack Vendor :STMicroelectronics LIBJPEG 8.0.0
2023-05-11 15:31:18,575 [INFO] ThirdParty:1030 - CMSIS Pack Vendor :STMicroelectronics FP-ATR-SIGFOX1 3.2.0
2023-05-11 15:31:18,575 [INFO] ThirdParty:1030 - CMSIS Pack Vendor :STMicroelectronics USB_DEVICE 3.0.0
2023-05-11 15:31:18,575 [INFO] ThirdParty:1030 - CMSIS Pack Vendor :STMicroelectronics HAL Drivers 0.0.0
2023-05-11 15:31:18,575 [INFO] ThirdParty:1030 - CMSIS Pack Vendor :STMicroelectronics MBEDTLS 2.16.2
2023-05-11 15:31:18,575 [INFO] ThirdParty:1030 - CMSIS Pack Vendor :STMicroelectronics X-CUBE-AI 8.0.0
2023-05-11 15:31:18,575 [INFO] ThirdParty:1030 - CMSIS Pack Vendor :STMicroelectronics MBEDTLS 2.14.1
2023-05-11 15:31:18,575 [INFO] ThirdParty:1030 - CMSIS Pack Vendor :STMicroelectronics X-CUBE-NFC7 1.0.0
2023-05-11 15:31:18,575 [INFO] ThirdParty:1030 - CMSIS Pack Vendor :STMicroelectronics X-CUBE-EEPRMA1 4.1.0
2023-05-11 15:31:18,575 [INFO] ThirdParty:1030 - CMSIS Pack Vendor :STMicroelectronics X-CUBE-ALS 1.0.1
2023-05-11 15:31:18,575 [INFO] ThirdParty:1030 - CMSIS Pack Vendor :STMicroelectronics USB_DEVICE 2.0.0
2023-05-11 15:31:18,575 [INFO] ThirdParty:1030 - CMSIS Pack Vendor :STMicroelectronics X-CUBE-MEMS1 9.5.0
2023-05-11 15:31:18,575 [INFO] ThirdParty:1030 - CMSIS Pack Vendor :STMicroelectronics ThreadX 1.0.0
2023-05-11 15:31:18,575 [INFO] ThirdParty:1030 - CMSIS Pack Vendor :STMicroelectronics X-CUBE-ALGOBUILD 1.3.0
2023-05-11 15:31:18,575 [INFO] ThirdParty:1030 - CMSIS Pack Vendor :STMicroelectronics X-CUBE-BLE1 6.2.4
2023-05-11 15:31:18,576 [INFO] ThirdParty:1030 - CMSIS Pack Vendor :STMicroelectronics FreeRTOS 0.0.1
2023-05-11 15:31:18,576 [INFO] ThirdParty:1030 - CMSIS Pack Vendor :STMicroelectronics USB_DEVICE 1.0.0
2023-05-11 15:31:18,576 [INFO] ThirdParty:1030 - CMSIS Pack Vendor :STMicroelectronics X-CUBE-SUBG2 5.0.0
2023-05-11 15:31:18,576 [INFO] ThirdParty:1030 - CMSIS Pack Vendor :STMicroelectronics X-CUBE-NFC4 3.0.0
2023-05-11 15:31:18,576 [INFO] ThirdParty:1030 - CMSIS Pack Vendor :STMicroelectronics STM32_WPAN 1.0.0
2023-05-11 15:31:18,576 [INFO] ThirdParty:1030 - CMSIS Pack Vendor :STMicroelectronics ThreadX 0.0.2
2023-05-11 15:31:18,576 [INFO] ThirdParty:1030 - CMSIS Pack Vendor :STMicroelectronics lwIP 2.1.2
2023-05-11 15:31:18,576 [INFO] ThirdParty:1030 - CMSIS Pack Vendor :STMicroelectronics lwIP 2.0.3
2023-05-11 15:31:18,576 [INFO] ThirdParty:1030 - CMSIS Pack Vendor :STMicroelectronics X-CUBE-SFXS2LP1 4.0.0
2023-05-11 15:31:18,576 [INFO] ThirdParty:1030 - CMSIS Pack Vendor :STMicroelectronics X-CUBE-BLE2 3.3.0
2023-05-11 15:31:18,576 [INFO] ThirdParty:1030 - CMSIS Pack Vendor :STMicroelectronics USB_HOST 1.0.0
2023-05-11 15:31:18,576 [INFO] ThirdParty:1030 - CMSIS Pack Vendor :STMicroelectronics PDM2PCM 3.1.0
2023-05-11 15:31:18,576 [INFO] ThirdParty:1030 - CMSIS Pack Vendor :STMicroelectronics FP-ATR-ASTRA1 1.1.1
2023-05-11 15:31:18,576 [INFO] ThirdParty:1030 - CMSIS Pack Vendor :STMicroelectronics PDM2PCM 3.2.0
2023-05-11 15:31:18,576 [INFO] ThirdParty:1030 - CMSIS Pack Vendor :STMicroelectronics PDM2PCM 3.3.0
2023-05-11 15:31:18,576 [INFO] ThirdParty:841 - exiting critical section [change project]
2023-05-11 15:31:18,964 [INFO] PinOutPanel:1499 - setPackage(No Configuration,No Configuration)
2023-05-11 15:31:18,965 [INFO] PinOutPanel:1499 - setPackage(STM32F446RETx,LQFP64)
2023-05-11 15:31:19,344 [INFO] UtilMem:75 - Before build in PCC Used Memory: 317465888 Bytes (493879296)
2023-05-11 15:31:19,798 [INFO] UtilMem:75 - After build in PCC Used Memory: 292703592 Bytes (493879296)
2023-05-11 15:31:19,819 [INFO] IPUIPlugin:80 - create IPUIPlugin
2023-05-11 15:31:19,820 [INFO] IPUIPlugin:80 - create IPUIPlugin
2023-05-11 15:31:19,820 [INFO] IPUIPlugin:80 - create IPUIPlugin
2023-05-11 15:31:19,820 [INFO] IPUIPlugin:80 - create IPUIPlugin
2023-05-11 15:31:19,820 [INFO] IPUIPlugin:80 - create IPUIPlugin
2023-05-11 15:31:19,820 [INFO] IPUIPlugin:80 - create IPUIPlugin
2023-05-11 15:31:19,820 [INFO] IPUIPlugin:80 - create IPUIPlugin
2023-05-11 15:31:19,820 [INFO] IPUIPlugin:80 - create IPUIPlugin
2023-05-11 15:31:19,820 [INFO] IPUIPlugin:80 - create IPUIPlugin
2023-05-11 15:31:19,820 [INFO] IPUIPlugin:80 - create IPUIPlugin
2023-05-11 15:31:19,820 [INFO] IPUIPlugin:80 - create IPUIPlugin
2023-05-11 15:31:19,820 [INFO] IPUIPlugin:80 - create IPUIPlugin
2023-05-11 15:31:19,821 [INFO] IPUIPlugin:80 - create IPUIPlugin
2023-05-11 15:31:19,821 [INFO] IPUIPlugin:80 - create IPUIPlugin
2023-05-11 15:31:19,821 [INFO] IPUIPlugin:80 - create IPUIPlugin
2023-05-11 15:31:19,821 [INFO] IPUIPlugin:80 - create IPUIPlugin
2023-05-11 15:31:19,821 [INFO] IPUIPlugin:80 - create IPUIPlugin
2023-05-11 15:31:19,821 [INFO] IPUIPlugin:80 - create IPUIPlugin
2023-05-11 15:31:19,821 [INFO] IPUIPlugin:80 - create IPUIPlugin
2023-05-11 15:31:19,821 [INFO] IPUIPlugin:80 - create IPUIPlugin
2023-05-11 15:31:19,821 [INFO] IPUIPlugin:80 - create IPUIPlugin
2023-05-11 15:31:19,822 [INFO] IPUIPlugin:80 - create IPUIPlugin
2023-05-11 15:31:19,822 [INFO] IPUIPlugin:80 - create IPUIPlugin
2023-05-11 15:31:19,822 [INFO] IPUIPlugin:80 - create IPUIPlugin
2023-05-11 15:31:19,822 [INFO] IPUIPlugin:80 - create IPUIPlugin
2023-05-11 15:31:19,822 [INFO] IPUIPlugin:80 - create IPUIPlugin
2023-05-11 15:31:19,822 [INFO] IPUIPlugin:80 - create IPUIPlugin
2023-05-11 15:31:19,822 [INFO] IPUIPlugin:80 - create IPUIPlugin
2023-05-11 15:31:19,823 [INFO] IPUIPlugin:80 - create IPUIPlugin
2023-05-11 15:31:19,823 [INFO] IPUIPlugin:80 - create IPUIPlugin
2023-05-11 15:31:19,823 [INFO] IPUIPlugin:80 - create IPUIPlugin
2023-05-11 15:31:19,823 [INFO] IPUIPlugin:80 - create IPUIPlugin
2023-05-11 15:31:19,823 [INFO] IPUIPlugin:80 - create IPUIPlugin
2023-05-11 15:31:19,823 [INFO] IPUIPlugin:80 - create IPUIPlugin
2023-05-11 15:31:19,823 [INFO] IPUIPlugin:80 - create IPUIPlugin
2023-05-11 15:31:19,823 [INFO] IPUIPlugin:80 - create IPUIPlugin
2023-05-11 15:31:19,823 [INFO] IPUIPlugin:80 - create IPUIPlugin
2023-05-11 15:31:19,824 [INFO] IPUIPlugin:80 - create IPUIPlugin
2023-05-11 15:31:19,824 [INFO] IPUIPlugin:80 - create IPUIPlugin
2023-05-11 15:31:19,824 [INFO] IPUIPlugin:80 - create IPUIPlugin
2023-05-11 15:31:19,824 [INFO] IPUIPlugin:80 - create IPUIPlugin
2023-05-11 15:31:19,824 [INFO] IPUIPlugin:80 - create IPUIPlugin
2023-05-11 15:31:19,824 [INFO] IPUIPlugin:80 - create IPUIPlugin
2023-05-11 15:31:19,824 [INFO] IPUIPlugin:80 - create IPUIPlugin
2023-05-11 15:31:19,824 [INFO] IPUIPlugin:80 - create IPUIPlugin
2023-05-11 15:31:19,824 [INFO] IPUIPlugin:80 - create IPUIPlugin
2023-05-11 15:31:19,824 [INFO] IPUIPlugin:80 - create IPUIPlugin
2023-05-11 15:31:19,824 [INFO] IPUIPlugin:80 - create IPUIPlugin
2023-05-11 15:31:19,824 [INFO] IPUIPlugin:80 - create IPUIPlugin
2023-05-11 15:31:19,824 [INFO] IPUIPlugin:80 - create IPUIPlugin
2023-05-11 15:31:19,825 [INFO] IPUIPlugin:80 - create IPUIPlugin
2023-05-11 15:31:19,825 [INFO] IPUIPlugin:80 - create IPUIPlugin
2023-05-11 15:31:19,825 [INFO] IPUIPlugin:80 - create IPUIPlugin
2023-05-11 15:31:19,825 [INFO] IPUIPlugin:80 - create IPUIPlugin
2023-05-11 15:31:19,825 [INFO] IPUIPlugin:80 - create IPUIPlugin
2023-05-11 15:31:19,825 [INFO] IPUIPlugin:80 - create IPUIPlugin
2023-05-11 15:31:19,825 [INFO] IPUIPlugin:80 - create IPUIPlugin
2023-05-11 15:31:19,826 [INFO] IPUIPlugin:80 - create IPUIPlugin
2023-05-11 15:31:19,826 [INFO] IPUIPlugin:80 - create IPUIPlugin
2023-05-11 15:31:19,827 [INFO] IPUIPlugin:80 - create IPUIPlugin
2023-05-11 15:31:19,857 [INFO] ApiDbMcu:507 - Load IP Config File for PDM2PCM
2023-05-11 15:31:20,013 [INFO] CADModel:165 - CPN selected for project levelSTM32F446RET6
2023-05-11 15:31:20,014 [INFO] CADModel:114 - Register for checkConnection events
2023-05-11 15:31:20,054 [INFO] OpenFileManager:328 - Restore cursor
2023-05-11 17:09:00,217 [INFO] MainUpdater:2854 - connection check result : 10
2023-05-11 17:09:00,217 [INFO] MainUpdater:2854 - connection check result : 10
2023-05-11 17:09:00,639 [INFO] MicroXplorer:468 - Change Database Path : 
2023-05-11 17:09:00,639 [INFO] MicroXplorer:498 - Change Database Version : DB.6.0.80
2023-05-11 17:09:00,671 [WARN] ThirdParty:871 - waiting for thirdparty lock release [close project]
2023-05-11 17:09:00,671 [INFO] ThirdParty:873 - entering critical section [close project]
2023-05-11 17:09:00,671 [INFO] ThirdParty:883 - exiting critical section [close project]
2023-05-11 17:09:00,672 [INFO] PinOutPanel:1499 - setPackage(No Configuration,No Configuration)
2023-05-11 17:09:00,686 [WARN] IpParametersView:150 - Warning: This peripheral hasn't parameters
2023-05-11 17:09:00,699 [WARN] MainPanel:257 - <html><b><center>Warning: This peripheral has no parameters to be configured<br></b></html>
2023-05-11 17:09:00,716 [INFO] UtilMem:75 - Begin LoadConfig() Used Memory: 326367296 Bytes (599785472)
2023-05-11 17:09:00,716 [INFO] MicroXplorer:468 - Change Database Path : 
2023-05-11 17:09:00,716 [INFO] MicroXplorer:498 - Change Database Version : DB.6.0.80
2023-05-11 17:09:00,717 [INFO] OpenFileManager:308 - Change cursor
2023-05-11 17:09:00,723 [INFO] Mcu:1937 - Initializing MCU STM32F446R(C-E)Tx STM32F446RETx STM32F446RET6
2023-05-11 17:09:01,487 [INFO] Context:659 - Trying to add GPIOservice into a context  which must be forbidden
2023-05-11 17:09:01,791 [WARN] ModelIntegratedComponent:63 - No mode defined for component null
2023-05-11 17:09:01,791 [WARN] ModelIntegratedComponent:63 - No mode defined for component null
2023-05-11 17:09:01,791 [WARN] ModelIntegratedComponent:63 - No mode defined for component null
2023-05-11 17:09:01,791 [WARN] ModelIntegratedComponent:63 - No mode defined for component null
2023-05-11 17:09:01,791 [WARN] ModelIntegratedComponent:63 - No mode defined for component null
2023-05-11 17:09:01,791 [WARN] ModelIntegratedComponent:63 - No mode defined for component null
2023-05-11 17:09:01,791 [WARN] ModelIntegratedComponent:63 - No mode defined for component null
2023-05-11 17:09:01,792 [WARN] ModelIntegratedComponent:63 - No mode defined for component null
2023-05-11 17:09:01,792 [WARN] ModelIntegratedComponent:63 - No mode defined for component null
2023-05-11 17:09:01,792 [WARN] ModelIntegratedComponent:63 - No mode defined for component null
2023-05-11 17:09:01,792 [WARN] ModelIntegratedComponent:63 - No mode defined for component null
2023-05-11 17:09:01,792 [WARN] ModelIntegratedComponent:63 - No mode defined for component null
2023-05-11 17:09:01,792 [WARN] ModelIntegratedComponent:63 - No mode defined for component null
2023-05-11 17:09:01,792 [WARN] ModelIntegratedComponent:63 - No mode defined for component null
2023-05-11 17:09:01,792 [WARN] ModelIntegratedComponent:63 - No mode defined for component null
2023-05-11 17:09:01,792 [WARN] ModelIntegratedComponent:63 - No mode defined for component null
2023-05-11 17:09:01,792 [WARN] ModelIntegratedComponent:63 - No mode defined for component null
2023-05-11 17:09:01,792 [WARN] ModelIntegratedComponent:63 - No mode defined for component null
2023-05-11 17:09:01,792 [WARN] ModelIntegratedComponent:63 - No mode defined for component null
2023-05-11 17:09:01,792 [WARN] ModelIntegratedComponent:63 - No mode defined for component null
2023-05-11 17:09:01,792 [WARN] ModelIntegratedComponent:63 - No mode defined for component null
2023-05-11 17:09:01,792 [WARN] ModelIntegratedComponent:63 - No mode defined for component null
2023-05-11 17:09:01,792 [WARN] ModelIntegratedComponent:63 - No mode defined for component null
2023-05-11 17:09:01,792 [WARN] ModelIntegratedComponent:63 - No mode defined for component null
2023-05-11 17:09:01,792 [WARN] ModelIntegratedComponent:63 - No mode defined for component null
2023-05-11 17:09:01,793 [WARN] ModelIntegratedComponent:63 - No mode defined for component null
2023-05-11 17:09:01,793 [WARN] ModelIntegratedComponent:63 - No mode defined for component null
2023-05-11 17:09:01,793 [WARN] ModelIntegratedComponent:63 - No mode defined for component null
2023-05-11 17:09:01,793 [WARN] ModelIntegratedComponent:63 - No mode defined for component null
2023-05-11 17:09:01,793 [WARN] ModelIntegratedComponent:63 - No mode defined for component null
2023-05-11 17:09:01,793 [WARN] ModelIntegratedComponent:63 - No mode defined for component null
2023-05-11 17:09:01,793 [WARN] ModelIntegratedComponent:63 - No mode defined for component null
2023-05-11 17:09:01,793 [WARN] ModelIntegratedComponent:63 - No mode defined for component null
2023-05-11 17:09:01,898 [INFO] RtosManager:555 - Registered RTOS mode: class=CMSIS, group=RTOS, mode=CMSIS_V1, owner=FREERTOS
2023-05-11 17:09:01,899 [INFO] RtosManager:555 - Registered RTOS mode: class=CMSIS, group=RTOS2, mode=CMSIS_V2, owner=FREERTOS
2023-05-11 17:09:01,899 [INFO] RtosManager:555 - Registered RTOS mode: class=RTOS, group=Core, mode=CMSIS_V1, owner=FREERTOS
2023-05-11 17:09:01,899 [INFO] RtosManager:555 - Registered RTOS mode: class=RTOS, group=Core, mode=CMSIS_V2, owner=FREERTOS
2023-05-11 17:09:01,899 [WARN] ModelIntegratedComponent:184 - Missing modes for component STMicroelectronics:FreeRTOS:0.0.1:STMicroelectronics:RTOS:FreeRTOS:Core:::10.2.0:
2023-05-11 17:09:01,906 [INFO] ThirdPartyModel:298 - Start build external matchings
2023-05-11 17:09:01,954 [INFO] ThirdPartyModel:316 - End build external matchings
2023-05-11 17:09:01,959 [INFO] ImportTextPane:194 - (OptionalMessage_ERROR) IP (RCC) : Invalid parameter (48MHZClocksFreq_Value)
2023-05-11 17:09:01,959 [INFO] ImportTextPane:194 - (OptionalMessage_ERROR) IP (RCC) : Invalid parameter (EthernetFreq_Value)
2023-05-11 17:09:01,960 [INFO] ImportTextPane:194 - (OptionalMessage_ERROR) IP (RCC) : Parameter (FLatency) has Id (AdvancedSettings) currently not set
2023-05-11 17:09:01,960 [INFO] ImportTextPane:194 - (OptionalMessage_ERROR) IP (RCC) : Invalid parameter (FamilyName)
2023-05-11 17:09:01,960 [INFO] ImportTextPane:194 - (OptionalMessage_ERROR) IP (RCC) : Invalid parameter (I2SClocksFreq_Value)
2023-05-11 17:09:01,960 [INFO] ImportTextPane:194 - (OptionalMessage_ERROR) IP (RCC) : Parameter (SDIOFreq_Value) has invalid value (168000000)
2023-05-11 17:09:01,960 [INFO] ImportTextPane:194 - (OptionalMessage_ERROR) IP (RCC) : Parameter (USBFreq_Value) has invalid value (168000000)
2023-05-11 17:09:01,960 [INFO] ImportTextPane:194 - (OptionalMessage_ERROR) IP (RCC) : Invalid parameter (VCOInputMFreq_Value)
2023-05-11 17:09:01,961 [INFO] ImportTextPane:194 - (OptionalMessage_ERROR) IP (RCC) : Invalid parameter (VcooutputI2S)
2023-05-11 17:09:02,062 [INFO] UtilMem:75 - End LoadConfig() Used Memory: 481646632 Bytes (599785472)
2023-05-11 17:09:02,069 [WARN] ThirdParty:833 - waiting for thirdparty lock release [change project]
2023-05-11 17:09:02,070 [INFO] ThirdParty:835 - entering critical section [change project]
2023-05-11 17:09:02,070 [INFO] ThirdParty:1030 - CMSIS Pack Vendor :STMicroelectronics X-CUBE-ISPU 1.1.0
2023-05-11 17:09:02,070 [INFO] ThirdParty:1030 - CMSIS Pack Vendor :STMicroelectronics X-CUBE-DISPLAY 3.0.0
2023-05-11 17:09:02,070 [INFO] ThirdParty:1030 - CMSIS Pack Vendor :STMicroelectronics X-CUBE-GNSS1 6.0.0
2023-05-11 17:09:02,070 [INFO] ThirdParty:1030 - CMSIS Pack Vendor :STMicroelectronics USB_HOST 2.0.0
2023-05-11 17:09:02,070 [INFO] ThirdParty:1030 - CMSIS Pack Vendor :STMicroelectronics LIBJPEG 8.0.0
2023-05-11 17:09:02,070 [INFO] ThirdParty:1030 - CMSIS Pack Vendor :STMicroelectronics FP-ATR-SIGFOX1 3.2.0
2023-05-11 17:09:02,070 [INFO] ThirdParty:1030 - CMSIS Pack Vendor :STMicroelectronics USB_DEVICE 3.0.0
2023-05-11 17:09:02,070 [INFO] ThirdParty:1030 - CMSIS Pack Vendor :STMicroelectronics HAL Drivers 0.0.0
2023-05-11 17:09:02,070 [INFO] ThirdParty:1030 - CMSIS Pack Vendor :STMicroelectronics MBEDTLS 2.16.2
2023-05-11 17:09:02,070 [INFO] ThirdParty:1030 - CMSIS Pack Vendor :STMicroelectronics X-CUBE-AI 8.0.0
2023-05-11 17:09:02,070 [INFO] ThirdParty:1030 - CMSIS Pack Vendor :STMicroelectronics MBEDTLS 2.14.1
2023-05-11 17:09:02,070 [INFO] ThirdParty:1030 - CMSIS Pack Vendor :STMicroelectronics X-CUBE-NFC7 1.0.0
2023-05-11 17:09:02,070 [INFO] ThirdParty:1030 - CMSIS Pack Vendor :STMicroelectronics X-CUBE-EEPRMA1 4.1.0
2023-05-11 17:09:02,070 [INFO] ThirdParty:1030 - CMSIS Pack Vendor :STMicroelectronics X-CUBE-ALS 1.0.1
2023-05-11 17:09:02,070 [INFO] ThirdParty:1030 - CMSIS Pack Vendor :STMicroelectronics USB_DEVICE 2.0.0
2023-05-11 17:09:02,070 [INFO] ThirdParty:1030 - CMSIS Pack Vendor :STMicroelectronics X-CUBE-MEMS1 9.5.0
2023-05-11 17:09:02,070 [INFO] ThirdParty:1030 - CMSIS Pack Vendor :STMicroelectronics ThreadX 1.0.0
2023-05-11 17:09:02,071 [INFO] ThirdParty:1030 - CMSIS Pack Vendor :STMicroelectronics X-CUBE-ALGOBUILD 1.3.0
2023-05-11 17:09:02,071 [INFO] ThirdParty:1030 - CMSIS Pack Vendor :STMicroelectronics X-CUBE-BLE1 6.2.4
2023-05-11 17:09:02,071 [INFO] ThirdParty:1030 - CMSIS Pack Vendor :STMicroelectronics FreeRTOS 0.0.1
2023-05-11 17:09:02,071 [INFO] ThirdParty:1030 - CMSIS Pack Vendor :STMicroelectronics USB_DEVICE 1.0.0
2023-05-11 17:09:02,071 [INFO] ThirdParty:1030 - CMSIS Pack Vendor :STMicroelectronics X-CUBE-SUBG2 5.0.0
2023-05-11 17:09:02,071 [INFO] ThirdParty:1030 - CMSIS Pack Vendor :STMicroelectronics X-CUBE-NFC4 3.0.0
2023-05-11 17:09:02,071 [INFO] ThirdParty:1030 - CMSIS Pack Vendor :STMicroelectronics STM32_WPAN 1.0.0
2023-05-11 17:09:02,071 [INFO] ThirdParty:1030 - CMSIS Pack Vendor :STMicroelectronics ThreadX 0.0.2
2023-05-11 17:09:02,071 [INFO] ThirdParty:1030 - CMSIS Pack Vendor :STMicroelectronics lwIP 2.1.2
2023-05-11 17:09:02,071 [INFO] ThirdParty:1030 - CMSIS Pack Vendor :STMicroelectronics lwIP 2.0.3
2023-05-11 17:09:02,071 [INFO] ThirdParty:1030 - CMSIS Pack Vendor :STMicroelectronics X-CUBE-SFXS2LP1 4.0.0
2023-05-11 17:09:02,071 [INFO] ThirdParty:1030 - CMSIS Pack Vendor :STMicroelectronics X-CUBE-BLE2 3.3.0
2023-05-11 17:09:02,071 [INFO] ThirdParty:1030 - CMSIS Pack Vendor :STMicroelectronics USB_HOST 1.0.0
2023-05-11 17:09:02,071 [INFO] ThirdParty:1030 - CMSIS Pack Vendor :STMicroelectronics PDM2PCM 3.1.0
2023-05-11 17:09:02,071 [INFO] ThirdParty:1030 - CMSIS Pack Vendor :STMicroelectronics FP-ATR-ASTRA1 1.1.1
2023-05-11 17:09:02,071 [INFO] ThirdParty:1030 - CMSIS Pack Vendor :STMicroelectronics PDM2PCM 3.2.0
2023-05-11 17:09:02,071 [INFO] ThirdParty:1030 - CMSIS Pack Vendor :STMicroelectronics PDM2PCM 3.3.0
2023-05-11 17:09:02,071 [INFO] ThirdParty:841 - exiting critical section [change project]
2023-05-11 17:09:02,299 [INFO] PinOutPanel:1499 - setPackage(No Configuration,No Configuration)
2023-05-11 17:09:02,299 [INFO] PinOutPanel:1499 - setPackage(STM32F446RETx,LQFP64)
2023-05-11 17:09:02,556 [INFO] UtilMem:75 - Before build in PCC Used Memory: 263080040 Bytes (599785472)
2023-05-11 17:09:02,756 [INFO] UtilMem:75 - After build in PCC Used Memory: 311840872 Bytes (599785472)
2023-05-11 17:09:02,771 [INFO] IPUIPlugin:80 - create IPUIPlugin
2023-05-11 17:09:02,771 [INFO] IPUIPlugin:80 - create IPUIPlugin
2023-05-11 17:09:02,772 [INFO] IPUIPlugin:80 - create IPUIPlugin
2023-05-11 17:09:02,772 [INFO] IPUIPlugin:80 - create IPUIPlugin
2023-05-11 17:09:02,772 [INFO] IPUIPlugin:80 - create IPUIPlugin
2023-05-11 17:09:02,772 [INFO] IPUIPlugin:80 - create IPUIPlugin
2023-05-11 17:09:02,772 [INFO] IPUIPlugin:80 - create IPUIPlugin
2023-05-11 17:09:02,772 [INFO] IPUIPlugin:80 - create IPUIPlugin
2023-05-11 17:09:02,772 [INFO] IPUIPlugin:80 - create IPUIPlugin
2023-05-11 17:09:02,772 [INFO] IPUIPlugin:80 - create IPUIPlugin
2023-05-11 17:09:02,772 [INFO] IPUIPlugin:80 - create IPUIPlugin
2023-05-11 17:09:02,772 [INFO] IPUIPlugin:80 - create IPUIPlugin
2023-05-11 17:09:02,772 [INFO] IPUIPlugin:80 - create IPUIPlugin
2023-05-11 17:09:02,772 [INFO] IPUIPlugin:80 - create IPUIPlugin
2023-05-11 17:09:02,773 [INFO] IPUIPlugin:80 - create IPUIPlugin
2023-05-11 17:09:02,773 [INFO] IPUIPlugin:80 - create IPUIPlugin
2023-05-11 17:09:02,773 [INFO] IPUIPlugin:80 - create IPUIPlugin
2023-05-11 17:09:02,773 [INFO] IPUIPlugin:80 - create IPUIPlugin
2023-05-11 17:09:02,773 [INFO] IPUIPlugin:80 - create IPUIPlugin
2023-05-11 17:09:02,773 [INFO] IPUIPlugin:80 - create IPUIPlugin
2023-05-11 17:09:02,773 [INFO] IPUIPlugin:80 - create IPUIPlugin
2023-05-11 17:09:02,773 [INFO] IPUIPlugin:80 - create IPUIPlugin
2023-05-11 17:09:02,773 [INFO] IPUIPlugin:80 - create IPUIPlugin
2023-05-11 17:09:02,774 [INFO] IPUIPlugin:80 - create IPUIPlugin
2023-05-11 17:09:02,774 [INFO] IPUIPlugin:80 - create IPUIPlugin
2023-05-11 17:09:02,774 [INFO] IPUIPlugin:80 - create IPUIPlugin
2023-05-11 17:09:02,774 [INFO] IPUIPlugin:80 - create IPUIPlugin
2023-05-11 17:09:02,774 [INFO] IPUIPlugin:80 - create IPUIPlugin
2023-05-11 17:09:02,774 [INFO] IPUIPlugin:80 - create IPUIPlugin
2023-05-11 17:09:02,774 [INFO] IPUIPlugin:80 - create IPUIPlugin
2023-05-11 17:09:02,775 [INFO] IPUIPlugin:80 - create IPUIPlugin
2023-05-11 17:09:02,775 [INFO] IPUIPlugin:80 - create IPUIPlugin
2023-05-11 17:09:02,775 [INFO] IPUIPlugin:80 - create IPUIPlugin
2023-05-11 17:09:02,775 [INFO] IPUIPlugin:80 - create IPUIPlugin
2023-05-11 17:09:02,775 [INFO] IPUIPlugin:80 - create IPUIPlugin
2023-05-11 17:09:02,775 [INFO] IPUIPlugin:80 - create IPUIPlugin
2023-05-11 17:09:02,775 [INFO] IPUIPlugin:80 - create IPUIPlugin
2023-05-11 17:09:02,775 [INFO] IPUIPlugin:80 - create IPUIPlugin
2023-05-11 17:09:02,775 [INFO] IPUIPlugin:80 - create IPUIPlugin
2023-05-11 17:09:02,775 [INFO] IPUIPlugin:80 - create IPUIPlugin
2023-05-11 17:09:02,775 [INFO] IPUIPlugin:80 - create IPUIPlugin
2023-05-11 17:09:02,776 [INFO] IPUIPlugin:80 - create IPUIPlugin
2023-05-11 17:09:02,776 [INFO] IPUIPlugin:80 - create IPUIPlugin
2023-05-11 17:09:02,776 [INFO] IPUIPlugin:80 - create IPUIPlugin
2023-05-11 17:09:02,776 [INFO] IPUIPlugin:80 - create IPUIPlugin
2023-05-11 17:09:02,776 [INFO] IPUIPlugin:80 - create IPUIPlugin
2023-05-11 17:09:02,776 [INFO] IPUIPlugin:80 - create IPUIPlugin
2023-05-11 17:09:02,776 [INFO] IPUIPlugin:80 - create IPUIPlugin
2023-05-11 17:09:02,776 [INFO] IPUIPlugin:80 - create IPUIPlugin
2023-05-11 17:09:02,776 [INFO] IPUIPlugin:80 - create IPUIPlugin
2023-05-11 17:09:02,776 [INFO] IPUIPlugin:80 - create IPUIPlugin
2023-05-11 17:09:02,776 [INFO] IPUIPlugin:80 - create IPUIPlugin
2023-05-11 17:09:02,776 [INFO] IPUIPlugin:80 - create IPUIPlugin
2023-05-11 17:09:02,776 [INFO] IPUIPlugin:80 - create IPUIPlugin
2023-05-11 17:09:02,777 [INFO] IPUIPlugin:80 - create IPUIPlugin
2023-05-11 17:09:02,777 [INFO] IPUIPlugin:80 - create IPUIPlugin
2023-05-11 17:09:02,777 [INFO] IPUIPlugin:80 - create IPUIPlugin
2023-05-11 17:09:02,777 [INFO] IPUIPlugin:80 - create IPUIPlugin
2023-05-11 17:09:02,778 [INFO] IPUIPlugin:80 - create IPUIPlugin
2023-05-11 17:09:02,778 [INFO] IPUIPlugin:80 - create IPUIPlugin
2023-05-11 17:09:02,781 [INFO] ApiDbMcu:507 - Load IP Config File for PDM2PCM
2023-05-11 17:09:02,784 [WARN] IP:2113 - I2C_Coeff_DF not found: check if there is a RefParameter without a condition.
2023-05-11 17:09:02,784 [WARN] IP:2113 - Analog_Filter not found: check if there is a RefParameter without a condition.
2023-05-11 17:09:02,821 [INFO] CADModel:165 - CPN selected for project levelSTM32F446RET6
2023-05-11 17:09:02,821 [INFO] CADModel:114 - Register for checkConnection events
2023-05-11 17:09:02,859 [INFO] OpenFileManager:328 - Restore cursor
2023-05-11 17:09:03,011 [WARN] IP:2113 - I2C_Coeff_DF not found: check if there is a RefParameter without a condition.
2023-05-11 17:09:03,011 [WARN] IP:2113 - Analog_Filter not found: check if there is a RefParameter without a condition.
2023-05-11 17:09:03,011 [WARN] IP:2113 - I2C_Coeff_DF not found: check if there is a RefParameter without a condition.
2023-05-11 17:09:03,011 [WARN] IP:2113 - Analog_Filter not found: check if there is a RefParameter without a condition.
2023-05-11 17:09:15,027 [INFO] Gpio:273 - dependency for GPIO [I2C1, RCC, SYS, USART2]
2023-05-11 17:11:21,186 [INFO] MainUpdater:2854 - connection check result : 10
2023-05-11 17:11:21,186 [INFO] MainUpdater:2854 - connection check result : 10
2023-05-11 17:11:21,238 [INFO] MicroXplorer:468 - Change Database Path : 
2023-05-11 17:11:21,239 [INFO] MicroXplorer:498 - Change Database Version : DB.6.0.80
2023-05-11 17:11:21,254 [WARN] ThirdParty:871 - waiting for thirdparty lock release [close project]
2023-05-11 17:11:21,254 [INFO] ThirdParty:873 - entering critical section [close project]
2023-05-11 17:11:21,254 [INFO] ThirdParty:883 - exiting critical section [close project]
2023-05-11 17:11:21,256 [INFO] PinOutPanel:1499 - setPackage(No Configuration,No Configuration)
2023-05-11 17:11:21,261 [WARN] IpParametersView:150 - Warning: This peripheral hasn't parameters
2023-05-11 17:11:21,265 [WARN] MainPanel:257 - <html><b><center>Warning: This peripheral has no parameters to be configured<br></b></html>
2023-05-11 17:11:21,268 [INFO] UtilMem:75 - Begin LoadConfig() Used Memory: 272463296 Bytes (599785472)
2023-05-11 17:11:21,268 [INFO] MicroXplorer:468 - Change Database Path : 
2023-05-11 17:11:21,269 [INFO] MicroXplorer:498 - Change Database Version : DB.6.0.80
2023-05-11 17:11:21,269 [INFO] OpenFileManager:308 - Change cursor
2023-05-11 17:11:21,273 [INFO] Mcu:1937 - Initializing MCU STM32F446R(C-E)Tx STM32F446RETx STM32F446RET6
2023-05-11 17:11:21,942 [INFO] Context:659 - Trying to add GPIOservice into a context  which must be forbidden
2023-05-11 17:11:22,185 [WARN] ModelIntegratedComponent:63 - No mode defined for component null
2023-05-11 17:11:22,186 [WARN] ModelIntegratedComponent:63 - No mode defined for component null
2023-05-11 17:11:22,186 [WARN] ModelIntegratedComponent:63 - No mode defined for component null
2023-05-11 17:11:22,186 [WARN] ModelIntegratedComponent:63 - No mode defined for component null
2023-05-11 17:11:22,186 [WARN] ModelIntegratedComponent:63 - No mode defined for component null
2023-05-11 17:11:22,186 [WARN] ModelIntegratedComponent:63 - No mode defined for component null
2023-05-11 17:11:22,186 [WARN] ModelIntegratedComponent:63 - No mode defined for component null
2023-05-11 17:11:22,186 [WARN] ModelIntegratedComponent:63 - No mode defined for component null
2023-05-11 17:11:22,186 [WARN] ModelIntegratedComponent:63 - No mode defined for component null
2023-05-11 17:11:22,186 [WARN] ModelIntegratedComponent:63 - No mode defined for component null
2023-05-11 17:11:22,186 [WARN] ModelIntegratedComponent:63 - No mode defined for component null
2023-05-11 17:11:22,186 [WARN] ModelIntegratedComponent:63 - No mode defined for component null
2023-05-11 17:11:22,186 [WARN] ModelIntegratedComponent:63 - No mode defined for component null
2023-05-11 17:11:22,186 [WARN] ModelIntegratedComponent:63 - No mode defined for component null
2023-05-11 17:11:22,186 [WARN] ModelIntegratedComponent:63 - No mode defined for component null
2023-05-11 17:11:22,186 [WARN] ModelIntegratedComponent:63 - No mode defined for component null
2023-05-11 17:11:22,186 [WARN] ModelIntegratedComponent:63 - No mode defined for component null
2023-05-11 17:11:22,186 [WARN] ModelIntegratedComponent:63 - No mode defined for component null
2023-05-11 17:11:22,186 [WARN] ModelIntegratedComponent:63 - No mode defined for component null
2023-05-11 17:11:22,186 [WARN] ModelIntegratedComponent:63 - No mode defined for component null
2023-05-11 17:11:22,186 [WARN] ModelIntegratedComponent:63 - No mode defined for component null
2023-05-11 17:11:22,186 [WARN] ModelIntegratedComponent:63 - No mode defined for component null
2023-05-11 17:11:22,186 [WARN] ModelIntegratedComponent:63 - No mode defined for component null
2023-05-11 17:11:22,186 [WARN] ModelIntegratedComponent:63 - No mode defined for component null
2023-05-11 17:11:22,186 [WARN] ModelIntegratedComponent:63 - No mode defined for component null
2023-05-11 17:11:22,187 [WARN] ModelIntegratedComponent:63 - No mode defined for component null
2023-05-11 17:11:22,187 [WARN] ModelIntegratedComponent:63 - No mode defined for component null
2023-05-11 17:11:22,187 [WARN] ModelIntegratedComponent:63 - No mode defined for component null
2023-05-11 17:11:22,187 [WARN] ModelIntegratedComponent:63 - No mode defined for component null
2023-05-11 17:11:22,187 [WARN] ModelIntegratedComponent:63 - No mode defined for component null
2023-05-11 17:11:22,187 [WARN] ModelIntegratedComponent:63 - No mode defined for component null
2023-05-11 17:11:22,187 [WARN] ModelIntegratedComponent:63 - No mode defined for component null
2023-05-11 17:11:22,187 [WARN] ModelIntegratedComponent:63 - No mode defined for component null
2023-05-11 17:11:22,241 [INFO] RtosManager:555 - Registered RTOS mode: class=CMSIS, group=RTOS, mode=CMSIS_V1, owner=FREERTOS
2023-05-11 17:11:22,241 [INFO] RtosManager:555 - Registered RTOS mode: class=CMSIS, group=RTOS2, mode=CMSIS_V2, owner=FREERTOS
2023-05-11 17:11:22,241 [INFO] RtosManager:555 - Registered RTOS mode: class=RTOS, group=Core, mode=CMSIS_V1, owner=FREERTOS
2023-05-11 17:11:22,241 [INFO] RtosManager:555 - Registered RTOS mode: class=RTOS, group=Core, mode=CMSIS_V2, owner=FREERTOS
2023-05-11 17:11:22,241 [WARN] ModelIntegratedComponent:184 - Missing modes for component STMicroelectronics:FreeRTOS:0.0.1:STMicroelectronics:RTOS:FreeRTOS:Core:::10.2.0:
2023-05-11 17:11:22,246 [INFO] ThirdPartyModel:298 - Start build external matchings
2023-05-11 17:11:22,295 [INFO] ThirdPartyModel:316 - End build external matchings
2023-05-11 17:11:22,302 [INFO] ImportTextPane:194 - (OptionalMessage_ERROR) IP (RCC) : Invalid parameter (48MHZClocksFreq_Value)
2023-05-11 17:11:22,302 [INFO] ImportTextPane:194 - (OptionalMessage_ERROR) IP (RCC) : Invalid parameter (EthernetFreq_Value)
2023-05-11 17:11:22,303 [INFO] ImportTextPane:194 - (OptionalMessage_ERROR) IP (RCC) : Parameter (FLatency) has Id (AdvancedSettings) currently not set
2023-05-11 17:11:22,303 [INFO] ImportTextPane:194 - (OptionalMessage_ERROR) IP (RCC) : Invalid parameter (FamilyName)
2023-05-11 17:11:22,304 [INFO] ImportTextPane:194 - (OptionalMessage_ERROR) IP (RCC) : Invalid parameter (I2SClocksFreq_Value)
2023-05-11 17:11:22,304 [INFO] ImportTextPane:194 - (OptionalMessage_ERROR) IP (RCC) : Parameter (SDIOFreq_Value) has invalid value (168000000)
2023-05-11 17:11:22,304 [INFO] ImportTextPane:194 - (OptionalMessage_ERROR) IP (RCC) : Parameter (USBFreq_Value) has invalid value (168000000)
2023-05-11 17:11:22,305 [INFO] ImportTextPane:194 - (OptionalMessage_ERROR) IP (RCC) : Invalid parameter (VCOInputMFreq_Value)
2023-05-11 17:11:22,305 [INFO] ImportTextPane:194 - (OptionalMessage_ERROR) IP (RCC) : Invalid parameter (VcooutputI2S)
2023-05-11 17:11:22,431 [INFO] UtilMem:75 - End LoadConfig() Used Memory: 296294888 Bytes (599785472)
2023-05-11 17:11:22,436 [WARN] ThirdParty:833 - waiting for thirdparty lock release [change project]
2023-05-11 17:11:22,437 [INFO] ThirdParty:835 - entering critical section [change project]
2023-05-11 17:11:22,437 [INFO] ThirdParty:1030 - CMSIS Pack Vendor :STMicroelectronics X-CUBE-ISPU 1.1.0
2023-05-11 17:11:22,437 [INFO] ThirdParty:1030 - CMSIS Pack Vendor :STMicroelectronics X-CUBE-DISPLAY 3.0.0
2023-05-11 17:11:22,437 [INFO] ThirdParty:1030 - CMSIS Pack Vendor :STMicroelectronics X-CUBE-GNSS1 6.0.0
2023-05-11 17:11:22,440 [INFO] ThirdParty:1030 - CMSIS Pack Vendor :STMicroelectronics USB_HOST 2.0.0
2023-05-11 17:11:22,440 [INFO] ThirdParty:1030 - CMSIS Pack Vendor :STMicroelectronics LIBJPEG 8.0.0
2023-05-11 17:11:22,440 [INFO] ThirdParty:1030 - CMSIS Pack Vendor :STMicroelectronics FP-ATR-SIGFOX1 3.2.0
2023-05-11 17:11:22,440 [INFO] ThirdParty:1030 - CMSIS Pack Vendor :STMicroelectronics USB_DEVICE 3.0.0
2023-05-11 17:11:22,440 [INFO] ThirdParty:1030 - CMSIS Pack Vendor :STMicroelectronics HAL Drivers 0.0.0
2023-05-11 17:11:22,440 [INFO] ThirdParty:1030 - CMSIS Pack Vendor :STMicroelectronics MBEDTLS 2.16.2
2023-05-11 17:11:22,440 [INFO] ThirdParty:1030 - CMSIS Pack Vendor :STMicroelectronics X-CUBE-AI 8.0.0
2023-05-11 17:11:22,440 [INFO] ThirdParty:1030 - CMSIS Pack Vendor :STMicroelectronics MBEDTLS 2.14.1
2023-05-11 17:11:22,440 [INFO] ThirdParty:1030 - CMSIS Pack Vendor :STMicroelectronics X-CUBE-NFC7 1.0.0
2023-05-11 17:11:22,440 [INFO] ThirdParty:1030 - CMSIS Pack Vendor :STMicroelectronics X-CUBE-EEPRMA1 4.1.0
2023-05-11 17:11:22,440 [INFO] ThirdParty:1030 - CMSIS Pack Vendor :STMicroelectronics X-CUBE-ALS 1.0.1
2023-05-11 17:11:22,440 [INFO] ThirdParty:1030 - CMSIS Pack Vendor :STMicroelectronics USB_DEVICE 2.0.0
2023-05-11 17:11:22,440 [INFO] ThirdParty:1030 - CMSIS Pack Vendor :STMicroelectronics X-CUBE-MEMS1 9.5.0
2023-05-11 17:11:22,440 [INFO] ThirdParty:1030 - CMSIS Pack Vendor :STMicroelectronics ThreadX 1.0.0
2023-05-11 17:11:22,440 [INFO] ThirdParty:1030 - CMSIS Pack Vendor :STMicroelectronics X-CUBE-ALGOBUILD 1.3.0
2023-05-11 17:11:22,441 [INFO] ThirdParty:1030 - CMSIS Pack Vendor :STMicroelectronics X-CUBE-BLE1 6.2.4
2023-05-11 17:11:22,441 [INFO] ThirdParty:1030 - CMSIS Pack Vendor :STMicroelectronics FreeRTOS 0.0.1
2023-05-11 17:11:22,441 [INFO] ThirdParty:1030 - CMSIS Pack Vendor :STMicroelectronics USB_DEVICE 1.0.0
2023-05-11 17:11:22,441 [INFO] ThirdParty:1030 - CMSIS Pack Vendor :STMicroelectronics X-CUBE-SUBG2 5.0.0
2023-05-11 17:11:22,441 [INFO] ThirdParty:1030 - CMSIS Pack Vendor :STMicroelectronics X-CUBE-NFC4 3.0.0
2023-05-11 17:11:22,441 [INFO] ThirdParty:1030 - CMSIS Pack Vendor :STMicroelectronics STM32_WPAN 1.0.0
2023-05-11 17:11:22,441 [INFO] ThirdParty:1030 - CMSIS Pack Vendor :STMicroelectronics ThreadX 0.0.2
2023-05-11 17:11:22,441 [INFO] ThirdParty:1030 - CMSIS Pack Vendor :STMicroelectronics lwIP 2.1.2
2023-05-11 17:11:22,441 [INFO] ThirdParty:1030 - CMSIS Pack Vendor :STMicroelectronics lwIP 2.0.3
2023-05-11 17:11:22,441 [INFO] ThirdParty:1030 - CMSIS Pack Vendor :STMicroelectronics X-CUBE-SFXS2LP1 4.0.0
2023-05-11 17:11:22,441 [INFO] ThirdParty:1030 - CMSIS Pack Vendor :STMicroelectronics X-CUBE-BLE2 3.3.0
2023-05-11 17:11:22,441 [INFO] ThirdParty:1030 - CMSIS Pack Vendor :STMicroelectronics USB_HOST 1.0.0
2023-05-11 17:11:22,441 [INFO] ThirdParty:1030 - CMSIS Pack Vendor :STMicroelectronics PDM2PCM 3.1.0
2023-05-11 17:11:22,441 [INFO] ThirdParty:1030 - CMSIS Pack Vendor :STMicroelectronics FP-ATR-ASTRA1 1.1.1
2023-05-11 17:11:22,441 [INFO] ThirdParty:1030 - CMSIS Pack Vendor :STMicroelectronics PDM2PCM 3.2.0
2023-05-11 17:11:22,441 [INFO] ThirdParty:1030 - CMSIS Pack Vendor :STMicroelectronics PDM2PCM 3.3.0
2023-05-11 17:11:22,441 [INFO] ThirdParty:841 - exiting critical section [change project]
2023-05-11 17:11:22,626 [INFO] PinOutPanel:1499 - setPackage(No Configuration,No Configuration)
2023-05-11 17:11:22,626 [INFO] PinOutPanel:1499 - setPackage(STM32F446RETx,LQFP64)
2023-05-11 17:11:22,889 [INFO] UtilMem:75 - Before build in PCC Used Memory: 488208248 Bytes (599785472)
2023-05-11 17:11:23,024 [INFO] UtilMem:75 - After build in PCC Used Memory: 258245944 Bytes (599785472)
2023-05-11 17:11:23,038 [INFO] IPUIPlugin:80 - create IPUIPlugin
2023-05-11 17:11:23,038 [INFO] IPUIPlugin:80 - create IPUIPlugin
2023-05-11 17:11:23,038 [INFO] IPUIPlugin:80 - create IPUIPlugin
2023-05-11 17:11:23,038 [INFO] IPUIPlugin:80 - create IPUIPlugin
2023-05-11 17:11:23,038 [INFO] IPUIPlugin:80 - create IPUIPlugin
2023-05-11 17:11:23,038 [INFO] IPUIPlugin:80 - create IPUIPlugin
2023-05-11 17:11:23,038 [INFO] IPUIPlugin:80 - create IPUIPlugin
2023-05-11 17:11:23,039 [INFO] IPUIPlugin:80 - create IPUIPlugin
2023-05-11 17:11:23,039 [INFO] IPUIPlugin:80 - create IPUIPlugin
2023-05-11 17:11:23,039 [INFO] IPUIPlugin:80 - create IPUIPlugin
2023-05-11 17:11:23,039 [INFO] IPUIPlugin:80 - create IPUIPlugin
2023-05-11 17:11:23,039 [INFO] IPUIPlugin:80 - create IPUIPlugin
2023-05-11 17:11:23,039 [INFO] IPUIPlugin:80 - create IPUIPlugin
2023-05-11 17:11:23,039 [INFO] IPUIPlugin:80 - create IPUIPlugin
2023-05-11 17:11:23,039 [INFO] IPUIPlugin:80 - create IPUIPlugin
2023-05-11 17:11:23,039 [INFO] IPUIPlugin:80 - create IPUIPlugin
2023-05-11 17:11:23,039 [INFO] IPUIPlugin:80 - create IPUIPlugin
2023-05-11 17:11:23,039 [INFO] IPUIPlugin:80 - create IPUIPlugin
2023-05-11 17:11:23,039 [INFO] IPUIPlugin:80 - create IPUIPlugin
2023-05-11 17:11:23,040 [INFO] IPUIPlugin:80 - create IPUIPlugin
2023-05-11 17:11:23,040 [INFO] IPUIPlugin:80 - create IPUIPlugin
2023-05-11 17:11:23,040 [INFO] IPUIPlugin:80 - create IPUIPlugin
2023-05-11 17:11:23,040 [INFO] IPUIPlugin:80 - create IPUIPlugin
2023-05-11 17:11:23,040 [INFO] IPUIPlugin:80 - create IPUIPlugin
2023-05-11 17:11:23,040 [INFO] IPUIPlugin:80 - create IPUIPlugin
2023-05-11 17:11:23,040 [INFO] IPUIPlugin:80 - create IPUIPlugin
2023-05-11 17:11:23,040 [INFO] IPUIPlugin:80 - create IPUIPlugin
2023-05-11 17:11:23,040 [INFO] IPUIPlugin:80 - create IPUIPlugin
2023-05-11 17:11:23,041 [INFO] IPUIPlugin:80 - create IPUIPlugin
2023-05-11 17:11:23,041 [INFO] IPUIPlugin:80 - create IPUIPlugin
2023-05-11 17:11:23,041 [INFO] IPUIPlugin:80 - create IPUIPlugin
2023-05-11 17:11:23,041 [INFO] IPUIPlugin:80 - create IPUIPlugin
2023-05-11 17:11:23,041 [INFO] IPUIPlugin:80 - create IPUIPlugin
2023-05-11 17:11:23,041 [INFO] IPUIPlugin:80 - create IPUIPlugin
2023-05-11 17:11:23,041 [INFO] IPUIPlugin:80 - create IPUIPlugin
2023-05-11 17:11:23,041 [INFO] IPUIPlugin:80 - create IPUIPlugin
2023-05-11 17:11:23,042 [INFO] IPUIPlugin:80 - create IPUIPlugin
2023-05-11 17:11:23,042 [INFO] IPUIPlugin:80 - create IPUIPlugin
2023-05-11 17:11:23,042 [INFO] IPUIPlugin:80 - create IPUIPlugin
2023-05-11 17:11:23,042 [INFO] IPUIPlugin:80 - create IPUIPlugin
2023-05-11 17:11:23,042 [INFO] IPUIPlugin:80 - create IPUIPlugin
2023-05-11 17:11:23,042 [INFO] IPUIPlugin:80 - create IPUIPlugin
2023-05-11 17:11:23,042 [INFO] IPUIPlugin:80 - create IPUIPlugin
2023-05-11 17:11:23,042 [INFO] IPUIPlugin:80 - create IPUIPlugin
2023-05-11 17:11:23,042 [INFO] IPUIPlugin:80 - create IPUIPlugin
2023-05-11 17:11:23,042 [INFO] IPUIPlugin:80 - create IPUIPlugin
2023-05-11 17:11:23,042 [INFO] IPUIPlugin:80 - create IPUIPlugin
2023-05-11 17:11:23,042 [INFO] IPUIPlugin:80 - create IPUIPlugin
2023-05-11 17:11:23,042 [INFO] IPUIPlugin:80 - create IPUIPlugin
2023-05-11 17:11:23,043 [INFO] IPUIPlugin:80 - create IPUIPlugin
2023-05-11 17:11:23,043 [INFO] IPUIPlugin:80 - create IPUIPlugin
2023-05-11 17:11:23,043 [INFO] IPUIPlugin:80 - create IPUIPlugin
2023-05-11 17:11:23,043 [INFO] IPUIPlugin:80 - create IPUIPlugin
2023-05-11 17:11:23,043 [INFO] IPUIPlugin:80 - create IPUIPlugin
2023-05-11 17:11:23,043 [INFO] IPUIPlugin:80 - create IPUIPlugin
2023-05-11 17:11:23,043 [INFO] IPUIPlugin:80 - create IPUIPlugin
2023-05-11 17:11:23,044 [INFO] IPUIPlugin:80 - create IPUIPlugin
2023-05-11 17:11:23,044 [INFO] IPUIPlugin:80 - create IPUIPlugin
2023-05-11 17:11:23,044 [INFO] IPUIPlugin:80 - create IPUIPlugin
2023-05-11 17:11:23,044 [INFO] IPUIPlugin:80 - create IPUIPlugin
2023-05-11 17:11:23,046 [INFO] ApiDbMcu:507 - Load IP Config File for PDM2PCM
2023-05-11 17:11:23,077 [INFO] CADModel:165 - CPN selected for project levelSTM32F446RET6
2023-05-11 17:11:23,077 [INFO] CADModel:114 - Register for checkConnection events
2023-05-11 17:11:23,116 [INFO] OpenFileManager:328 - Restore cursor
2023-05-11 17:11:30,873 [INFO] Gpio:273 - dependency for GPIO [RCC, SYS, USART2]
