2023-05-12 09:59:52,930 [INFO] Activator:176 - 


2023-05-12 09:59:52,933 [INFO] Activator:177 - !SESSION log4j initialized
2023-05-12 09:59:56,716 [INFO] LogOutputStream:77 - [STDOUT_REDIRECT] 
2023-05-12 10:00:19,105 [ERROR] LogOutputStream:75 - [STDERR_REDIRECT] SLF4J: Failed to load class "org.slf4j.impl.StaticLoggerBinder".
2023-05-12 10:00:19,106 [ERROR] LogOutputStream:75 - [STDERR_REDIRECT] SLF4J: Defaulting to no-operation (NOP) logger implementation
2023-05-12 10:00:19,106 [ERROR] LogOutputStream:75 - [STDERR_REDIRECT] SLF4J: See http://www.slf4j.org/codes.html#StaticLoggerBinder for further details.
2023-05-12 17:47:13,938 [INFO] Activator:176 - 


2023-05-12 17:47:13,940 [INFO] Activator:177 - !SESSION log4j initialized
2023-05-12 17:47:17,795 [INFO] LogOutputStream:77 - [STDOUT_REDIRECT] 
2023-05-12 17:47:39,262 [ERROR] LogOutputStream:75 - [STDERR_REDIRECT] SLF4J: Failed to load class "org.slf4j.impl.StaticLoggerBinder".
2023-05-12 17:47:39,263 [ERROR] LogOutputStream:75 - [STDERR_REDIRECT] SLF4J: Defaulting to no-operation (NOP) logger implementation
2023-05-12 17:47:39,263 [ERROR] LogOutputStream:75 - [STDERR_REDIRECT] SLF4J: See http://www.slf4j.org/codes.html#StaticLoggerBinder for further details.
2023-05-12 20:16:37,326 [INFO] ApplicationProperties:184 - Using Application install path: /opt/st/stm32cubeide_1.12.0/plugins/com.st.stm32cube.common.mx_6.8.0.202302231600
2023-05-12 20:16:37,343 [INFO] DbMcusXml:78 - Set database path to: /opt/st/stm32cubeide_1.12.0/plugins/com.st.stm32cube.common.mx_6.8.0.202302231600//db//mcu/
2023-05-12 20:16:37,343 [INFO] ApiDb:274 - Set plugin database path to: /opt/st/stm32cubeide_1.12.0/plugins/com.st.stm32cube.common.mx_6.8.0.202302231600//db//plugins/boardmanager/
2023-05-12 20:16:37,345 [WARN] ApiDb:259 - Overriding images path with different value:  => /opt/st/stm32cubeide_1.12.0/plugins/com.st.stm32cube.common.mx_6.8.0.202302231600//db//plugins/mcufinder/images/
2023-05-12 20:16:37,357 [INFO] ApiDb:250 - Set database path to: /home/vasundhra/.stmcufinder/plugins/mcufinder//mcu/
2023-05-12 20:16:37,357 [INFO] DbMcusAds:125 - Set database path to: /home/vasundhra/.stmcufinder/plugins/mcufinder//mcu/
2023-05-12 20:16:37,478 [INFO] CrossReferenceDbSqlite:203 - Set database path to: /home/vasundhra/.stmcufinder/plugins/mcufinder//mcu/cs/
2023-05-12 20:16:37,603 [INFO] RulesReader:64 - Compatibility file has been processed (293 Rules)
2023-05-12 20:16:37,645 [INFO] DbMcusXml:78 - Set database path to: /opt/st/stm32cubeide_1.12.0/plugins/com.st.stm32cube.common.mx_6.8.0.202302231600//db//mcu/
2023-05-12 20:16:37,646 [INFO] ApiDb:274 - Set plugin database path to: /opt/st/stm32cubeide_1.12.0/plugins/com.st.stm32cube.common.mx_6.8.0.202302231600//db//plugins/boardmanager/
2023-05-12 20:16:37,646 [INFO] ApiDb:261 - Set plugin images path to: /opt/st/stm32cubeide_1.12.0/plugins/com.st.stm32cube.common.mx_6.8.0.202302231600//db//plugins/mcufinder/images/
2023-05-12 20:16:37,646 [WARN] DbFile:41 - Overriding database path with different value: /home/vasundhra/.stmcufinder/plugins/mcufinder/ => /home/vasundhra/.stmcufinder/plugins/mcufinder
2023-05-12 20:16:37,646 [INFO] ApiDb:250 - Set database path to: /home/vasundhra/.stmcufinder/plugins/mcufinder//mcu/
2023-05-12 20:16:37,646 [WARN] DbFile:41 - Overriding database path with different value: /home/vasundhra/.stmcufinder/plugins/mcufinder/ => /home/vasundhra/.stmcufinder/plugins/mcufinder
2023-05-12 20:16:37,646 [INFO] DbMcusAds:125 - Set database path to: /home/vasundhra/.stmcufinder/plugins/mcufinder//mcu/
2023-05-12 20:16:37,646 [WARN] DbFile:41 - Overriding database path with different value: /home/vasundhra/.stmcufinder/plugins/mcufinder/ => /home/vasundhra/.stmcufinder/plugins/mcufinder
2023-05-12 20:16:37,646 [WARN] DbFile:41 - Overriding database path with different value: /home/vasundhra/.stmcufinder/plugins/mcufinder/ => /home/vasundhra/.stmcufinder/plugins/mcufinder
2023-05-12 20:16:37,646 [INFO] CrossReferenceDbSqlite:203 - Set database path to: /home/vasundhra/.stmcufinder/plugins/mcufinder//mcu/cs/
2023-05-12 20:16:37,716 [INFO] MainPanel:253 - HeapMemory: 563085312
2023-05-12 20:16:37,799 [INFO] DbMcusXml:78 - Set database path to: /opt/st/stm32cubeide_1.12.0/plugins/com.st.stm32cube.common.mx_6.8.0.202302231600//db//mcu/
2023-05-12 20:16:37,799 [INFO] ApiDb:274 - Set plugin database path to: /opt/st/stm32cubeide_1.12.0/plugins/com.st.stm32cube.common.mx_6.8.0.202302231600//db//plugins/boardmanager/
2023-05-12 20:16:37,799 [INFO] ApiDb:261 - Set plugin images path to: /opt/st/stm32cubeide_1.12.0/plugins/com.st.stm32cube.common.mx_6.8.0.202302231600//db//plugins/mcufinder/images/
2023-05-12 20:16:37,799 [WARN] DbFile:41 - Overriding database path with different value: /home/vasundhra/.stmcufinder/plugins/mcufinder/ => /home/vasundhra/.stmcufinder/plugins/mcufinder
2023-05-12 20:16:37,799 [INFO] ApiDb:250 - Set database path to: /home/vasundhra/.stmcufinder/plugins/mcufinder//mcu/
2023-05-12 20:16:37,799 [WARN] DbFile:41 - Overriding database path with different value: /home/vasundhra/.stmcufinder/plugins/mcufinder/ => /home/vasundhra/.stmcufinder/plugins/mcufinder
2023-05-12 20:16:37,800 [INFO] DbMcusAds:125 - Set database path to: /home/vasundhra/.stmcufinder/plugins/mcufinder//mcu/
2023-05-12 20:16:37,800 [WARN] DbFile:41 - Overriding database path with different value: /home/vasundhra/.stmcufinder/plugins/mcufinder/ => /home/vasundhra/.stmcufinder/plugins/mcufinder
2023-05-12 20:16:37,800 [WARN] DbFile:41 - Overriding database path with different value: /home/vasundhra/.stmcufinder/plugins/mcufinder/ => /home/vasundhra/.stmcufinder/plugins/mcufinder
2023-05-12 20:16:37,800 [INFO] CrossReferenceDbSqlite:203 - Set database path to: /home/vasundhra/.stmcufinder/plugins/mcufinder//mcu/cs/
2023-05-12 20:16:37,812 [INFO] ApplicationProperties:184 - Using Application install path: /opt/st/stm32cubeide_1.12.0/plugins/com.st.stm32cube.common.mx_6.8.0.202302231600
2023-05-12 20:16:37,813 [INFO] PluginManage:196 - Search for loadable plugins [exclusion list=, ]
2023-05-12 20:16:37,814 [INFO] PluginManage:310 - Check plugin analytics
2023-05-12 20:16:37,950 [INFO] AnalyticsPlugin:253 - Accepted Software Licenses: 
2023-05-12 20:16:37,950 [INFO] AnalyticsPlugin:255 - Accepted CMSIS Pack Licenses: 
2023-05-12 20:16:37,950 [INFO] AnalyticsPlugin:257 - Accepted Firmware Licenses: FW.F4.1.27.0
2023-05-12 20:16:37,953 [INFO] PluginManage:359 - Loaded plugin analytics (category:tool,tabindex:-1)
2023-05-12 20:16:37,953 [INFO] PluginManage:310 - Check plugin cadmodel
2023-05-12 20:16:37,988 [INFO] CADModel:105 - Init CAD model plugin
2023-05-12 20:16:37,988 [INFO] PluginManage:359 - Loaded plugin cadmodel (category:power,tabindex:5)
2023-05-12 20:16:37,989 [INFO] PluginManage:310 - Check plugin clock
2023-05-12 20:16:37,997 [INFO] PluginManage:359 - Loaded plugin clock (category:base,tabindex:2)
2023-05-12 20:16:37,997 [INFO] PluginManage:310 - Check plugin ddr
2023-05-12 20:16:38,000 [INFO] PluginManage:359 - Loaded plugin ddr (category:tool,tabindex:6)
2023-05-12 20:16:38,000 [INFO] PluginManage:310 - Check plugin filemanager
2023-05-12 20:16:38,104 [INFO] PluginManage:359 - Loaded plugin filemanager (category:base,tabindex:10)
2023-05-12 20:16:38,105 [INFO] PluginManage:310 - Check plugin ipmanager
2023-05-12 20:16:38,109 [INFO] PluginManage:359 - Loaded plugin ipmanager (category:base,tabindex:5)
2023-05-12 20:16:38,109 [INFO] PluginManage:310 - Check plugin lpbam
2023-05-12 20:16:38,116 [INFO] PluginManage:359 - Loaded plugin lpbam (category:base,tabindex:0)
2023-05-12 20:16:38,116 [INFO] PluginManage:310 - Check plugin pinoutandconfiguration
2023-05-12 20:16:38,122 [INFO] PluginManage:359 - Loaded plugin pinoutandconfiguration (category:base,tabindex:1)
2023-05-12 20:16:38,122 [INFO] PluginManage:310 - Check plugin pinoutconfig
2023-05-12 20:16:38,199 [WARN] SupportedApi:132 - Cannot load RTOS API schema: s4s-elt-must-match.1: The content of 'definitions' must match (annotation?, (simpleType | complexType)?, (unique | key | keyref)*)). A problem was found starting at: attribute.
2023-05-12 20:16:38,301 [INFO] PluginManage:359 - Loaded plugin pinoutconfig (category:base,tabindex:0)
2023-05-12 20:16:38,301 [INFO] PluginManage:310 - Check plugin power
2023-05-12 20:16:38,310 [INFO] PluginManage:359 - Loaded plugin power (category:power,tabindex:4)
2023-05-12 20:16:38,310 [INFO] PluginManage:310 - Check plugin projectmanager
2023-05-12 20:16:38,321 [INFO] PluginManage:359 - Loaded plugin projectmanager (category:projectmanager,tabindex:3)
2023-05-12 20:16:38,321 [INFO] PluginManage:310 - Check plugin thirdparty
2023-05-12 20:16:38,417 [INFO] PluginManage:359 - Loaded plugin thirdparty (category:base,tabindex:-1)
2023-05-12 20:16:38,417 [WARN] IntegrityCheckThread:84 - waiting for thirdparty lock release [integrity check]
2023-05-12 20:16:38,418 [INFO] PluginManage:310 - Check plugin tools
2023-05-12 20:16:38,418 [INFO] IntegrityCheckThread:86 - entering critical section [integrity check]
2023-05-12 20:16:38,419 [INFO] ThirdPartyUpdaterWithRetryManager:70 - Updater plugin not ready yet. [1/15]
2023-05-12 20:16:38,419 [INFO] PluginManage:359 - Loaded plugin tools (category:base,tabindex:7)
2023-05-12 20:16:38,419 [INFO] PluginManage:310 - Check plugin tutovideos
2023-05-12 20:16:38,558 [INFO] PluginManage:359 - Loaded plugin tutovideos (category:base,tabindex:-1)
2023-05-12 20:16:38,558 [INFO] PluginManage:310 - Check plugin updater
2023-05-12 20:16:38,569 [INFO] PluginManage:359 - Loaded plugin updater (category:base,tabindex:12)
2023-05-12 20:16:38,570 [INFO] PluginManage:283 - PluginManage : Loaded plugins [15]
2023-05-12 20:16:38,717 [INFO] PinOutPanel:1499 - setPackage(No Configuration,No Configuration)
2023-05-12 20:16:38,754 [INFO] CADModel:165 - CPN selected for project level
2023-05-12 20:16:38,754 [INFO] CADModel:114 - Register for checkConnection events
2023-05-12 20:16:38,763 [INFO] IPUIPlugin:80 - create IPUIPlugin
2023-05-12 20:16:38,764 [INFO] PluginManager:220 - loadIPPluginJar : add nvic
2023-05-12 20:16:38,770 [INFO] IPUIPlugin:80 - create IPUIPlugin
2023-05-12 20:16:38,770 [INFO] PluginManager:220 - loadIPPluginJar : add ipddr
2023-05-12 20:16:38,771 [INFO] IPUIPlugin:80 - create IPUIPlugin
2023-05-12 20:16:38,771 [INFO] PluginManager:220 - loadIPPluginJar : add lorawan
2023-05-12 20:16:38,777 [INFO] IPUIPlugin:80 - create IPUIPlugin
2023-05-12 20:16:38,777 [INFO] PluginManager:220 - loadIPPluginJar : add adc
2023-05-12 20:16:38,779 [INFO] IPUIPlugin:80 - create IPUIPlugin
2023-05-12 20:16:38,779 [INFO] PluginManager:220 - loadIPPluginJar : add cryp
2023-05-12 20:16:38,780 [INFO] IPUIPlugin:80 - create IPUIPlugin
2023-05-12 20:16:38,780 [INFO] PluginManager:220 - loadIPPluginJar : add tim
2023-05-12 20:16:38,782 [INFO] IPUIPlugin:80 - create IPUIPlugin
2023-05-12 20:16:38,782 [INFO] PluginManager:220 - loadIPPluginJar : add usbx
2023-05-12 20:16:38,783 [INFO] IPUIPlugin:80 - create IPUIPlugin
2023-05-12 20:16:38,783 [INFO] PluginManager:220 - loadIPPluginJar : add fatfs
2023-05-12 20:16:38,788 [INFO] IPUIPlugin:80 - create IPUIPlugin
2023-05-12 20:16:38,789 [INFO] PluginManager:220 - loadIPPluginJar : add freertos
2023-05-12 20:16:38,790 [INFO] IPUIPlugin:80 - create IPUIPlugin
2023-05-12 20:16:38,790 [INFO] PluginManager:220 - loadIPPluginJar : add gfxmmu
2023-05-12 20:16:38,794 [INFO] IPUIPlugin:80 - create IPUIPlugin
2023-05-12 20:16:38,794 [INFO] PluginManager:220 - loadIPPluginJar : add fmc
2023-05-12 20:16:38,795 [INFO] IPUIPlugin:80 - create IPUIPlugin
2023-05-12 20:16:38,795 [INFO] PluginManager:220 - loadIPPluginJar : add genericplugin
2023-05-12 20:16:38,797 [INFO] IPUIPlugin:80 - create IPUIPlugin
2023-05-12 20:16:38,797 [INFO] PluginManager:220 - loadIPPluginJar : add touchsensing
2023-05-12 20:16:38,799 [INFO] IPUIPlugin:80 - create IPUIPlugin
2023-05-12 20:16:38,799 [INFO] PluginManager:220 - loadIPPluginJar : add tracer_emb
2023-05-12 20:16:38,800 [INFO] IPUIPlugin:80 - create IPUIPlugin
2023-05-12 20:16:38,801 [INFO] PluginManager:220 - loadIPPluginJar : add hash
2023-05-12 20:16:38,806 [INFO] IPUIPlugin:80 - create IPUIPlugin
2023-05-12 20:16:38,806 [INFO] PluginManager:220 - loadIPPluginJar : add dma
2023-05-12 20:16:38,810 [INFO] IPUIPlugin:80 - create IPUIPlugin
2023-05-12 20:16:38,810 [INFO] PluginManager:220 - loadIPPluginJar : add gic
2023-05-12 20:16:38,812 [INFO] IPUIPlugin:80 - create IPUIPlugin
2023-05-12 20:16:38,812 [INFO] PluginManager:220 - loadIPPluginJar : add aes
2023-05-12 20:16:38,814 [INFO] IPUIPlugin:80 - create IPUIPlugin
2023-05-12 20:16:38,814 [INFO] PluginManager:220 - loadIPPluginJar : add usart
2023-05-12 20:16:38,816 [INFO] IPUIPlugin:80 - create IPUIPlugin
2023-05-12 20:16:38,816 [INFO] PluginManager:220 - loadIPPluginJar : add pdm2pcm
2023-05-12 20:16:38,817 [INFO] IPUIPlugin:80 - create IPUIPlugin
2023-05-12 20:16:38,817 [INFO] PluginManager:220 - loadIPPluginJar : add quadspi
2023-05-12 20:16:38,823 [INFO] IPUIPlugin:80 - create IPUIPlugin
2023-05-12 20:16:38,826 [INFO] PluginManager:220 - loadIPPluginJar : add plateformsettings
2023-05-12 20:16:38,832 [INFO] IPUIPlugin:80 - create IPUIPlugin
2023-05-12 20:16:38,832 [INFO] PluginManager:220 - loadIPPluginJar : add mdma
2023-05-12 20:16:38,836 [INFO] IPUIPlugin:80 - create IPUIPlugin
2023-05-12 20:16:38,837 [INFO] PluginManager:220 - loadIPPluginJar : add resmgrutility
2023-05-12 20:16:38,839 [INFO] IPUIPlugin:80 - create IPUIPlugin
2023-05-12 20:16:38,839 [INFO] PluginManager:220 - loadIPPluginJar : add ts
2023-05-12 20:16:38,841 [INFO] IPUIPlugin:80 - create IPUIPlugin
2023-05-12 20:16:38,841 [INFO] PluginManager:220 - loadIPPluginJar : add i2s
2023-05-12 20:16:38,843 [INFO] IPUIPlugin:80 - create IPUIPlugin
2023-05-12 20:16:38,843 [INFO] PluginManager:220 - loadIPPluginJar : add ltdc
2023-05-12 20:16:38,845 [INFO] IPUIPlugin:80 - create IPUIPlugin
2023-05-12 20:16:38,846 [INFO] PluginManager:220 - loadIPPluginJar : add dma3
2023-05-12 20:16:38,848 [INFO] IPUIPlugin:80 - create IPUIPlugin
2023-05-12 20:16:38,848 [INFO] PluginManager:220 - loadIPPluginJar : add can
2023-05-12 20:16:38,854 [INFO] IPUIPlugin:80 - create IPUIPlugin
2023-05-12 20:16:38,854 [INFO] PluginManager:220 - loadIPPluginJar : add linkedlist
2023-05-12 20:16:38,856 [INFO] IPUIPlugin:80 - create IPUIPlugin
2023-05-12 20:16:38,856 [INFO] PluginManager:220 - loadIPPluginJar : add spi
2023-05-12 20:16:38,859 [INFO] IPUIPlugin:80 - create IPUIPlugin
2023-05-12 20:16:38,859 [INFO] PluginManager:220 - loadIPPluginJar : add i3c
2023-05-12 20:16:38,861 [INFO] IPUIPlugin:80 - create IPUIPlugin
2023-05-12 20:16:38,861 [INFO] PluginManager:220 - loadIPPluginJar : add comp
2023-05-12 20:16:38,863 [INFO] IPUIPlugin:80 - create IPUIPlugin
2023-05-12 20:16:38,863 [INFO] PluginManager:220 - loadIPPluginJar : add i2c
2023-05-12 20:16:38,891 [INFO] IPUIPlugin:80 - create IPUIPlugin
2023-05-12 20:16:38,891 [INFO] PluginManager:220 - loadIPPluginJar : add dfsdm
2023-05-12 20:16:38,894 [INFO] IPUIPlugin:80 - create IPUIPlugin
2023-05-12 20:16:38,895 [INFO] PluginManager:220 - loadIPPluginJar : add gtzc
2023-05-12 20:16:38,900 [INFO] IPUIPlugin:80 - create IPUIPlugin
2023-05-12 20:16:38,900 [INFO] PluginManager:220 - loadIPPluginJar : add gpio
2023-05-12 20:16:38,902 [INFO] IPUIPlugin:80 - create IPUIPlugin
2023-05-12 20:16:38,903 [INFO] PluginManager:220 - loadIPPluginJar : add opamp
2023-05-12 20:16:38,904 [INFO] IPUIPlugin:80 - create IPUIPlugin
2023-05-12 20:16:38,904 [INFO] PluginManager:220 - loadIPPluginJar : add ucpd
2023-05-12 20:16:38,905 [INFO] IPUIPlugin:80 - create IPUIPlugin
2023-05-12 20:16:38,905 [INFO] PluginManager:220 - loadIPPluginJar : add tsc
2023-05-12 20:16:38,908 [INFO] IPUIPlugin:80 - create IPUIPlugin
2023-05-12 20:16:38,908 [INFO] PluginManager:220 - loadIPPluginJar : add sai
2023-05-12 20:16:38,910 [INFO] IPUIPlugin:80 - create IPUIPlugin
2023-05-12 20:16:38,910 [INFO] PluginManager:220 - loadIPPluginJar : add openamp
2023-05-12 20:16:38,914 [INFO] IPUIPlugin:80 - create IPUIPlugin
2023-05-12 20:16:38,914 [INFO] PluginManager:220 - loadIPPluginJar : add stm32_wpan
2023-05-12 20:16:39,011 [INFO] CADModel:165 - CPN selected for project level
2023-05-12 20:16:39,011 [INFO] CADModel:114 - Register for checkConnection events
2023-05-12 20:16:39,011 [FATAL] Updater:308 - Updater called before beeing initialized
2023-05-12 20:16:39,011 [ERROR] CADModel:125 - Updater not yet initialized, retry later 
2023-05-12 20:16:39,118 [INFO] CADModel:165 - CPN selected for project level
2023-05-12 20:16:39,118 [INFO] CADModel:114 - Register for checkConnection events
2023-05-12 20:16:39,118 [FATAL] Updater:308 - Updater called before beeing initialized
2023-05-12 20:16:39,118 [ERROR] CADModel:125 - Updater not yet initialized, retry later 
2023-05-12 20:16:39,122 [FATAL] Updater:308 - Updater called before beeing initialized
2023-05-12 20:16:39,203 [FATAL] Updater:308 - Updater called before beeing initialized
2023-05-12 20:16:39,208 [INFO] DbMcusAds:53 - JSON generation date=Tue Mar 07 14:20:54 IST 2023 (1678179054945)
2023-05-12 20:16:39,208 [FATAL] Updater:308 - Updater called before beeing initialized
2023-05-12 20:16:39,240 [WARN] DetailPanel:346 - Failed to get advertising image, set to default
2023-05-12 20:16:39,310 [FATAL] Updater:308 - Updater called before beeing initialized
2023-05-12 20:16:39,312 [FATAL] Updater:308 - Updater called before beeing initialized
2023-05-12 20:16:39,312 [FATAL] Updater:308 - Updater called before beeing initialized
2023-05-12 20:16:39,312 [WARN] DetailPanel:346 - Failed to get advertising image, set to default
2023-05-12 20:16:39,313 [FATAL] Updater:308 - Updater called before beeing initialized
2023-05-12 20:16:39,339 [ERROR] Updater:1120 - MainUpdater not yet initialized. External WinMGr cannot be set.
2023-05-12 20:16:39,341 [INFO] Updater:1056 - Updater Version found : 6.8.0
2023-05-12 20:16:39,354 [INFO] ApplicationProperties:184 - Using Application install path: /opt/st/stm32cubeide_1.12.0/plugins/com.st.stm32cube.common.mx_6.8.0.202302231600
2023-05-12 20:16:41,026 [INFO] MainUpdater:2854 - connection check result : 10
2023-05-12 20:16:41,026 [INFO] MainUpdater:283 - Updater Check For Update Now.
2023-05-12 20:16:41,027 [INFO] MicroXplorer:498 - Change Database Version : DB.6.0.80
2023-05-12 20:16:41,165 [INFO] CheckServerUpdateThread:120 - End of CheckServer Thread
2023-05-12 20:16:41,236 [INFO] MainUpdater:2854 - connection check result : 10
2023-05-12 20:16:41,241 [INFO] MainUpdater:2854 - connection check result : 10
2023-05-12 20:16:41,264 [INFO] MicroXplorer:468 - Change Database Path : 
2023-05-12 20:16:41,265 [INFO] MicroXplorer:498 - Change Database Version : DB.6.0.80
2023-05-12 20:16:41,265 [WARN] ThirdParty:871 - waiting for thirdparty lock release [close project]
2023-05-12 20:16:41,503 [WARN] PackLoader:240 - Cannot read IP mode file for STMicroelectronics.X-CUBE-GNSS1.6.0.0
2023-05-12 20:16:41,512 [WARN] PackLoader:240 - Cannot read IP mode file for STMicroelectronics.X-CUBE-BLE1.6.2.4
2023-05-12 20:16:41,522 [WARN] PackLoader:240 - Cannot read IP mode file for STMicroelectronics.X-CUBE-DISPLAY.3.0.0
2023-05-12 20:16:41,537 [WARN] PackLoader:240 - Cannot read IP mode file for STMicroelectronics.X-CUBE-NFC7.1.0.0
2023-05-12 20:16:41,546 [WARN] PackLoader:240 - Cannot read IP mode file for STMicroelectronics.X-CUBE-EEPRMA1.4.1.0
2023-05-12 20:16:41,557 [WARN] PackLoader:240 - Cannot read IP mode file for STMicroelectronics.X-CUBE-SFXS2LP1.4.0.0
2023-05-12 20:16:41,565 [WARN] PackLoader:240 - Cannot read IP mode file for STMicroelectronics.X-CUBE-BLE2.3.3.0
2023-05-12 20:16:41,568 [WARN] PackLoader:240 - Cannot read IP mode file for STMicroelectronics.X-CUBE-ISPU.1.1.0
2023-05-12 20:16:41,572 [WARN] PackLoader:240 - Cannot read IP mode file for STMicroelectronics.X-CUBE-AI.8.0.0
2023-05-12 20:16:41,580 [WARN] PackLoader:240 - Cannot read IP mode file for STMicroelectronics.X-CUBE-ALGOBUILD.1.3.0
2023-05-12 20:16:41,593 [WARN] PackLoader:240 - Cannot read IP mode file for STMicroelectronics.X-CUBE-SUBG2.5.0.0
2023-05-12 20:16:41,605 [WARN] PackLoader:240 - Cannot read IP mode file for STMicroelectronics.X-CUBE-NFC4.3.0.0
2023-05-12 20:16:41,611 [WARN] PackLoader:240 - Cannot read IP mode file for STMicroelectronics.FP-ATR-ASTRA1.1.1.1
2023-05-12 20:16:41,614 [WARN] PackLoader:240 - Cannot read IP mode file for STMicroelectronics.FP-ATR-SIGFOX1.3.2.0
2023-05-12 20:16:41,618 [WARN] PackLoader:240 - Cannot read IP mode file for STMicroelectronics.X-CUBE-ALS.1.0.1
2023-05-12 20:16:41,679 [WARN] PackLoader:240 - Cannot read IP mode file for STMicroelectronics.X-CUBE-MEMS1.9.5.0
2023-05-12 20:16:41,792 [INFO] ThirdParty:978 - Integrity check success = true
2023-05-12 20:16:41,792 [INFO] IntegrityCheckThread:100 - exiting critical section [integrity check]
2023-05-12 20:16:41,792 [INFO] IntegrityCheckThread:103 - End integrity checks thread
2023-05-12 20:16:41,793 [INFO] ThirdParty:873 - entering critical section [close project]
2023-05-12 20:16:41,794 [INFO] ThirdParty:883 - exiting critical section [close project]
2023-05-12 20:16:41,799 [INFO] PinOutPanel:1499 - setPackage(No Configuration,No Configuration)
2023-05-12 20:16:41,804 [INFO] UtilMem:75 - Begin LoadConfig() Used Memory: 361183960 Bytes (563085312)
2023-05-12 20:16:41,805 [INFO] MicroXplorer:468 - Change Database Path : 
2023-05-12 20:16:41,805 [INFO] MicroXplorer:498 - Change Database Version : DB.6.0.80
2023-05-12 20:16:41,805 [INFO] OpenFileManager:308 - Change cursor
2023-05-12 20:16:41,843 [INFO] Mcu:1937 - Initializing MCU STM32F446R(C-E)Tx STM32F446RETx STM32F446RET6
2023-05-12 20:16:42,799 [INFO] Context:659 - Trying to add GPIOservice into a context  which must be forbidden
2023-05-12 20:16:43,177 [WARN] ModelIntegratedComponent:63 - No mode defined for component null
2023-05-12 20:16:43,178 [WARN] ModelIntegratedComponent:63 - No mode defined for component null
2023-05-12 20:16:43,178 [WARN] ModelIntegratedComponent:63 - No mode defined for component null
2023-05-12 20:16:43,178 [WARN] ModelIntegratedComponent:63 - No mode defined for component null
2023-05-12 20:16:43,178 [WARN] ModelIntegratedComponent:63 - No mode defined for component null
2023-05-12 20:16:43,178 [WARN] ModelIntegratedComponent:63 - No mode defined for component null
2023-05-12 20:16:43,178 [WARN] ModelIntegratedComponent:63 - No mode defined for component null
2023-05-12 20:16:43,178 [WARN] ModelIntegratedComponent:63 - No mode defined for component null
2023-05-12 20:16:43,178 [WARN] ModelIntegratedComponent:63 - No mode defined for component null
2023-05-12 20:16:43,178 [WARN] ModelIntegratedComponent:63 - No mode defined for component null
2023-05-12 20:16:43,178 [WARN] ModelIntegratedComponent:63 - No mode defined for component null
2023-05-12 20:16:43,178 [WARN] ModelIntegratedComponent:63 - No mode defined for component null
2023-05-12 20:16:43,178 [WARN] ModelIntegratedComponent:63 - No mode defined for component null
2023-05-12 20:16:43,178 [WARN] ModelIntegratedComponent:63 - No mode defined for component null
2023-05-12 20:16:43,178 [WARN] ModelIntegratedComponent:63 - No mode defined for component null
2023-05-12 20:16:43,178 [WARN] ModelIntegratedComponent:63 - No mode defined for component null
2023-05-12 20:16:43,178 [WARN] ModelIntegratedComponent:63 - No mode defined for component null
2023-05-12 20:16:43,178 [WARN] ModelIntegratedComponent:63 - No mode defined for component null
2023-05-12 20:16:43,178 [WARN] ModelIntegratedComponent:63 - No mode defined for component null
2023-05-12 20:16:43,178 [WARN] ModelIntegratedComponent:63 - No mode defined for component null
2023-05-12 20:16:43,178 [WARN] ModelIntegratedComponent:63 - No mode defined for component null
2023-05-12 20:16:43,178 [WARN] ModelIntegratedComponent:63 - No mode defined for component null
2023-05-12 20:16:43,178 [WARN] ModelIntegratedComponent:63 - No mode defined for component null
2023-05-12 20:16:43,179 [WARN] ModelIntegratedComponent:63 - No mode defined for component null
2023-05-12 20:16:43,179 [WARN] ModelIntegratedComponent:63 - No mode defined for component null
2023-05-12 20:16:43,179 [WARN] ModelIntegratedComponent:63 - No mode defined for component null
2023-05-12 20:16:43,179 [WARN] ModelIntegratedComponent:63 - No mode defined for component null
2023-05-12 20:16:43,179 [WARN] ModelIntegratedComponent:63 - No mode defined for component null
2023-05-12 20:16:43,179 [WARN] ModelIntegratedComponent:63 - No mode defined for component null
2023-05-12 20:16:43,179 [WARN] ModelIntegratedComponent:63 - No mode defined for component null
2023-05-12 20:16:43,179 [WARN] ModelIntegratedComponent:63 - No mode defined for component null
2023-05-12 20:16:43,179 [WARN] ModelIntegratedComponent:63 - No mode defined for component null
2023-05-12 20:16:43,179 [WARN] ModelIntegratedComponent:63 - No mode defined for component null
2023-05-12 20:16:43,250 [INFO] RtosManager:555 - Registered RTOS mode: class=CMSIS, group=RTOS, mode=CMSIS_V1, owner=FREERTOS
2023-05-12 20:16:43,250 [INFO] RtosManager:555 - Registered RTOS mode: class=CMSIS, group=RTOS2, mode=CMSIS_V2, owner=FREERTOS
2023-05-12 20:16:43,250 [INFO] RtosManager:555 - Registered RTOS mode: class=RTOS, group=Core, mode=CMSIS_V1, owner=FREERTOS
2023-05-12 20:16:43,250 [INFO] RtosManager:555 - Registered RTOS mode: class=RTOS, group=Core, mode=CMSIS_V2, owner=FREERTOS
2023-05-12 20:16:43,250 [WARN] ModelIntegratedComponent:184 - Missing modes for component STMicroelectronics:FreeRTOS:0.0.1:STMicroelectronics:RTOS:FreeRTOS:Core:::10.2.0:
2023-05-12 20:16:43,262 [INFO] ThirdPartyModel:298 - Start build external matchings
2023-05-12 20:16:43,332 [INFO] ThirdPartyModel:316 - End build external matchings
2023-05-12 20:16:43,478 [INFO] UtilMem:75 - End LoadConfig() Used Memory: 346352192 Bytes (563085312)
2023-05-12 20:16:43,583 [INFO] ApiDb:581 - Connected to CubeFinder SQLite database (/home/vasundhra/.stmcufinder/plugins/mcufinder/mcu/cube-finder-db.db)
2023-05-12 20:16:43,624 [INFO] ApiDb:668 - CubeFinder database Data Model version=2.1
2023-05-12 20:16:43,624 [INFO] ApiDb:669 - CubeFinder database Configuration version=3.0.35
2023-05-12 20:16:43,624 [INFO] ApiDb:670 - CubeFinder database generation date=2023-04-03 (1680511692)
2023-05-12 20:16:43,624 [INFO] ApiDb:671 - CubeFinder database FW Pack versions=[FP-ATR-ASTRA1_V2.0.0, STM32Cube_FW_C0_V1.0.1, STM32Cube_FW_F0_V1.11.4, STM32Cube_FW_F3_V1.11.4, STM32Cube_FW_F4_V1.27.1, STM32Cube_FW_F7_V1.17.0, STM32Cube_FW_G0_V1.6.1, STM32Cube_FW_G4_V1.5.1, STM32Cube_FW_H5_V0.5.1, STM32Cube_FW_H5_V1.0.0, STM32Cube_FW_H7_V1.11.0, STM32Cube_FW_L0_V1.12.2, STM32Cube_FW_L5_V1.5.0, STM32Cube_FW_U5_V1.2.0, STM32Cube_FW_WBA_V1.0.0, STM32Cube_FW_WBA_V1.0.0RC1, STM32Cube_FW_WBA_V1.0.0RC3, STM32Cube_FW_WB_V1.15.0RC1, STM32Cube_FW_WB_V1.16.0, STM32Cube_FW_WB_V1.16.0RC2, STM32Cube_FW_WL_V1.3.0, X-CUBE-ALGOBUILD_V1.3.0, X-CUBE-ALS_V1.0.1, X-CUBE-AZRTOS-F4_V1.1.0, X-CUBE-AZRTOS-F7_V1.1.0, X-CUBE-AZRTOS-G0_V1.1.0, X-CUBE-AZRTOS-G4_V1.0.0, X-CUBE-AZRTOS-H7_V3.0.0, X-CUBE-AZRTOS-L4_V1.0.0, X-CUBE-AZRTOS-L5_V1.1.0, X-CUBE-AZRTOS-WB_V1.1.0, X-CUBE-AZRTOS-WL_V1.0.0, X-CUBE-BLE1_V6.2.4, X-CUBE-BLE2_V3.3.0, X-CUBE-BLEMGR_V1.3.0, X-CUBE-EEPRMA1_V4.1.0, X-CUBE-FREERTOS_V1.0.1, X-CUBE-GNSS1_V6.0.0, X-CUBE-MEMS1_V9.1.0, X-CUBE-MEMS1_V9.4.0, X-CUBE-MEMS1_V9.5.0, X-CUBE-NFC4_V3.0.0, X-CUBE-NFC7_V1.0.0, X-CUBE-SFXS2LP1_V4.0.0, X-CUBE-SUBG2_V5.0.0]
2023-05-12 20:16:45,101 [INFO] ApiDb:240 - Found 297 in-development CPN: [B-G473E-ZEST1S, B-WB1M-WPAN1, B-WL5M-SUBG1, NUCLEO-C031C6, NUCLEO-H503RB, NUCLEO-H563ZI, NUCLEO-U545RE-Q, NUCLEO-U5A5ZJ-Q, NUCLEO-WBA52CG, STEVAL-PROTEUS1, STEVAL-STWINBX1, STM320518-EVAL, STM32C0116-DK, STM32C011D6Y3TR, STM32C011D6Y6TR, STM32C011F4P3, STM32C011F4P6, STM32C011F4U3, STM32C011F4U6TR, STM32C011F6P3, STM32C011F6P6, STM32C011F6U3, STM32C011F6U6TR, STM32C011J4M3, STM32C011J4M6, STM32C011J6M3, STM32C011J6M6, STM32C0316-DK, STM32C031C4T3, STM32C031C4T6, STM32C031C4U3, STM32C031C4U6, STM32C031C6T3, STM32C031C6T6, STM32C031C6U3, STM32C031C6U6, STM32C031F4P3, STM32C031F4P6, STM32C031F6P3, STM32C031F6P6, STM32C031G4U3, STM32C031G4U6, STM32C031G6U3, STM32C031G6U6, STM32C031K4T3, STM32C031K4T6, STM32C031K4U3, STM32C031K4U6, STM32C031K6T3, STM32C031K6T6, STM32C031K6U3, STM32C031K6U6, STM32G071K8TXN, STM32G071K8UXN, STM32G081GBU6N, STM32G081KBT6N, STM32G081KBUXN, STM32G0B1CCT6N, STM32G0B1KCT6, STM32G0B1NEY6TR, STM32G0B1RCT6N, STM32G0C1CCT6, STM32G0C1CCT6N, STM32G0C1CCU6N, STM32G0C1CET6N, STM32G0C1CEU6N, STM32G0C1KCT6, STM32G0C1NEY6TR, STM32G0C1RCI6N, STM32G0C1RCT6N, STM32G0C1REI6N, STM32G0C1RET6N, STM32G0C1VCI6, STM32G0C1VEI6, STM32G471CCT6, STM32G471CCU6, STM32G471CET3, STM32G471CET6, STM32G471CEU3, STM32G471CEU6, STM32G471MCT6, STM32G471MET3, STM32G471MET6, STM32G471MEY6TR, STM32G471QCT6, STM32G471QET3, STM32G471RCT6, STM32G471RET3, STM32G471RET6, STM32G471VCH6, STM32G471VCI6, STM32G471VCT6, STM32G471VEH3, STM32G471VEH6, STM32G471VEI3, STM32G471VEI6, STM32G471VET3, STM32G471VET6, STM32G474CCT6, STM32H503CBT6, STM32H503CBU6, STM32H503EBY6TR, STM32H503KBU6, STM32H503RBT6, STM32H562AGI6, STM32H562AII6, STM32H562IGK6, STM32H562IGT6, STM32H562IIK6, STM32H562IIT6, STM32H562RGT6, STM32H562RGV6, STM32H562RIT6, STM32H562RIV6, STM32H562VGT6, STM32H562VIT6, STM32H562ZGT6, STM32H562ZIT6, STM32H563AGI6, STM32H563AII3Q, STM32H563AII6, STM32H563IGK6, STM32H563IGT6, STM32H563IIK3Q, STM32H563IIK6, STM32H563IIT3Q, STM32H563IIT6, STM32H563MIY3QTR, STM32H563RGT6, STM32H563RGV6, STM32H563RIT6, STM32H563RIV6, STM32H563VGT6, STM32H563VIT3Q, STM32H563VIT6, STM32H563ZGT6, STM32H563ZIT3Q, STM32H563ZIT6, STM32H573AII3Q, STM32H573AII6, STM32H573I-DK, STM32H573IIK3Q, STM32H573IIK6, STM32H573IIT3Q, STM32H573IIT6, STM32H573MIY3QTR, STM32H573RIT6, STM32H573RIV6, STM32H573VIT3Q, STM32H573VIT6, STM32H573ZIT3Q, STM32H573ZIT6, STM32L4R5QGI6STR, STM32MP131AAE3, STM32MP131AAF3, STM32MP131AAG3, STM32MP131CAE3, STM32MP131CAF3, STM32MP131CAG3, STM32MP131DAE7, STM32MP131DAF7, STM32MP131DAG7, STM32MP131FAE7, STM32MP131FAF7, STM32MP131FAG7, STM32MP133AAE3, STM32MP133AAF3, STM32MP133AAG3, STM32MP133CAE3, STM32MP133CAF3, STM32MP133CAG3, STM32MP133DAE7, STM32MP133DAF7, STM32MP133DAG7, STM32MP133FAE7, STM32MP133FAF7, STM32MP133FAG7, STM32MP135AAE3, STM32MP135AAF3, STM32MP135AAG3, STM32MP135CAE3, STM32MP135CAF3, STM32MP135CAG3, STM32MP135DAE7, STM32MP135DAF7, STM32MP135DAG7, STM32MP135F-DK, STM32MP135FAE7, STM32MP135FAF7, STM32MP135FAF7T, STM32MP135FAF7U, STM32MP135FAG7, STM32U535CBT6, STM32U535CBT6Q, STM32U535CBU6, STM32U535CBU6Q, STM32U535CCT6, STM32U535CCT6Q, STM32U535CCU6, STM32U535CCU6Q, STM32U535CET6, STM32U535CET6Q, STM32U535CEU6, STM32U535CEU6Q, STM32U535JEY6QTR, STM32U535NCY6QTR, STM32U535NEY6QTR, STM32U535RBI6, STM32U535RBI6Q, STM32U535RBT6, STM32U535RBT6Q, STM32U535RCI6, STM32U535RCI6Q, STM32U535RCT6, STM32U535RCT6Q, STM32U535REI6, STM32U535REI6Q, STM32U535RET6, STM32U535RET6Q, STM32U535VCI6, STM32U535VCI6Q, STM32U535VCT6, STM32U535VCT6Q, STM32U535VEI6, STM32U535VEI6Q, STM32U535VET6, STM32U535VET6Q, STM32U545CET6, STM32U545CET6Q, STM32U545CEU6, STM32U545CEU6Q, STM32U545JEY6QTR, STM32U545NEY6QTR, STM32U545REI6, STM32U545REI6Q, STM32U545RET6, STM32U545RET6Q, STM32U545VEI6, STM32U545VEI6Q, STM32U545VET6, STM32U545VET6Q, STM32U595AIH6, STM32U595AIH6Q, STM32U595AJH6, STM32U595AJH6Q, STM32U595QII6, STM32U595QII6Q, STM32U595QJI6, STM32U595QJI6Q, STM32U595RIT6, STM32U595RIT6Q, STM32U595RJT6, STM32U595RJT6Q, STM32U595VIT6, STM32U595VIT6Q, STM32U595VJT6, STM32U595VJT6Q, STM32U595ZIT6, STM32U595ZIT6Q, STM32U595ZIY6QTR, STM32U595ZJT6, STM32U595ZJT6Q, STM32U595ZJY6QTR, STM32U599BJY6QTR, STM32U599NIH6Q, STM32U599NJH6Q, STM32U599VIT6Q, STM32U599VJT6, STM32U599VJT6Q, STM32U599ZIT6Q, STM32U599ZIY6QTR, STM32U599ZJT6Q, STM32U599ZJY6QTR, STM32U5A5AJH6, STM32U5A5AJH6Q, STM32U5A5QJI6, STM32U5A5QJI6Q, STM32U5A5RJT6, STM32U5A5RJT6Q, STM32U5A5VJT6, STM32U5A5VJT6Q, STM32U5A5ZJT6, STM32U5A5ZJT6Q, STM32U5A5ZJY6QTR, STM32U5A9BJY6QTR, STM32U5A9J-DK, STM32U5A9NJH6Q, STM32U5A9VJT6Q, STM32U5A9ZJT6Q, STM32U5A9ZJY6QTR, STM32WB1MMCH6, STM32WBA52CEU6, STM32WBA52CEU6T, STM32WBA52CGU6, STM32WBA52CGU6T, STM32WL5MOCH6, STM32WL5MOCH6TR]
2023-05-12 20:16:45,104 [INFO] DbMcus:216 - Found 3775 MCUs, 3775 are supported
2023-05-12 20:16:45,105 [INFO] ApiDb:423 - Load user favorites file /home/vasundhra/.stm32cubeide/favorites.mcus.txt: 0 item(s)
2023-05-12 20:16:45,105 [INFO] ApiDb:427 - User favorites MCUs=[]
2023-05-12 20:16:45,105 [INFO] DbMcus:222 - Set 0 / 0 favorites MCUs
2023-05-12 20:16:45,377 [WARN] ThirdParty:833 - waiting for thirdparty lock release [change project]
2023-05-12 20:16:45,377 [INFO] ThirdParty:835 - entering critical section [change project]
2023-05-12 20:16:45,378 [INFO] ThirdParty:1030 - CMSIS Pack Vendor :STMicroelectronics X-CUBE-ISPU 1.1.0
2023-05-12 20:16:45,378 [INFO] ThirdParty:1030 - CMSIS Pack Vendor :STMicroelectronics X-CUBE-DISPLAY 3.0.0
2023-05-12 20:16:45,378 [INFO] ThirdParty:1030 - CMSIS Pack Vendor :STMicroelectronics X-CUBE-GNSS1 6.0.0
2023-05-12 20:16:45,378 [INFO] ThirdParty:1030 - CMSIS Pack Vendor :STMicroelectronics USB_HOST 2.0.0
2023-05-12 20:16:45,378 [INFO] ThirdParty:1030 - CMSIS Pack Vendor :STMicroelectronics LIBJPEG 8.0.0
2023-05-12 20:16:45,378 [INFO] ThirdParty:1030 - CMSIS Pack Vendor :STMicroelectronics FP-ATR-SIGFOX1 3.2.0
2023-05-12 20:16:45,378 [INFO] ThirdParty:1030 - CMSIS Pack Vendor :STMicroelectronics USB_DEVICE 3.0.0
2023-05-12 20:16:45,378 [INFO] ThirdParty:1030 - CMSIS Pack Vendor :STMicroelectronics HAL Drivers 0.0.0
2023-05-12 20:16:45,378 [INFO] ThirdParty:1030 - CMSIS Pack Vendor :STMicroelectronics MBEDTLS 2.16.2
2023-05-12 20:16:45,378 [INFO] ThirdParty:1030 - CMSIS Pack Vendor :STMicroelectronics X-CUBE-AI 8.0.0
2023-05-12 20:16:45,378 [INFO] ThirdParty:1030 - CMSIS Pack Vendor :STMicroelectronics MBEDTLS 2.14.1
2023-05-12 20:16:45,378 [INFO] ThirdParty:1030 - CMSIS Pack Vendor :STMicroelectronics X-CUBE-NFC7 1.0.0
2023-05-12 20:16:45,378 [INFO] ThirdParty:1030 - CMSIS Pack Vendor :STMicroelectronics X-CUBE-EEPRMA1 4.1.0
2023-05-12 20:16:45,378 [INFO] ThirdParty:1030 - CMSIS Pack Vendor :STMicroelectronics X-CUBE-ALS 1.0.1
2023-05-12 20:16:45,378 [INFO] ThirdParty:1030 - CMSIS Pack Vendor :STMicroelectronics USB_DEVICE 2.0.0
2023-05-12 20:16:45,378 [INFO] ThirdParty:1030 - CMSIS Pack Vendor :STMicroelectronics X-CUBE-MEMS1 9.5.0
2023-05-12 20:16:45,378 [INFO] ThirdParty:1030 - CMSIS Pack Vendor :STMicroelectronics ThreadX 1.0.0
2023-05-12 20:16:45,378 [INFO] ThirdParty:1030 - CMSIS Pack Vendor :STMicroelectronics X-CUBE-ALGOBUILD 1.3.0
2023-05-12 20:16:45,378 [INFO] ThirdParty:1030 - CMSIS Pack Vendor :STMicroelectronics X-CUBE-BLE1 6.2.4
2023-05-12 20:16:45,378 [INFO] ThirdParty:1030 - CMSIS Pack Vendor :STMicroelectronics FreeRTOS 0.0.1
2023-05-12 20:16:45,378 [INFO] ThirdParty:1030 - CMSIS Pack Vendor :STMicroelectronics USB_DEVICE 1.0.0
2023-05-12 20:16:45,378 [INFO] ThirdParty:1030 - CMSIS Pack Vendor :STMicroelectronics X-CUBE-SUBG2 5.0.0
2023-05-12 20:16:45,378 [INFO] ThirdParty:1030 - CMSIS Pack Vendor :STMicroelectronics X-CUBE-NFC4 3.0.0
2023-05-12 20:16:45,378 [INFO] ThirdParty:1030 - CMSIS Pack Vendor :STMicroelectronics STM32_WPAN 1.0.0
2023-05-12 20:16:45,378 [INFO] ThirdParty:1030 - CMSIS Pack Vendor :STMicroelectronics ThreadX 0.0.2
2023-05-12 20:16:45,378 [INFO] ThirdParty:1030 - CMSIS Pack Vendor :STMicroelectronics lwIP 2.1.2
2023-05-12 20:16:45,378 [INFO] ThirdParty:1030 - CMSIS Pack Vendor :STMicroelectronics lwIP 2.0.3
2023-05-12 20:16:45,379 [INFO] ThirdParty:1030 - CMSIS Pack Vendor :STMicroelectronics X-CUBE-SFXS2LP1 4.0.0
2023-05-12 20:16:45,379 [INFO] ThirdParty:1030 - CMSIS Pack Vendor :STMicroelectronics X-CUBE-BLE2 3.3.0
2023-05-12 20:16:45,379 [INFO] ThirdParty:1030 - CMSIS Pack Vendor :STMicroelectronics USB_HOST 1.0.0
2023-05-12 20:16:45,379 [INFO] ThirdParty:1030 - CMSIS Pack Vendor :STMicroelectronics PDM2PCM 3.1.0
2023-05-12 20:16:45,379 [INFO] ThirdParty:1030 - CMSIS Pack Vendor :STMicroelectronics FP-ATR-ASTRA1 1.1.1
2023-05-12 20:16:45,379 [INFO] ThirdParty:1030 - CMSIS Pack Vendor :STMicroelectronics PDM2PCM 3.2.0
2023-05-12 20:16:45,379 [INFO] ThirdParty:1030 - CMSIS Pack Vendor :STMicroelectronics PDM2PCM 3.3.0
2023-05-12 20:16:45,379 [INFO] ThirdParty:841 - exiting critical section [change project]
2023-05-12 20:16:45,700 [INFO] PinOutPanel:1499 - setPackage(No Configuration,No Configuration)
2023-05-12 20:16:45,701 [INFO] PinOutPanel:1499 - setPackage(STM32F446RETx,LQFP64)
2023-05-12 20:16:46,117 [INFO] UtilMem:75 - Before build in PCC Used Memory: 280516608 Bytes (563085312)
2023-05-12 20:16:46,603 [INFO] UtilMem:75 - After build in PCC Used Memory: 441400112 Bytes (563085312)
2023-05-12 20:16:46,624 [INFO] IPUIPlugin:80 - create IPUIPlugin
2023-05-12 20:16:46,625 [INFO] IPUIPlugin:80 - create IPUIPlugin
2023-05-12 20:16:46,625 [INFO] IPUIPlugin:80 - create IPUIPlugin
2023-05-12 20:16:46,625 [INFO] IPUIPlugin:80 - create IPUIPlugin
2023-05-12 20:16:46,625 [INFO] IPUIPlugin:80 - create IPUIPlugin
2023-05-12 20:16:46,625 [INFO] IPUIPlugin:80 - create IPUIPlugin
2023-05-12 20:16:46,625 [INFO] IPUIPlugin:80 - create IPUIPlugin
2023-05-12 20:16:46,625 [INFO] IPUIPlugin:80 - create IPUIPlugin
2023-05-12 20:16:46,625 [INFO] IPUIPlugin:80 - create IPUIPlugin
2023-05-12 20:16:46,625 [INFO] IPUIPlugin:80 - create IPUIPlugin
2023-05-12 20:16:46,625 [INFO] IPUIPlugin:80 - create IPUIPlugin
2023-05-12 20:16:46,626 [INFO] IPUIPlugin:80 - create IPUIPlugin
2023-05-12 20:16:46,626 [INFO] IPUIPlugin:80 - create IPUIPlugin
2023-05-12 20:16:46,626 [INFO] IPUIPlugin:80 - create IPUIPlugin
2023-05-12 20:16:46,626 [INFO] IPUIPlugin:80 - create IPUIPlugin
2023-05-12 20:16:46,626 [INFO] IPUIPlugin:80 - create IPUIPlugin
2023-05-12 20:16:46,626 [INFO] IPUIPlugin:80 - create IPUIPlugin
2023-05-12 20:16:46,626 [INFO] IPUIPlugin:80 - create IPUIPlugin
2023-05-12 20:16:46,626 [INFO] IPUIPlugin:80 - create IPUIPlugin
2023-05-12 20:16:46,626 [INFO] IPUIPlugin:80 - create IPUIPlugin
2023-05-12 20:16:46,627 [INFO] IPUIPlugin:80 - create IPUIPlugin
2023-05-12 20:16:46,627 [INFO] IPUIPlugin:80 - create IPUIPlugin
2023-05-12 20:16:46,627 [INFO] IPUIPlugin:80 - create IPUIPlugin
2023-05-12 20:16:46,627 [INFO] IPUIPlugin:80 - create IPUIPlugin
2023-05-12 20:16:46,627 [INFO] IPUIPlugin:80 - create IPUIPlugin
2023-05-12 20:16:46,627 [INFO] IPUIPlugin:80 - create IPUIPlugin
2023-05-12 20:16:46,627 [INFO] IPUIPlugin:80 - create IPUIPlugin
2023-05-12 20:16:46,627 [INFO] IPUIPlugin:80 - create IPUIPlugin
2023-05-12 20:16:46,628 [INFO] IPUIPlugin:80 - create IPUIPlugin
2023-05-12 20:16:46,628 [INFO] IPUIPlugin:80 - create IPUIPlugin
2023-05-12 20:16:46,628 [INFO] IPUIPlugin:80 - create IPUIPlugin
2023-05-12 20:16:46,628 [INFO] IPUIPlugin:80 - create IPUIPlugin
2023-05-12 20:16:46,628 [INFO] IPUIPlugin:80 - create IPUIPlugin
2023-05-12 20:16:46,628 [INFO] IPUIPlugin:80 - create IPUIPlugin
2023-05-12 20:16:46,629 [INFO] IPUIPlugin:80 - create IPUIPlugin
2023-05-12 20:16:46,629 [INFO] IPUIPlugin:80 - create IPUIPlugin
2023-05-12 20:16:46,629 [INFO] IPUIPlugin:80 - create IPUIPlugin
2023-05-12 20:16:46,629 [INFO] IPUIPlugin:80 - create IPUIPlugin
2023-05-12 20:16:46,629 [INFO] IPUIPlugin:80 - create IPUIPlugin
2023-05-12 20:16:46,629 [INFO] IPUIPlugin:80 - create IPUIPlugin
2023-05-12 20:16:46,629 [INFO] IPUIPlugin:80 - create IPUIPlugin
2023-05-12 20:16:46,629 [INFO] IPUIPlugin:80 - create IPUIPlugin
2023-05-12 20:16:46,629 [INFO] IPUIPlugin:80 - create IPUIPlugin
2023-05-12 20:16:46,629 [INFO] IPUIPlugin:80 - create IPUIPlugin
2023-05-12 20:16:46,629 [INFO] IPUIPlugin:80 - create IPUIPlugin
2023-05-12 20:16:46,629 [INFO] IPUIPlugin:80 - create IPUIPlugin
2023-05-12 20:16:46,629 [INFO] IPUIPlugin:80 - create IPUIPlugin
2023-05-12 20:16:46,629 [INFO] IPUIPlugin:80 - create IPUIPlugin
2023-05-12 20:16:46,630 [INFO] IPUIPlugin:80 - create IPUIPlugin
2023-05-12 20:16:46,630 [INFO] IPUIPlugin:80 - create IPUIPlugin
2023-05-12 20:16:46,630 [INFO] IPUIPlugin:80 - create IPUIPlugin
2023-05-12 20:16:46,630 [INFO] IPUIPlugin:80 - create IPUIPlugin
2023-05-12 20:16:46,630 [INFO] IPUIPlugin:80 - create IPUIPlugin
2023-05-12 20:16:46,630 [INFO] IPUIPlugin:80 - create IPUIPlugin
2023-05-12 20:16:46,630 [INFO] IPUIPlugin:80 - create IPUIPlugin
2023-05-12 20:16:46,631 [INFO] IPUIPlugin:80 - create IPUIPlugin
2023-05-12 20:16:46,631 [INFO] IPUIPlugin:80 - create IPUIPlugin
2023-05-12 20:16:46,632 [INFO] IPUIPlugin:80 - create IPUIPlugin
2023-05-12 20:16:46,632 [INFO] IPUIPlugin:80 - create IPUIPlugin
2023-05-12 20:16:46,632 [INFO] IPUIPlugin:80 - create IPUIPlugin
2023-05-12 20:16:46,672 [INFO] ApiDbMcu:507 - Load IP Config File for PDM2PCM
2023-05-12 20:16:46,802 [INFO] CADModel:165 - CPN selected for project levelSTM32F446RET6
2023-05-12 20:16:46,802 [INFO] CADModel:114 - Register for checkConnection events
2023-05-12 20:16:46,843 [INFO] OpenFileManager:328 - Restore cursor
