2023-03-23 09:58:43,584 [INFO] Activator:176 - 


2023-03-23 09:58:43,587 [INFO] Activator:177 - !SESSION log4j initialized
2023-03-23 09:58:47,489 [INFO] LogOutputStream:77 - [STDOUT_REDIRECT] 
2023-03-23 09:59:08,058 [ERROR] LogOutputStream:75 - [STDERR_REDIRECT] SLF4J: Failed to load class "org.slf4j.impl.StaticLoggerBinder".
2023-03-23 09:59:08,058 [ERROR] LogOutputStream:75 - [STDERR_REDIRECT] SLF4J: Defaulting to no-operation (NOP) logger implementation
2023-03-23 09:59:08,059 [ERROR] LogOutputStream:75 - [STDERR_REDIRECT] SLF4J: See http://www.slf4j.org/codes.html#StaticLoggerBinder for further details.
2023-03-23 15:25:37,196 [ERROR] LogOutputStream:75 - [STDERR_REDIRECT] Warning: NLS missing message: ExternalToolsPreferencePage_External_tool_project_builders_migration_2 in: org.eclipse.ui.externaltools.internal.ui.ExternalToolsUIMessages
2023-03-23 15:25:37,196 [ERROR] LogOutputStream:75 - [STDERR_REDIRECT] Warning: NLS missing message: ExternalToolsPreferencePage_Prompt_before_migrating_3 in: org.eclipse.ui.externaltools.internal.ui.ExternalToolsUIMessages
2023-03-23 15:25:37,197 [ERROR] LogOutputStream:75 - [STDERR_REDIRECT] Warning: NLS missing message: ExternalToolsPreferencePage_1 in: org.eclipse.ui.externaltools.internal.ui.ExternalToolsUIMessages
2023-03-23 15:27:48,594 [INFO] ApplicationProperties:184 - Using Application install path: /opt/st/stm32cubeide_1.12.0/plugins/com.st.stm32cube.common.mx_6.8.0.202302231600
2023-03-23 15:27:48,607 [INFO] DbMcusXml:78 - Set database path to: /opt/st/stm32cubeide_1.12.0/plugins/com.st.stm32cube.common.mx_6.8.0.202302231600//db//mcu/
2023-03-23 15:27:48,608 [INFO] ApiDb:274 - Set plugin database path to: /opt/st/stm32cubeide_1.12.0/plugins/com.st.stm32cube.common.mx_6.8.0.202302231600//db//plugins/boardmanager/
2023-03-23 15:27:48,609 [WARN] ApiDb:259 - Overriding images path with different value:  => /opt/st/stm32cubeide_1.12.0/plugins/com.st.stm32cube.common.mx_6.8.0.202302231600//db//plugins/mcufinder/images/
2023-03-23 15:27:48,618 [INFO] ApiDb:250 - Set database path to: /home/vasundhra/.stmcufinder/plugins/mcufinder//mcu/
2023-03-23 15:27:48,619 [INFO] DbMcusAds:125 - Set database path to: /home/vasundhra/.stmcufinder/plugins/mcufinder//mcu/
2023-03-23 15:27:48,633 [INFO] CrossReferenceDbSqlite:203 - Set database path to: /home/vasundhra/.stmcufinder/plugins/mcufinder//mcu/cs/
2023-03-23 15:27:48,700 [INFO] RulesReader:64 - Compatibility file has been processed (293 Rules)
2023-03-23 15:27:48,738 [INFO] DbMcusXml:78 - Set database path to: /opt/st/stm32cubeide_1.12.0/plugins/com.st.stm32cube.common.mx_6.8.0.202302231600//db//mcu/
2023-03-23 15:27:48,738 [INFO] ApiDb:274 - Set plugin database path to: /opt/st/stm32cubeide_1.12.0/plugins/com.st.stm32cube.common.mx_6.8.0.202302231600//db//plugins/boardmanager/
2023-03-23 15:27:48,738 [INFO] ApiDb:261 - Set plugin images path to: /opt/st/stm32cubeide_1.12.0/plugins/com.st.stm32cube.common.mx_6.8.0.202302231600//db//plugins/mcufinder/images/
2023-03-23 15:27:48,738 [WARN] DbFile:41 - Overriding database path with different value: /home/vasundhra/.stmcufinder/plugins/mcufinder/ => /home/vasundhra/.stmcufinder/plugins/mcufinder
2023-03-23 15:27:48,738 [INFO] ApiDb:250 - Set database path to: /home/vasundhra/.stmcufinder/plugins/mcufinder//mcu/
2023-03-23 15:27:48,739 [WARN] DbFile:41 - Overriding database path with different value: /home/vasundhra/.stmcufinder/plugins/mcufinder/ => /home/vasundhra/.stmcufinder/plugins/mcufinder
2023-03-23 15:27:48,739 [INFO] DbMcusAds:125 - Set database path to: /home/vasundhra/.stmcufinder/plugins/mcufinder//mcu/
2023-03-23 15:27:48,739 [WARN] DbFile:41 - Overriding database path with different value: /home/vasundhra/.stmcufinder/plugins/mcufinder/ => /home/vasundhra/.stmcufinder/plugins/mcufinder
2023-03-23 15:27:48,739 [WARN] DbFile:41 - Overriding database path with different value: /home/vasundhra/.stmcufinder/plugins/mcufinder/ => /home/vasundhra/.stmcufinder/plugins/mcufinder
2023-03-23 15:27:48,739 [INFO] CrossReferenceDbSqlite:203 - Set database path to: /home/vasundhra/.stmcufinder/plugins/mcufinder//mcu/cs/
2023-03-23 15:27:48,787 [INFO] MainPanel:253 - HeapMemory: 408944640
2023-03-23 15:27:48,853 [INFO] DbMcusXml:78 - Set database path to: /opt/st/stm32cubeide_1.12.0/plugins/com.st.stm32cube.common.mx_6.8.0.202302231600//db//mcu/
2023-03-23 15:27:48,853 [INFO] ApiDb:274 - Set plugin database path to: /opt/st/stm32cubeide_1.12.0/plugins/com.st.stm32cube.common.mx_6.8.0.202302231600//db//plugins/boardmanager/
2023-03-23 15:27:48,853 [INFO] ApiDb:261 - Set plugin images path to: /opt/st/stm32cubeide_1.12.0/plugins/com.st.stm32cube.common.mx_6.8.0.202302231600//db//plugins/mcufinder/images/
2023-03-23 15:27:48,853 [WARN] DbFile:41 - Overriding database path with different value: /home/vasundhra/.stmcufinder/plugins/mcufinder/ => /home/vasundhra/.stmcufinder/plugins/mcufinder
2023-03-23 15:27:48,853 [INFO] ApiDb:250 - Set database path to: /home/vasundhra/.stmcufinder/plugins/mcufinder//mcu/
2023-03-23 15:27:48,853 [WARN] DbFile:41 - Overriding database path with different value: /home/vasundhra/.stmcufinder/plugins/mcufinder/ => /home/vasundhra/.stmcufinder/plugins/mcufinder
2023-03-23 15:27:48,853 [INFO] DbMcusAds:125 - Set database path to: /home/vasundhra/.stmcufinder/plugins/mcufinder//mcu/
2023-03-23 15:27:48,854 [WARN] DbFile:41 - Overriding database path with different value: /home/vasundhra/.stmcufinder/plugins/mcufinder/ => /home/vasundhra/.stmcufinder/plugins/mcufinder
2023-03-23 15:27:48,854 [WARN] DbFile:41 - Overriding database path with different value: /home/vasundhra/.stmcufinder/plugins/mcufinder/ => /home/vasundhra/.stmcufinder/plugins/mcufinder
2023-03-23 15:27:48,854 [INFO] CrossReferenceDbSqlite:203 - Set database path to: /home/vasundhra/.stmcufinder/plugins/mcufinder//mcu/cs/
2023-03-23 15:27:48,865 [INFO] ApplicationProperties:184 - Using Application install path: /opt/st/stm32cubeide_1.12.0/plugins/com.st.stm32cube.common.mx_6.8.0.202302231600
2023-03-23 15:27:48,867 [INFO] PluginManage:196 - Search for loadable plugins [exclusion list=, ]
2023-03-23 15:27:48,867 [INFO] PluginManage:310 - Check plugin analytics
2023-03-23 15:27:48,995 [INFO] AnalyticsPlugin:253 - Accepted Software Licenses: 
2023-03-23 15:27:48,995 [INFO] AnalyticsPlugin:255 - Accepted CMSIS Pack Licenses: 
2023-03-23 15:27:48,995 [INFO] AnalyticsPlugin:257 - Accepted Firmware Licenses: FW.F4.1.27.0
2023-03-23 15:27:48,998 [INFO] PluginManage:359 - Loaded plugin analytics (category:tool,tabindex:-1)
2023-03-23 15:27:48,998 [INFO] PluginManage:310 - Check plugin cadmodel
2023-03-23 15:27:49,029 [INFO] CADModel:105 - Init CAD model plugin
2023-03-23 15:27:49,029 [INFO] PluginManage:359 - Loaded plugin cadmodel (category:power,tabindex:5)
2023-03-23 15:27:49,029 [INFO] PluginManage:310 - Check plugin clock
2023-03-23 15:27:49,037 [INFO] PluginManage:359 - Loaded plugin clock (category:base,tabindex:2)
2023-03-23 15:27:49,037 [INFO] PluginManage:310 - Check plugin ddr
2023-03-23 15:27:49,039 [INFO] PluginManage:359 - Loaded plugin ddr (category:tool,tabindex:6)
2023-03-23 15:27:49,039 [INFO] PluginManage:310 - Check plugin filemanager
2023-03-23 15:27:49,133 [INFO] PluginManage:359 - Loaded plugin filemanager (category:base,tabindex:10)
2023-03-23 15:27:49,133 [INFO] PluginManage:310 - Check plugin ipmanager
2023-03-23 15:27:49,137 [INFO] PluginManage:359 - Loaded plugin ipmanager (category:base,tabindex:5)
2023-03-23 15:27:49,137 [INFO] PluginManage:310 - Check plugin lpbam
2023-03-23 15:27:49,144 [INFO] PluginManage:359 - Loaded plugin lpbam (category:base,tabindex:0)
2023-03-23 15:27:49,144 [INFO] PluginManage:310 - Check plugin pinoutandconfiguration
2023-03-23 15:27:49,151 [INFO] PluginManage:359 - Loaded plugin pinoutandconfiguration (category:base,tabindex:1)
2023-03-23 15:27:49,151 [INFO] PluginManage:310 - Check plugin pinoutconfig
2023-03-23 15:27:49,208 [WARN] SupportedApi:132 - Cannot load RTOS API schema: s4s-elt-must-match.1: The content of 'definitions' must match (annotation?, (simpleType | complexType)?, (unique | key | keyref)*)). A problem was found starting at: attribute.
2023-03-23 15:27:49,295 [INFO] PluginManage:359 - Loaded plugin pinoutconfig (category:base,tabindex:0)
2023-03-23 15:27:49,295 [INFO] PluginManage:310 - Check plugin power
2023-03-23 15:27:49,304 [INFO] PluginManage:359 - Loaded plugin power (category:power,tabindex:4)
2023-03-23 15:27:49,304 [INFO] PluginManage:310 - Check plugin projectmanager
2023-03-23 15:27:49,314 [INFO] PluginManage:359 - Loaded plugin projectmanager (category:projectmanager,tabindex:3)
2023-03-23 15:27:49,314 [INFO] PluginManage:310 - Check plugin thirdparty
2023-03-23 15:27:49,385 [INFO] PluginManage:359 - Loaded plugin thirdparty (category:base,tabindex:-1)
2023-03-23 15:27:49,385 [WARN] IntegrityCheckThread:84 - waiting for thirdparty lock release [integrity check]
2023-03-23 15:27:49,385 [INFO] PluginManage:310 - Check plugin tools
2023-03-23 15:27:49,385 [INFO] IntegrityCheckThread:86 - entering critical section [integrity check]
2023-03-23 15:27:49,386 [INFO] ThirdPartyUpdaterWithRetryManager:70 - Updater plugin not ready yet. [1/15]
2023-03-23 15:27:49,387 [INFO] PluginManage:359 - Loaded plugin tools (category:base,tabindex:7)
2023-03-23 15:27:49,387 [INFO] PluginManage:310 - Check plugin tutovideos
2023-03-23 15:27:49,518 [INFO] PluginManage:359 - Loaded plugin tutovideos (category:base,tabindex:-1)
2023-03-23 15:27:49,518 [INFO] PluginManage:310 - Check plugin updater
2023-03-23 15:27:49,529 [INFO] PluginManage:359 - Loaded plugin updater (category:base,tabindex:12)
2023-03-23 15:27:49,529 [INFO] PluginManage:283 - PluginManage : Loaded plugins [15]
2023-03-23 15:27:49,669 [INFO] PinOutPanel:1499 - setPackage(No Configuration,No Configuration)
2023-03-23 15:27:49,710 [INFO] CADModel:165 - CPN selected for project level
2023-03-23 15:27:49,710 [INFO] CADModel:114 - Register for checkConnection events
2023-03-23 15:27:49,720 [INFO] IPUIPlugin:80 - create IPUIPlugin
2023-03-23 15:27:49,720 [INFO] PluginManager:220 - loadIPPluginJar : add nvic
2023-03-23 15:27:49,726 [INFO] IPUIPlugin:80 - create IPUIPlugin
2023-03-23 15:27:49,726 [INFO] PluginManager:220 - loadIPPluginJar : add ipddr
2023-03-23 15:27:49,728 [INFO] IPUIPlugin:80 - create IPUIPlugin
2023-03-23 15:27:49,728 [INFO] PluginManager:220 - loadIPPluginJar : add lorawan
2023-03-23 15:27:49,735 [INFO] IPUIPlugin:80 - create IPUIPlugin
2023-03-23 15:27:49,735 [INFO] PluginManager:220 - loadIPPluginJar : add adc
2023-03-23 15:27:49,737 [INFO] IPUIPlugin:80 - create IPUIPlugin
2023-03-23 15:27:49,737 [INFO] PluginManager:220 - loadIPPluginJar : add cryp
2023-03-23 15:27:49,738 [INFO] IPUIPlugin:80 - create IPUIPlugin
2023-03-23 15:27:49,738 [INFO] PluginManager:220 - loadIPPluginJar : add tim
2023-03-23 15:27:49,740 [INFO] IPUIPlugin:80 - create IPUIPlugin
2023-03-23 15:27:49,740 [INFO] PluginManager:220 - loadIPPluginJar : add usbx
2023-03-23 15:27:49,741 [INFO] IPUIPlugin:80 - create IPUIPlugin
2023-03-23 15:27:49,742 [INFO] PluginManager:220 - loadIPPluginJar : add fatfs
2023-03-23 15:27:49,746 [INFO] IPUIPlugin:80 - create IPUIPlugin
2023-03-23 15:27:49,747 [INFO] PluginManager:220 - loadIPPluginJar : add freertos
2023-03-23 15:27:49,748 [INFO] IPUIPlugin:80 - create IPUIPlugin
2023-03-23 15:27:49,748 [INFO] PluginManager:220 - loadIPPluginJar : add gfxmmu
2023-03-23 15:27:49,752 [INFO] IPUIPlugin:80 - create IPUIPlugin
2023-03-23 15:27:49,752 [INFO] PluginManager:220 - loadIPPluginJar : add fmc
2023-03-23 15:27:49,753 [INFO] IPUIPlugin:80 - create IPUIPlugin
2023-03-23 15:27:49,753 [INFO] PluginManager:220 - loadIPPluginJar : add genericplugin
2023-03-23 15:27:49,755 [INFO] IPUIPlugin:80 - create IPUIPlugin
2023-03-23 15:27:49,756 [INFO] PluginManager:220 - loadIPPluginJar : add touchsensing
2023-03-23 15:27:49,757 [INFO] IPUIPlugin:80 - create IPUIPlugin
2023-03-23 15:27:49,757 [INFO] PluginManager:220 - loadIPPluginJar : add tracer_emb
2023-03-23 15:27:49,759 [INFO] IPUIPlugin:80 - create IPUIPlugin
2023-03-23 15:27:49,759 [INFO] PluginManager:220 - loadIPPluginJar : add hash
2023-03-23 15:27:49,764 [INFO] IPUIPlugin:80 - create IPUIPlugin
2023-03-23 15:27:49,764 [INFO] PluginManager:220 - loadIPPluginJar : add dma
2023-03-23 15:27:49,768 [INFO] IPUIPlugin:80 - create IPUIPlugin
2023-03-23 15:27:49,769 [INFO] PluginManager:220 - loadIPPluginJar : add gic
2023-03-23 15:27:49,771 [INFO] IPUIPlugin:80 - create IPUIPlugin
2023-03-23 15:27:49,771 [INFO] PluginManager:220 - loadIPPluginJar : add aes
2023-03-23 15:27:49,772 [INFO] IPUIPlugin:80 - create IPUIPlugin
2023-03-23 15:27:49,773 [INFO] PluginManager:220 - loadIPPluginJar : add usart
2023-03-23 15:27:49,775 [INFO] IPUIPlugin:80 - create IPUIPlugin
2023-03-23 15:27:49,775 [INFO] PluginManager:220 - loadIPPluginJar : add pdm2pcm
2023-03-23 15:27:49,776 [INFO] IPUIPlugin:80 - create IPUIPlugin
2023-03-23 15:27:49,776 [INFO] PluginManager:220 - loadIPPluginJar : add quadspi
2023-03-23 15:27:49,781 [INFO] IPUIPlugin:80 - create IPUIPlugin
2023-03-23 15:27:49,784 [INFO] PluginManager:220 - loadIPPluginJar : add plateformsettings
2023-03-23 15:27:49,790 [INFO] IPUIPlugin:80 - create IPUIPlugin
2023-03-23 15:27:49,790 [INFO] PluginManager:220 - loadIPPluginJar : add mdma
2023-03-23 15:27:49,793 [INFO] IPUIPlugin:80 - create IPUIPlugin
2023-03-23 15:27:49,794 [INFO] PluginManager:220 - loadIPPluginJar : add resmgrutility
2023-03-23 15:27:49,795 [INFO] IPUIPlugin:80 - create IPUIPlugin
2023-03-23 15:27:49,795 [INFO] PluginManager:220 - loadIPPluginJar : add ts
2023-03-23 15:27:49,797 [INFO] IPUIPlugin:80 - create IPUIPlugin
2023-03-23 15:27:49,797 [INFO] PluginManager:220 - loadIPPluginJar : add i2s
2023-03-23 15:27:49,798 [INFO] IPUIPlugin:80 - create IPUIPlugin
2023-03-23 15:27:49,798 [INFO] PluginManager:220 - loadIPPluginJar : add ltdc
2023-03-23 15:27:49,800 [INFO] IPUIPlugin:80 - create IPUIPlugin
2023-03-23 15:27:49,800 [INFO] PluginManager:220 - loadIPPluginJar : add dma3
2023-03-23 15:27:49,802 [INFO] IPUIPlugin:80 - create IPUIPlugin
2023-03-23 15:27:49,802 [INFO] PluginManager:220 - loadIPPluginJar : add can
2023-03-23 15:27:49,808 [INFO] IPUIPlugin:80 - create IPUIPlugin
2023-03-23 15:27:49,808 [INFO] PluginManager:220 - loadIPPluginJar : add linkedlist
2023-03-23 15:27:49,810 [INFO] IPUIPlugin:80 - create IPUIPlugin
2023-03-23 15:27:49,810 [INFO] PluginManager:220 - loadIPPluginJar : add spi
2023-03-23 15:27:49,812 [INFO] IPUIPlugin:80 - create IPUIPlugin
2023-03-23 15:27:49,812 [INFO] PluginManager:220 - loadIPPluginJar : add i3c
2023-03-23 15:27:49,813 [INFO] IPUIPlugin:80 - create IPUIPlugin
2023-03-23 15:27:49,814 [INFO] PluginManager:220 - loadIPPluginJar : add comp
2023-03-23 15:27:49,816 [INFO] IPUIPlugin:80 - create IPUIPlugin
2023-03-23 15:27:49,816 [INFO] PluginManager:220 - loadIPPluginJar : add i2c
2023-03-23 15:27:49,817 [INFO] IPUIPlugin:80 - create IPUIPlugin
2023-03-23 15:27:49,817 [INFO] PluginManager:220 - loadIPPluginJar : add dfsdm
2023-03-23 15:27:49,819 [INFO] IPUIPlugin:80 - create IPUIPlugin
2023-03-23 15:27:49,819 [INFO] PluginManager:220 - loadIPPluginJar : add gtzc
2023-03-23 15:27:49,823 [INFO] IPUIPlugin:80 - create IPUIPlugin
2023-03-23 15:27:49,823 [INFO] PluginManager:220 - loadIPPluginJar : add gpio
2023-03-23 15:27:49,825 [INFO] IPUIPlugin:80 - create IPUIPlugin
2023-03-23 15:27:49,825 [INFO] PluginManager:220 - loadIPPluginJar : add opamp
2023-03-23 15:27:49,826 [INFO] IPUIPlugin:80 - create IPUIPlugin
2023-03-23 15:27:49,826 [INFO] PluginManager:220 - loadIPPluginJar : add ucpd
2023-03-23 15:27:49,827 [INFO] IPUIPlugin:80 - create IPUIPlugin
2023-03-23 15:27:49,827 [INFO] PluginManager:220 - loadIPPluginJar : add tsc
2023-03-23 15:27:49,829 [INFO] IPUIPlugin:80 - create IPUIPlugin
2023-03-23 15:27:49,829 [INFO] PluginManager:220 - loadIPPluginJar : add sai
2023-03-23 15:27:49,831 [INFO] IPUIPlugin:80 - create IPUIPlugin
2023-03-23 15:27:49,831 [INFO] PluginManager:220 - loadIPPluginJar : add openamp
2023-03-23 15:27:49,834 [INFO] IPUIPlugin:80 - create IPUIPlugin
2023-03-23 15:27:49,834 [INFO] PluginManager:220 - loadIPPluginJar : add stm32_wpan
2023-03-23 15:27:49,932 [INFO] CADModel:165 - CPN selected for project level
2023-03-23 15:27:49,932 [INFO] CADModel:114 - Register for checkConnection events
2023-03-23 15:27:49,932 [FATAL] Updater:308 - Updater called before beeing initialized
2023-03-23 15:27:49,932 [ERROR] CADModel:125 - Updater not yet initialized, retry later 
2023-03-23 15:27:50,026 [INFO] CADModel:165 - CPN selected for project level
2023-03-23 15:27:50,026 [INFO] CADModel:114 - Register for checkConnection events
2023-03-23 15:27:50,026 [FATAL] Updater:308 - Updater called before beeing initialized
2023-03-23 15:27:50,026 [ERROR] CADModel:125 - Updater not yet initialized, retry later 
2023-03-23 15:27:50,028 [FATAL] Updater:308 - Updater called before beeing initialized
2023-03-23 15:27:50,082 [FATAL] Updater:308 - Updater called before beeing initialized
2023-03-23 15:27:50,086 [INFO] DbMcusAds:53 - JSON generation date=Tue Mar 07 14:20:55 IST 2023 (1678179055114)
2023-03-23 15:27:50,086 [FATAL] Updater:308 - Updater called before beeing initialized
2023-03-23 15:27:50,114 [WARN] DetailPanel:346 - Failed to get advertising image, set to default
2023-03-23 15:27:50,184 [FATAL] Updater:308 - Updater called before beeing initialized
2023-03-23 15:27:50,186 [FATAL] Updater:308 - Updater called before beeing initialized
2023-03-23 15:27:50,186 [FATAL] Updater:308 - Updater called before beeing initialized
2023-03-23 15:27:50,186 [WARN] DetailPanel:346 - Failed to get advertising image, set to default
2023-03-23 15:27:50,187 [FATAL] Updater:308 - Updater called before beeing initialized
2023-03-23 15:27:50,206 [ERROR] Updater:1120 - MainUpdater not yet initialized. External WinMGr cannot be set.
2023-03-23 15:27:50,208 [INFO] Updater:1056 - Updater Version found : 6.8.0
2023-03-23 15:27:50,220 [INFO] ApplicationProperties:184 - Using Application install path: /opt/st/stm32cubeide_1.12.0/plugins/com.st.stm32cube.common.mx_6.8.0.202302231600
2023-03-23 15:27:50,586 [INFO] MainUpdater:2854 - connection check result : 10
2023-03-23 15:27:50,588 [INFO] MainUpdater:283 - Updater Check For Update Now.
2023-03-23 15:27:50,588 [INFO] MicroXplorer:498 - Change Database Version : DB.6.0.80
2023-03-23 15:27:50,761 [INFO] CheckServerUpdateThread:120 - End of CheckServer Thread
2023-03-23 15:27:50,808 [INFO] MainUpdater:2854 - connection check result : 10
2023-03-23 15:27:51,024 [INFO] ApiDb:581 - Connected to CubeFinder SQLite database (/home/vasundhra/.stmcufinder/plugins/mcufinder/mcu/cube-finder-db.db)
2023-03-23 15:27:51,060 [INFO] ApiDb:668 - CubeFinder database Data Model version=2.1
2023-03-23 15:27:51,061 [INFO] ApiDb:669 - CubeFinder database Configuration version=3.0.35
2023-03-23 15:27:51,061 [INFO] ApiDb:670 - CubeFinder database generation date=2023-03-10 (1678456172)
2023-03-23 15:27:51,061 [INFO] ApiDb:671 - CubeFinder database FW Pack versions=[FP-ATR-ASTRA1_V1.1.1, STM32Cube_FW_C0_V1.0.1, STM32Cube_FW_F0_V1.11.4, STM32Cube_FW_F3_V1.11.4, STM32Cube_FW_F4_V1.27.1, STM32Cube_FW_F7_V1.17.0, STM32Cube_FW_G0_V1.6.1, STM32Cube_FW_G4_V1.5.1, STM32Cube_FW_H5_V0.5.1, STM32Cube_FW_H5_V1.0.0, STM32Cube_FW_H7_V1.11.0, STM32Cube_FW_L0_V1.12.2, STM32Cube_FW_L5_V1.5.0, STM32Cube_FW_U5_V1.2.0, STM32Cube_FW_WBA_V1.0.0, STM32Cube_FW_WBA_V1.0.0RC1, STM32Cube_FW_WBA_V1.0.0RC3, STM32Cube_FW_WB_V1.15.0RC1, STM32Cube_FW_WB_V1.16.0, STM32Cube_FW_WB_V1.16.0RC2, STM32Cube_FW_WL_V1.3.0, X-CUBE-ALGOBUILD_V1.3.0, X-CUBE-ALS_V1.0.1, X-CUBE-AZRTOS-F4_V1.1.0, X-CUBE-AZRTOS-F7_V1.1.0, X-CUBE-AZRTOS-G0_V1.1.0, X-CUBE-AZRTOS-G4_V1.0.0, X-CUBE-AZRTOS-H7_V3.0.0, X-CUBE-AZRTOS-L4_V1.0.0, X-CUBE-AZRTOS-L5_V1.1.0, X-CUBE-AZRTOS-WB_V1.1.0, X-CUBE-AZRTOS-WL_V1.0.0, X-CUBE-BLE1_V6.2.4, X-CUBE-BLE2_V3.3.0, X-CUBE-BLEMGR_V1.3.0, X-CUBE-EEPRMA1_V4.1.0, X-CUBE-GNSS1_V6.0.0, X-CUBE-MEMS1_V9.1.0, X-CUBE-MEMS1_V9.4.0, X-CUBE-MEMS1_V9.5.0, X-CUBE-NFC4_V3.0.0, X-CUBE-NFC7_V1.0.0, X-CUBE-SFXS2LP1_V4.0.0, X-CUBE-SUBG2_V5.0.0]
2023-03-23 15:27:51,154 [INFO] DbBoardsSqlite:226 - include board P-NUCLEO-WB55-NUCLEO as a kit item of type 'Nucleo-64'
2023-03-23 15:27:51,154 [INFO] DbBoardsSqlite:226 - include board P-NUCLEO-WB55-USBDONGLE as a kit item of type 'Nucleo USB Dongle'
2023-03-23 15:27:51,155 [INFO] DbBoardsSqlite:226 - include board STEVAL-IDP005V1 as a kit item of type 'Evaluation Board'
2023-03-23 15:27:51,155 [INFO] DbBoardsSqlite:226 - include board STEVAL-IDP005V2 as a kit item of type 'Evaluation Board'
2023-03-23 15:27:51,251 [INFO] ApiDb:240 - Found 297 in-development CPN: [B-G473E-ZEST1S, B-WB1M-WPAN1, B-WL5M-SUBG1, NUCLEO-C031C6, NUCLEO-H503RB, NUCLEO-H563ZI, NUCLEO-U545RE-Q, NUCLEO-U5A5ZJ-Q, NUCLEO-WBA52CG, STEVAL-PROTEUS1, STEVAL-STWINBX1, STM320518-EVAL, STM32C0116-DK, STM32C011D6Y3TR, STM32C011D6Y6TR, STM32C011F4P3, STM32C011F4P6, STM32C011F4U3, STM32C011F4U6TR, STM32C011F6P3, STM32C011F6P6, STM32C011F6U3, STM32C011F6U6TR, STM32C011J4M3, STM32C011J4M6, STM32C011J6M3, STM32C011J6M6, STM32C0316-DK, STM32C031C4T3, STM32C031C4T6, STM32C031C4U3, STM32C031C4U6, STM32C031C6T3, STM32C031C6T6, STM32C031C6U3, STM32C031C6U6, STM32C031F4P3, STM32C031F4P6, STM32C031F6P3, STM32C031F6P6, STM32C031G4U3, STM32C031G4U6, STM32C031G6U3, STM32C031G6U6, STM32C031K4T3, STM32C031K4T6, STM32C031K4U3, STM32C031K4U6, STM32C031K6T3, STM32C031K6T6, STM32C031K6U3, STM32C031K6U6, STM32G071K8TXN, STM32G071K8UXN, STM32G081GBU6N, STM32G081KBT6N, STM32G081KBUXN, STM32G0B1CCT6N, STM32G0B1KCT6, STM32G0B1NEY6TR, STM32G0B1RCT6N, STM32G0C1CCT6, STM32G0C1CCT6N, STM32G0C1CCU6N, STM32G0C1CET6N, STM32G0C1CEU6N, STM32G0C1KCT6, STM32G0C1NEY6TR, STM32G0C1RCI6N, STM32G0C1RCT6N, STM32G0C1REI6N, STM32G0C1RET6N, STM32G0C1VCI6, STM32G0C1VEI6, STM32G471CCT6, STM32G471CCU6, STM32G471CET3, STM32G471CET6, STM32G471CEU3, STM32G471CEU6, STM32G471MCT6, STM32G471MET3, STM32G471MET6, STM32G471MEY6TR, STM32G471QCT6, STM32G471QET3, STM32G471RCT6, STM32G471RET3, STM32G471RET6, STM32G471VCH6, STM32G471VCI6, STM32G471VCT6, STM32G471VEH3, STM32G471VEH6, STM32G471VEI3, STM32G471VEI6, STM32G471VET3, STM32G471VET6, STM32G474CCT6, STM32H503CBT6, STM32H503CBU6, STM32H503EBY6TR, STM32H503KBU6, STM32H503RBT6, STM32H562AGI6, STM32H562AII6, STM32H562IGK6, STM32H562IGT6, STM32H562IIK6, STM32H562IIT6, STM32H562RGT6, STM32H562RGV6, STM32H562RIT6, STM32H562RIV6, STM32H562VGT6, STM32H562VIT6, STM32H562ZGT6, STM32H562ZIT6, STM32H563AGI6, STM32H563AII3Q, STM32H563AII6, STM32H563IGK6, STM32H563IGT6, STM32H563IIK3Q, STM32H563IIK6, STM32H563IIT3Q, STM32H563IIT6, STM32H563MIY3QTR, STM32H563RGT6, STM32H563RGV6, STM32H563RIT6, STM32H563RIV6, STM32H563VGT6, STM32H563VIT3Q, STM32H563VIT6, STM32H563ZGT6, STM32H563ZIT3Q, STM32H563ZIT6, STM32H573AII3Q, STM32H573AII6, STM32H573I-DK, STM32H573IIK3Q, STM32H573IIK6, STM32H573IIT3Q, STM32H573IIT6, STM32H573MIY3QTR, STM32H573RIT6, STM32H573RIV6, STM32H573VIT3Q, STM32H573VIT6, STM32H573ZIT3Q, STM32H573ZIT6, STM32L4R5QGI6STR, STM32MP131AAE3, STM32MP131AAF3, STM32MP131AAG3, STM32MP131CAE3, STM32MP131CAF3, STM32MP131CAG3, STM32MP131DAE7, STM32MP131DAF7, STM32MP131DAG7, STM32MP131FAE7, STM32MP131FAF7, STM32MP131FAG7, STM32MP133AAE3, STM32MP133AAF3, STM32MP133AAG3, STM32MP133CAE3, STM32MP133CAF3, STM32MP133CAG3, STM32MP133DAE7, STM32MP133DAF7, STM32MP133DAG7, STM32MP133FAE7, STM32MP133FAF7, STM32MP133FAG7, STM32MP135AAE3, STM32MP135AAF3, STM32MP135AAG3, STM32MP135CAE3, STM32MP135CAF3, STM32MP135CAG3, STM32MP135DAE7, STM32MP135DAF7, STM32MP135DAG7, STM32MP135F-DK, STM32MP135FAE7, STM32MP135FAF7, STM32MP135FAF7T, STM32MP135FAF7U, STM32MP135FAG7, STM32U535CBT6, STM32U535CBT6Q, STM32U535CBU6, STM32U535CBU6Q, STM32U535CCT6, STM32U535CCT6Q, STM32U535CCU6, STM32U535CCU6Q, STM32U535CET6, STM32U535CET6Q, STM32U535CEU6, STM32U535CEU6Q, STM32U535JEY6QTR, STM32U535NCY6QTR, STM32U535NEY6QTR, STM32U535RBI6, STM32U535RBI6Q, STM32U535RBT6, STM32U535RBT6Q, STM32U535RCI6, STM32U535RCI6Q, STM32U535RCT6, STM32U535RCT6Q, STM32U535REI6, STM32U535REI6Q, STM32U535RET6, STM32U535RET6Q, STM32U535VCI6, STM32U535VCI6Q, STM32U535VCT6, STM32U535VCT6Q, STM32U535VEI6, STM32U535VEI6Q, STM32U535VET6, STM32U535VET6Q, STM32U545CET6, STM32U545CET6Q, STM32U545CEU6, STM32U545CEU6Q, STM32U545JEY6QTR, STM32U545NEY6QTR, STM32U545REI6, STM32U545REI6Q, STM32U545RET6, STM32U545RET6Q, STM32U545VEI6, STM32U545VEI6Q, STM32U545VET6, STM32U545VET6Q, STM32U595AIH6, STM32U595AIH6Q, STM32U595AJH6, STM32U595AJH6Q, STM32U595QII6, STM32U595QII6Q, STM32U595QJI6, STM32U595QJI6Q, STM32U595RIT6, STM32U595RIT6Q, STM32U595RJT6, STM32U595RJT6Q, STM32U595VIT6, STM32U595VIT6Q, STM32U595VJT6, STM32U595VJT6Q, STM32U595ZIT6, STM32U595ZIT6Q, STM32U595ZIY6QTR, STM32U595ZJT6, STM32U595ZJT6Q, STM32U595ZJY6QTR, STM32U599BJY6QTR, STM32U599NIH6Q, STM32U599NJH6Q, STM32U599VIT6Q, STM32U599VJT6, STM32U599VJT6Q, STM32U599ZIT6Q, STM32U599ZIY6QTR, STM32U599ZJT6Q, STM32U599ZJY6QTR, STM32U5A5AJH6, STM32U5A5AJH6Q, STM32U5A5QJI6, STM32U5A5QJI6Q, STM32U5A5RJT6, STM32U5A5RJT6Q, STM32U5A5VJT6, STM32U5A5VJT6Q, STM32U5A5ZJT6, STM32U5A5ZJT6Q, STM32U5A5ZJY6QTR, STM32U5A9BJY6QTR, STM32U5A9J-DK, STM32U5A9NJH6Q, STM32U5A9VJT6Q, STM32U5A9ZJT6Q, STM32U5A9ZJY6QTR, STM32WB1MMCH6, STM32WBA52CEU6, STM32WBA52CEU6T, STM32WBA52CGU6, STM32WBA52CGU6T, STM32WL5MOCH6, STM32WL5MOCH6TR]
2023-03-23 15:27:51,326 [INFO] BoardInfo:880 - No configuration file found for board P-NUCLEO-WB55
2023-03-23 15:27:51,326 [INFO] DbBoards:157 - Kit is not supported: P-NUCLEO-WB55
2023-03-23 15:27:51,329 [INFO] BoardInfo:880 - No configuration file found for board STEVAL-BFA001V1B
2023-03-23 15:27:51,329 [INFO] DbBoards:157 - Kit is not supported: STEVAL-BFA001V1B
2023-03-23 15:27:51,330 [INFO] BoardInfo:880 - No configuration file found for board STEVAL-BFA001V2B
2023-03-23 15:27:51,330 [INFO] DbBoards:157 - Kit is not supported: STEVAL-BFA001V2B
2023-03-23 15:27:51,440 [INFO] DbBoards:161 - Found 187 boards, 184 are supported
2023-03-23 15:27:51,443 [INFO] ApiDb:668 - CubeFinder database Data Model version=2.1
2023-03-23 15:27:51,443 [INFO] ApiDb:669 - CubeFinder database Configuration version=3.0.35
2023-03-23 15:27:51,443 [INFO] ApiDb:670 - CubeFinder database generation date=2023-03-10 (1678456172)
2023-03-23 15:27:51,443 [INFO] ApiDb:671 - CubeFinder database FW Pack versions=[FP-ATR-ASTRA1_V1.1.1, STM32Cube_FW_C0_V1.0.1, STM32Cube_FW_F0_V1.11.4, STM32Cube_FW_F3_V1.11.4, STM32Cube_FW_F4_V1.27.1, STM32Cube_FW_F7_V1.17.0, STM32Cube_FW_G0_V1.6.1, STM32Cube_FW_G4_V1.5.1, STM32Cube_FW_H5_V0.5.1, STM32Cube_FW_H5_V1.0.0, STM32Cube_FW_H7_V1.11.0, STM32Cube_FW_L0_V1.12.2, STM32Cube_FW_L5_V1.5.0, STM32Cube_FW_U5_V1.2.0, STM32Cube_FW_WBA_V1.0.0, STM32Cube_FW_WBA_V1.0.0RC1, STM32Cube_FW_WBA_V1.0.0RC3, STM32Cube_FW_WB_V1.15.0RC1, STM32Cube_FW_WB_V1.16.0, STM32Cube_FW_WB_V1.16.0RC2, STM32Cube_FW_WL_V1.3.0, X-CUBE-ALGOBUILD_V1.3.0, X-CUBE-ALS_V1.0.1, X-CUBE-AZRTOS-F4_V1.1.0, X-CUBE-AZRTOS-F7_V1.1.0, X-CUBE-AZRTOS-G0_V1.1.0, X-CUBE-AZRTOS-G4_V1.0.0, X-CUBE-AZRTOS-H7_V3.0.0, X-CUBE-AZRTOS-L4_V1.0.0, X-CUBE-AZRTOS-L5_V1.1.0, X-CUBE-AZRTOS-WB_V1.1.0, X-CUBE-AZRTOS-WL_V1.0.0, X-CUBE-BLE1_V6.2.4, X-CUBE-BLE2_V3.3.0, X-CUBE-BLEMGR_V1.3.0, X-CUBE-EEPRMA1_V4.1.0, X-CUBE-GNSS1_V6.0.0, X-CUBE-MEMS1_V9.1.0, X-CUBE-MEMS1_V9.4.0, X-CUBE-MEMS1_V9.5.0, X-CUBE-NFC4_V3.0.0, X-CUBE-NFC7_V1.0.0, X-CUBE-SFXS2LP1_V4.0.0, X-CUBE-SUBG2_V5.0.0]
2023-03-23 15:27:52,445 [WARN] PackLoader:240 - Cannot read IP mode file for STMicroelectronics.X-CUBE-BLE1.6.2.4
2023-03-23 15:27:52,449 [WARN] PackLoader:240 - Cannot read IP mode file for STMicroelectronics.X-CUBE-AI.8.0.0
2023-03-23 15:27:52,452 [WARN] PackLoader:240 - Cannot read IP mode file for STMicroelectronics.FP-ATR-ASTRA1.1.1.1
2023-03-23 15:27:52,457 [WARN] PackLoader:240 - Cannot read IP mode file for STMicroelectronics.FP-ATR-SIGFOX1.3.2.0
2023-03-23 15:27:52,462 [WARN] PackLoader:240 - Cannot read IP mode file for STMicroelectronics.X-CUBE-ALS.1.0.1
2023-03-23 15:27:52,464 [INFO] ThirdParty:978 - Integrity check success = true
2023-03-23 15:27:52,464 [INFO] IntegrityCheckThread:100 - exiting critical section [integrity check]
2023-03-23 15:27:52,464 [INFO] IntegrityCheckThread:103 - End integrity checks thread
2023-03-23 15:27:52,839 [INFO] ApiDb:240 - Found 297 in-development CPN: [B-G473E-ZEST1S, B-WB1M-WPAN1, B-WL5M-SUBG1, NUCLEO-C031C6, NUCLEO-H503RB, NUCLEO-H563ZI, NUCLEO-U545RE-Q, NUCLEO-U5A5ZJ-Q, NUCLEO-WBA52CG, STEVAL-PROTEUS1, STEVAL-STWINBX1, STM320518-EVAL, STM32C0116-DK, STM32C011D6Y3TR, STM32C011D6Y6TR, STM32C011F4P3, STM32C011F4P6, STM32C011F4U3, STM32C011F4U6TR, STM32C011F6P3, STM32C011F6P6, STM32C011F6U3, STM32C011F6U6TR, STM32C011J4M3, STM32C011J4M6, STM32C011J6M3, STM32C011J6M6, STM32C0316-DK, STM32C031C4T3, STM32C031C4T6, STM32C031C4U3, STM32C031C4U6, STM32C031C6T3, STM32C031C6T6, STM32C031C6U3, STM32C031C6U6, STM32C031F4P3, STM32C031F4P6, STM32C031F6P3, STM32C031F6P6, STM32C031G4U3, STM32C031G4U6, STM32C031G6U3, STM32C031G6U6, STM32C031K4T3, STM32C031K4T6, STM32C031K4U3, STM32C031K4U6, STM32C031K6T3, STM32C031K6T6, STM32C031K6U3, STM32C031K6U6, STM32G071K8TXN, STM32G071K8UXN, STM32G081GBU6N, STM32G081KBT6N, STM32G081KBUXN, STM32G0B1CCT6N, STM32G0B1KCT6, STM32G0B1NEY6TR, STM32G0B1RCT6N, STM32G0C1CCT6, STM32G0C1CCT6N, STM32G0C1CCU6N, STM32G0C1CET6N, STM32G0C1CEU6N, STM32G0C1KCT6, STM32G0C1NEY6TR, STM32G0C1RCI6N, STM32G0C1RCT6N, STM32G0C1REI6N, STM32G0C1RET6N, STM32G0C1VCI6, STM32G0C1VEI6, STM32G471CCT6, STM32G471CCU6, STM32G471CET3, STM32G471CET6, STM32G471CEU3, STM32G471CEU6, STM32G471MCT6, STM32G471MET3, STM32G471MET6, STM32G471MEY6TR, STM32G471QCT6, STM32G471QET3, STM32G471RCT6, STM32G471RET3, STM32G471RET6, STM32G471VCH6, STM32G471VCI6, STM32G471VCT6, STM32G471VEH3, STM32G471VEH6, STM32G471VEI3, STM32G471VEI6, STM32G471VET3, STM32G471VET6, STM32G474CCT6, STM32H503CBT6, STM32H503CBU6, STM32H503EBY6TR, STM32H503KBU6, STM32H503RBT6, STM32H562AGI6, STM32H562AII6, STM32H562IGK6, STM32H562IGT6, STM32H562IIK6, STM32H562IIT6, STM32H562RGT6, STM32H562RGV6, STM32H562RIT6, STM32H562RIV6, STM32H562VGT6, STM32H562VIT6, STM32H562ZGT6, STM32H562ZIT6, STM32H563AGI6, STM32H563AII3Q, STM32H563AII6, STM32H563IGK6, STM32H563IGT6, STM32H563IIK3Q, STM32H563IIK6, STM32H563IIT3Q, STM32H563IIT6, STM32H563MIY3QTR, STM32H563RGT6, STM32H563RGV6, STM32H563RIT6, STM32H563RIV6, STM32H563VGT6, STM32H563VIT3Q, STM32H563VIT6, STM32H563ZGT6, STM32H563ZIT3Q, STM32H563ZIT6, STM32H573AII3Q, STM32H573AII6, STM32H573I-DK, STM32H573IIK3Q, STM32H573IIK6, STM32H573IIT3Q, STM32H573IIT6, STM32H573MIY3QTR, STM32H573RIT6, STM32H573RIV6, STM32H573VIT3Q, STM32H573VIT6, STM32H573ZIT3Q, STM32H573ZIT6, STM32L4R5QGI6STR, STM32MP131AAE3, STM32MP131AAF3, STM32MP131AAG3, STM32MP131CAE3, STM32MP131CAF3, STM32MP131CAG3, STM32MP131DAE7, STM32MP131DAF7, STM32MP131DAG7, STM32MP131FAE7, STM32MP131FAF7, STM32MP131FAG7, STM32MP133AAE3, STM32MP133AAF3, STM32MP133AAG3, STM32MP133CAE3, STM32MP133CAF3, STM32MP133CAG3, STM32MP133DAE7, STM32MP133DAF7, STM32MP133DAG7, STM32MP133FAE7, STM32MP133FAF7, STM32MP133FAG7, STM32MP135AAE3, STM32MP135AAF3, STM32MP135AAG3, STM32MP135CAE3, STM32MP135CAF3, STM32MP135CAG3, STM32MP135DAE7, STM32MP135DAF7, STM32MP135DAG7, STM32MP135F-DK, STM32MP135FAE7, STM32MP135FAF7, STM32MP135FAF7T, STM32MP135FAF7U, STM32MP135FAG7, STM32U535CBT6, STM32U535CBT6Q, STM32U535CBU6, STM32U535CBU6Q, STM32U535CCT6, STM32U535CCT6Q, STM32U535CCU6, STM32U535CCU6Q, STM32U535CET6, STM32U535CET6Q, STM32U535CEU6, STM32U535CEU6Q, STM32U535JEY6QTR, STM32U535NCY6QTR, STM32U535NEY6QTR, STM32U535RBI6, STM32U535RBI6Q, STM32U535RBT6, STM32U535RBT6Q, STM32U535RCI6, STM32U535RCI6Q, STM32U535RCT6, STM32U535RCT6Q, STM32U535REI6, STM32U535REI6Q, STM32U535RET6, STM32U535RET6Q, STM32U535VCI6, STM32U535VCI6Q, STM32U535VCT6, STM32U535VCT6Q, STM32U535VEI6, STM32U535VEI6Q, STM32U535VET6, STM32U535VET6Q, STM32U545CET6, STM32U545CET6Q, STM32U545CEU6, STM32U545CEU6Q, STM32U545JEY6QTR, STM32U545NEY6QTR, STM32U545REI6, STM32U545REI6Q, STM32U545RET6, STM32U545RET6Q, STM32U545VEI6, STM32U545VEI6Q, STM32U545VET6, STM32U545VET6Q, STM32U595AIH6, STM32U595AIH6Q, STM32U595AJH6, STM32U595AJH6Q, STM32U595QII6, STM32U595QII6Q, STM32U595QJI6, STM32U595QJI6Q, STM32U595RIT6, STM32U595RIT6Q, STM32U595RJT6, STM32U595RJT6Q, STM32U595VIT6, STM32U595VIT6Q, STM32U595VJT6, STM32U595VJT6Q, STM32U595ZIT6, STM32U595ZIT6Q, STM32U595ZIY6QTR, STM32U595ZJT6, STM32U595ZJT6Q, STM32U595ZJY6QTR, STM32U599BJY6QTR, STM32U599NIH6Q, STM32U599NJH6Q, STM32U599VIT6Q, STM32U599VJT6, STM32U599VJT6Q, STM32U599ZIT6Q, STM32U599ZIY6QTR, STM32U599ZJT6Q, STM32U599ZJY6QTR, STM32U5A5AJH6, STM32U5A5AJH6Q, STM32U5A5QJI6, STM32U5A5QJI6Q, STM32U5A5RJT6, STM32U5A5RJT6Q, STM32U5A5VJT6, STM32U5A5VJT6Q, STM32U5A5ZJT6, STM32U5A5ZJT6Q, STM32U5A5ZJY6QTR, STM32U5A9BJY6QTR, STM32U5A9J-DK, STM32U5A9NJH6Q, STM32U5A9VJT6Q, STM32U5A9ZJT6Q, STM32U5A9ZJY6QTR, STM32WB1MMCH6, STM32WBA52CEU6, STM32WBA52CEU6T, STM32WBA52CGU6, STM32WBA52CGU6T, STM32WL5MOCH6, STM32WL5MOCH6TR]
2023-03-23 15:27:52,842 [INFO] DbMcus:216 - Found 3775 MCUs, 3775 are supported
2023-03-23 15:27:52,844 [INFO] ApiDb:423 - Load user favorites file /home/vasundhra/.stm32cubeide/favorites.mcus.txt: 0 item(s)
2023-03-23 15:27:52,844 [INFO] ApiDb:427 - User favorites MCUs=[]
2023-03-23 15:27:52,844 [INFO] DbMcus:222 - Set 0 / 0 favorites MCUs
2023-03-23 15:27:53,050 [INFO] ApiDb:423 - Load user favorites file /home/vasundhra/.stm32cubeide/favorites.boards.txt: 0 item(s)
2023-03-23 15:27:53,050 [INFO] ApiDb:427 - User favorites Boards=[]
2023-03-23 15:27:53,050 [INFO] DbBoards:190 - Set 0 / 0 favorites Boards
2023-03-23 15:27:53,050 [INFO] McuFinderGlobals:66 - Set McuFinderConnectedMode to true
2023-03-23 15:27:53,061 [INFO] MultiScanPanel:200 - Auto-refresh data requested => check proxy status ongoing
2023-03-23 15:27:53,063 [INFO] FinderPluginLoader:95 - Searching for filters in installed packs
2023-03-23 15:27:54,113 [INFO] LoadUrlFilesThread:185 - End of LoadServerUrlFiles without Thread
2023-03-23 15:27:54,123 [INFO] DetailPanel:341 - Set advertising image to /home/vasundhra/STM32Cube/Repository//en.prom-stm32h5-mcu-finder.jpg
2023-03-23 15:27:57,000 [INFO] MultiScanPanel:200 - Auto-refresh data requested => check proxy status ongoing
2023-03-23 15:27:57,123 [INFO] LoadUrlFilesThread:185 - End of LoadServerUrlFiles without Thread
2023-03-23 15:27:57,124 [INFO] DetailPanel:341 - Set advertising image to /home/vasundhra/STM32Cube/Repository//en.prom-stm32h5-mcu-finder.jpg
2023-03-23 15:28:23,082 [INFO] McuFinderGlobals:66 - Set McuFinderConnectedMode to true
2023-03-23 15:28:23,084 [INFO] ApiDb:448 - Save user favorites file /home/vasundhra/.stm32cubeide/favorites.mcus.txt: 0 item(s)
2023-03-23 15:28:23,084 [INFO] ApiDb:452 - User favorites MCUs=[]
2023-03-23 15:28:23,085 [INFO] ApiDb:448 - Save user favorites file /home/vasundhra/.stm32cubeide/favorites.boards.txt: 0 item(s)
2023-03-23 15:28:23,085 [INFO] ApiDb:452 - User favorites Boards=[]
2023-03-23 16:00:59,681 [INFO] LogOutputStream:77 - [STDOUT_REDIRECT] StartTraceHandler.execute(), success : Collect=true
2023-03-23 16:01:01,297 [INFO] LogOutputStream:77 - [STDOUT_REDIRECT] StartTraceHandler.execute(), success : Collect=false
2023-03-23 16:01:03,541 [INFO] LogOutputStream:77 - [STDOUT_REDIRECT] StartTraceHandler.execute(), success : Collect=true
2023-03-23 16:01:07,615 [INFO] LogOutputStream:77 - [STDOUT_REDIRECT] StartTraceHandler.execute(), success : Collect=false
2023-03-23 16:01:10,483 [INFO] LogOutputStream:77 - [STDOUT_REDIRECT] StartTraceHandler.execute(), success : Collect=true
2023-03-23 16:01:12,034 [INFO] LogOutputStream:77 - [STDOUT_REDIRECT] StartTraceHandler.execute(), success : Collect=false
2023-03-23 16:02:02,487 [INFO] LogOutputStream:77 - [STDOUT_REDIRECT] StartTraceHandler.execute(), success : Collect=true
2023-03-23 16:03:40,446 [INFO] LogOutputStream:77 - [STDOUT_REDIRECT] StartTraceHandler.execute(), success : Collect=false
2023-03-23 16:04:48,319 [INFO] LogOutputStream:77 - [STDOUT_REDIRECT] StartTraceHandler.execute(), success : Collect=true
2023-03-23 16:04:51,851 [INFO] LogOutputStream:77 - [STDOUT_REDIRECT] StartTraceHandler.execute(), success : Collect=false
2023-03-23 16:08:16,403 [INFO] Activator:176 - 


2023-03-23 16:08:16,405 [INFO] Activator:177 - !SESSION log4j initialized
2023-03-23 16:08:20,083 [INFO] LogOutputStream:77 - [STDOUT_REDIRECT] 
2023-03-23 16:08:40,604 [ERROR] LogOutputStream:75 - [STDERR_REDIRECT] SLF4J: Failed to load class "org.slf4j.impl.StaticLoggerBinder".
2023-03-23 16:08:40,605 [ERROR] LogOutputStream:75 - [STDERR_REDIRECT] SLF4J: Defaulting to no-operation (NOP) logger implementation
2023-03-23 16:08:40,605 [ERROR] LogOutputStream:75 - [STDERR_REDIRECT] SLF4J: See http://www.slf4j.org/codes.html#StaticLoggerBinder for further details.
2023-03-23 16:08:43,390 [INFO] ApplicationProperties:184 - Using Application install path: /opt/st/stm32cubeide_1.12.0/plugins/com.st.stm32cube.common.mx_6.8.0.202302231600
2023-03-23 16:08:43,402 [INFO] DbMcusXml:78 - Set database path to: /opt/st/stm32cubeide_1.12.0/plugins/com.st.stm32cube.common.mx_6.8.0.202302231600//db//mcu/
2023-03-23 16:08:43,403 [INFO] ApiDb:274 - Set plugin database path to: /opt/st/stm32cubeide_1.12.0/plugins/com.st.stm32cube.common.mx_6.8.0.202302231600//db//plugins/boardmanager/
2023-03-23 16:08:43,405 [WARN] ApiDb:259 - Overriding images path with different value:  => /opt/st/stm32cubeide_1.12.0/plugins/com.st.stm32cube.common.mx_6.8.0.202302231600//db//plugins/mcufinder/images/
2023-03-23 16:08:43,414 [INFO] ApiDb:250 - Set database path to: /home/vasundhra/.stmcufinder/plugins/mcufinder//mcu/
2023-03-23 16:08:43,415 [INFO] DbMcusAds:125 - Set database path to: /home/vasundhra/.stmcufinder/plugins/mcufinder//mcu/
2023-03-23 16:08:43,429 [INFO] CrossReferenceDbSqlite:203 - Set database path to: /home/vasundhra/.stmcufinder/plugins/mcufinder//mcu/cs/
2023-03-23 16:08:43,499 [INFO] RulesReader:64 - Compatibility file has been processed (293 Rules)
2023-03-23 16:08:43,534 [INFO] DbMcusXml:78 - Set database path to: /opt/st/stm32cubeide_1.12.0/plugins/com.st.stm32cube.common.mx_6.8.0.202302231600//db//mcu/
2023-03-23 16:08:43,534 [INFO] ApiDb:274 - Set plugin database path to: /opt/st/stm32cubeide_1.12.0/plugins/com.st.stm32cube.common.mx_6.8.0.202302231600//db//plugins/boardmanager/
2023-03-23 16:08:43,534 [INFO] ApiDb:261 - Set plugin images path to: /opt/st/stm32cubeide_1.12.0/plugins/com.st.stm32cube.common.mx_6.8.0.202302231600//db//plugins/mcufinder/images/
2023-03-23 16:08:43,535 [WARN] DbFile:41 - Overriding database path with different value: /home/vasundhra/.stmcufinder/plugins/mcufinder/ => /home/vasundhra/.stmcufinder/plugins/mcufinder
2023-03-23 16:08:43,535 [INFO] ApiDb:250 - Set database path to: /home/vasundhra/.stmcufinder/plugins/mcufinder//mcu/
2023-03-23 16:08:43,535 [WARN] DbFile:41 - Overriding database path with different value: /home/vasundhra/.stmcufinder/plugins/mcufinder/ => /home/vasundhra/.stmcufinder/plugins/mcufinder
2023-03-23 16:08:43,535 [INFO] DbMcusAds:125 - Set database path to: /home/vasundhra/.stmcufinder/plugins/mcufinder//mcu/
2023-03-23 16:08:43,535 [WARN] DbFile:41 - Overriding database path with different value: /home/vasundhra/.stmcufinder/plugins/mcufinder/ => /home/vasundhra/.stmcufinder/plugins/mcufinder
2023-03-23 16:08:43,535 [WARN] DbFile:41 - Overriding database path with different value: /home/vasundhra/.stmcufinder/plugins/mcufinder/ => /home/vasundhra/.stmcufinder/plugins/mcufinder
2023-03-23 16:08:43,535 [INFO] CrossReferenceDbSqlite:203 - Set database path to: /home/vasundhra/.stmcufinder/plugins/mcufinder//mcu/cs/
2023-03-23 16:08:43,573 [INFO] MainPanel:253 - HeapMemory: 268435456
2023-03-23 16:08:43,627 [INFO] DbMcusXml:78 - Set database path to: /opt/st/stm32cubeide_1.12.0/plugins/com.st.stm32cube.common.mx_6.8.0.202302231600//db//mcu/
2023-03-23 16:08:43,627 [INFO] ApiDb:274 - Set plugin database path to: /opt/st/stm32cubeide_1.12.0/plugins/com.st.stm32cube.common.mx_6.8.0.202302231600//db//plugins/boardmanager/
2023-03-23 16:08:43,627 [INFO] ApiDb:261 - Set plugin images path to: /opt/st/stm32cubeide_1.12.0/plugins/com.st.stm32cube.common.mx_6.8.0.202302231600//db//plugins/mcufinder/images/
2023-03-23 16:08:43,628 [WARN] DbFile:41 - Overriding database path with different value: /home/vasundhra/.stmcufinder/plugins/mcufinder/ => /home/vasundhra/.stmcufinder/plugins/mcufinder
2023-03-23 16:08:43,628 [INFO] ApiDb:250 - Set database path to: /home/vasundhra/.stmcufinder/plugins/mcufinder//mcu/
2023-03-23 16:08:43,628 [WARN] DbFile:41 - Overriding database path with different value: /home/vasundhra/.stmcufinder/plugins/mcufinder/ => /home/vasundhra/.stmcufinder/plugins/mcufinder
2023-03-23 16:08:43,628 [INFO] DbMcusAds:125 - Set database path to: /home/vasundhra/.stmcufinder/plugins/mcufinder//mcu/
2023-03-23 16:08:43,628 [WARN] DbFile:41 - Overriding database path with different value: /home/vasundhra/.stmcufinder/plugins/mcufinder/ => /home/vasundhra/.stmcufinder/plugins/mcufinder
2023-03-23 16:08:43,628 [WARN] DbFile:41 - Overriding database path with different value: /home/vasundhra/.stmcufinder/plugins/mcufinder/ => /home/vasundhra/.stmcufinder/plugins/mcufinder
2023-03-23 16:08:43,628 [INFO] CrossReferenceDbSqlite:203 - Set database path to: /home/vasundhra/.stmcufinder/plugins/mcufinder//mcu/cs/
2023-03-23 16:08:43,638 [INFO] ApplicationProperties:184 - Using Application install path: /opt/st/stm32cubeide_1.12.0/plugins/com.st.stm32cube.common.mx_6.8.0.202302231600
2023-03-23 16:08:43,639 [INFO] PluginManage:196 - Search for loadable plugins [exclusion list=, ]
2023-03-23 16:08:43,640 [INFO] PluginManage:310 - Check plugin analytics
2023-03-23 16:08:43,747 [INFO] AnalyticsPlugin:253 - Accepted Software Licenses: 
2023-03-23 16:08:43,748 [INFO] AnalyticsPlugin:255 - Accepted CMSIS Pack Licenses: 
2023-03-23 16:08:43,748 [INFO] AnalyticsPlugin:257 - Accepted Firmware Licenses: FW.F4.1.27.0
2023-03-23 16:08:43,752 [INFO] PluginManage:359 - Loaded plugin analytics (category:tool,tabindex:-1)
2023-03-23 16:08:43,752 [INFO] PluginManage:310 - Check plugin cadmodel
2023-03-23 16:08:43,777 [INFO] CADModel:105 - Init CAD model plugin
2023-03-23 16:08:43,777 [INFO] PluginManage:359 - Loaded plugin cadmodel (category:power,tabindex:5)
2023-03-23 16:08:43,777 [INFO] PluginManage:310 - Check plugin clock
2023-03-23 16:08:43,785 [INFO] PluginManage:359 - Loaded plugin clock (category:base,tabindex:2)
2023-03-23 16:08:43,785 [INFO] PluginManage:310 - Check plugin ddr
2023-03-23 16:08:43,787 [INFO] PluginManage:359 - Loaded plugin ddr (category:tool,tabindex:6)
2023-03-23 16:08:43,787 [INFO] PluginManage:310 - Check plugin filemanager
2023-03-23 16:08:43,875 [INFO] PluginManage:359 - Loaded plugin filemanager (category:base,tabindex:10)
2023-03-23 16:08:43,875 [INFO] PluginManage:310 - Check plugin ipmanager
2023-03-23 16:08:43,879 [INFO] PluginManage:359 - Loaded plugin ipmanager (category:base,tabindex:5)
2023-03-23 16:08:43,879 [INFO] PluginManage:310 - Check plugin lpbam
2023-03-23 16:08:43,884 [INFO] PluginManage:359 - Loaded plugin lpbam (category:base,tabindex:0)
2023-03-23 16:08:43,885 [INFO] PluginManage:310 - Check plugin pinoutandconfiguration
2023-03-23 16:08:43,889 [INFO] PluginManage:359 - Loaded plugin pinoutandconfiguration (category:base,tabindex:1)
2023-03-23 16:08:43,889 [INFO] PluginManage:310 - Check plugin pinoutconfig
2023-03-23 16:08:43,943 [WARN] SupportedApi:132 - Cannot load RTOS API schema: s4s-elt-must-match.1: The content of 'definitions' must match (annotation?, (simpleType | complexType)?, (unique | key | keyref)*)). A problem was found starting at: attribute.
2023-03-23 16:08:44,059 [INFO] PluginManage:359 - Loaded plugin pinoutconfig (category:base,tabindex:0)
2023-03-23 16:08:44,059 [INFO] PluginManage:310 - Check plugin power
2023-03-23 16:08:44,065 [INFO] PluginManage:359 - Loaded plugin power (category:power,tabindex:4)
2023-03-23 16:08:44,065 [INFO] PluginManage:310 - Check plugin projectmanager
2023-03-23 16:08:44,075 [INFO] PluginManage:359 - Loaded plugin projectmanager (category:projectmanager,tabindex:3)
2023-03-23 16:08:44,076 [INFO] PluginManage:310 - Check plugin thirdparty
2023-03-23 16:08:44,146 [INFO] PluginManage:359 - Loaded plugin thirdparty (category:base,tabindex:-1)
2023-03-23 16:08:44,145 [WARN] IntegrityCheckThread:84 - waiting for thirdparty lock release [integrity check]
2023-03-23 16:08:44,146 [INFO] PluginManage:310 - Check plugin tools
2023-03-23 16:08:44,146 [INFO] IntegrityCheckThread:86 - entering critical section [integrity check]
2023-03-23 16:08:44,147 [INFO] ThirdPartyUpdaterWithRetryManager:70 - Updater plugin not ready yet. [1/15]
2023-03-23 16:08:44,147 [INFO] PluginManage:359 - Loaded plugin tools (category:base,tabindex:7)
2023-03-23 16:08:44,148 [INFO] PluginManage:310 - Check plugin tutovideos
2023-03-23 16:08:44,272 [INFO] PluginManage:359 - Loaded plugin tutovideos (category:base,tabindex:-1)
2023-03-23 16:08:44,272 [INFO] PluginManage:310 - Check plugin updater
2023-03-23 16:08:44,281 [INFO] PluginManage:359 - Loaded plugin updater (category:base,tabindex:12)
2023-03-23 16:08:44,282 [INFO] PluginManage:283 - PluginManage : Loaded plugins [15]
2023-03-23 16:08:44,417 [INFO] PinOutPanel:1499 - setPackage(No Configuration,No Configuration)
2023-03-23 16:08:44,453 [INFO] CADModel:165 - CPN selected for project level
2023-03-23 16:08:44,453 [INFO] CADModel:114 - Register for checkConnection events
2023-03-23 16:08:44,461 [INFO] IPUIPlugin:80 - create IPUIPlugin
2023-03-23 16:08:44,462 [INFO] PluginManager:220 - loadIPPluginJar : add nvic
2023-03-23 16:08:44,467 [INFO] IPUIPlugin:80 - create IPUIPlugin
2023-03-23 16:08:44,467 [INFO] PluginManager:220 - loadIPPluginJar : add ipddr
2023-03-23 16:08:44,469 [INFO] IPUIPlugin:80 - create IPUIPlugin
2023-03-23 16:08:44,469 [INFO] PluginManager:220 - loadIPPluginJar : add lorawan
2023-03-23 16:08:44,473 [INFO] IPUIPlugin:80 - create IPUIPlugin
2023-03-23 16:08:44,473 [INFO] PluginManager:220 - loadIPPluginJar : add adc
2023-03-23 16:08:44,475 [INFO] IPUIPlugin:80 - create IPUIPlugin
2023-03-23 16:08:44,475 [INFO] PluginManager:220 - loadIPPluginJar : add cryp
2023-03-23 16:08:44,475 [INFO] IPUIPlugin:80 - create IPUIPlugin
2023-03-23 16:08:44,475 [INFO] PluginManager:220 - loadIPPluginJar : add tim
2023-03-23 16:08:44,477 [INFO] IPUIPlugin:80 - create IPUIPlugin
2023-03-23 16:08:44,477 [INFO] PluginManager:220 - loadIPPluginJar : add usbx
2023-03-23 16:08:44,477 [INFO] IPUIPlugin:80 - create IPUIPlugin
2023-03-23 16:08:44,477 [INFO] PluginManager:220 - loadIPPluginJar : add fatfs
2023-03-23 16:08:44,482 [INFO] IPUIPlugin:80 - create IPUIPlugin
2023-03-23 16:08:44,482 [INFO] PluginManager:220 - loadIPPluginJar : add freertos
2023-03-23 16:08:44,483 [INFO] IPUIPlugin:80 - create IPUIPlugin
2023-03-23 16:08:44,483 [INFO] PluginManager:220 - loadIPPluginJar : add gfxmmu
2023-03-23 16:08:44,486 [INFO] IPUIPlugin:80 - create IPUIPlugin
2023-03-23 16:08:44,486 [INFO] PluginManager:220 - loadIPPluginJar : add fmc
2023-03-23 16:08:44,487 [INFO] IPUIPlugin:80 - create IPUIPlugin
2023-03-23 16:08:44,487 [INFO] PluginManager:220 - loadIPPluginJar : add genericplugin
2023-03-23 16:08:44,488 [INFO] IPUIPlugin:80 - create IPUIPlugin
2023-03-23 16:08:44,489 [INFO] PluginManager:220 - loadIPPluginJar : add touchsensing
2023-03-23 16:08:44,489 [INFO] IPUIPlugin:80 - create IPUIPlugin
2023-03-23 16:08:44,490 [INFO] PluginManager:220 - loadIPPluginJar : add tracer_emb
2023-03-23 16:08:44,491 [INFO] IPUIPlugin:80 - create IPUIPlugin
2023-03-23 16:08:44,491 [INFO] PluginManager:220 - loadIPPluginJar : add hash
2023-03-23 16:08:44,494 [INFO] IPUIPlugin:80 - create IPUIPlugin
2023-03-23 16:08:44,494 [INFO] PluginManager:220 - loadIPPluginJar : add dma
2023-03-23 16:08:44,497 [INFO] IPUIPlugin:80 - create IPUIPlugin
2023-03-23 16:08:44,497 [INFO] PluginManager:220 - loadIPPluginJar : add gic
2023-03-23 16:08:44,499 [INFO] IPUIPlugin:80 - create IPUIPlugin
2023-03-23 16:08:44,499 [INFO] PluginManager:220 - loadIPPluginJar : add aes
2023-03-23 16:08:44,501 [INFO] IPUIPlugin:80 - create IPUIPlugin
2023-03-23 16:08:44,501 [INFO] PluginManager:220 - loadIPPluginJar : add usart
2023-03-23 16:08:44,502 [INFO] IPUIPlugin:80 - create IPUIPlugin
2023-03-23 16:08:44,502 [INFO] PluginManager:220 - loadIPPluginJar : add pdm2pcm
2023-03-23 16:08:44,503 [INFO] IPUIPlugin:80 - create IPUIPlugin
2023-03-23 16:08:44,503 [INFO] PluginManager:220 - loadIPPluginJar : add quadspi
2023-03-23 16:08:44,507 [INFO] IPUIPlugin:80 - create IPUIPlugin
2023-03-23 16:08:44,508 [INFO] PluginManager:220 - loadIPPluginJar : add plateformsettings
2023-03-23 16:08:44,512 [INFO] IPUIPlugin:80 - create IPUIPlugin
2023-03-23 16:08:44,512 [INFO] PluginManager:220 - loadIPPluginJar : add mdma
2023-03-23 16:08:44,514 [INFO] IPUIPlugin:80 - create IPUIPlugin
2023-03-23 16:08:44,514 [INFO] PluginManager:220 - loadIPPluginJar : add resmgrutility
2023-03-23 16:08:44,515 [INFO] IPUIPlugin:80 - create IPUIPlugin
2023-03-23 16:08:44,515 [INFO] PluginManager:220 - loadIPPluginJar : add ts
2023-03-23 16:08:44,516 [INFO] IPUIPlugin:80 - create IPUIPlugin
2023-03-23 16:08:44,516 [INFO] PluginManager:220 - loadIPPluginJar : add i2s
2023-03-23 16:08:44,517 [INFO] IPUIPlugin:80 - create IPUIPlugin
2023-03-23 16:08:44,517 [INFO] PluginManager:220 - loadIPPluginJar : add ltdc
2023-03-23 16:08:44,518 [INFO] IPUIPlugin:80 - create IPUIPlugin
2023-03-23 16:08:44,518 [INFO] PluginManager:220 - loadIPPluginJar : add dma3
2023-03-23 16:08:44,519 [INFO] IPUIPlugin:80 - create IPUIPlugin
2023-03-23 16:08:44,519 [INFO] PluginManager:220 - loadIPPluginJar : add can
2023-03-23 16:08:44,525 [INFO] IPUIPlugin:80 - create IPUIPlugin
2023-03-23 16:08:44,525 [INFO] PluginManager:220 - loadIPPluginJar : add linkedlist
2023-03-23 16:08:44,526 [INFO] IPUIPlugin:80 - create IPUIPlugin
2023-03-23 16:08:44,526 [INFO] PluginManager:220 - loadIPPluginJar : add spi
2023-03-23 16:08:44,527 [INFO] IPUIPlugin:80 - create IPUIPlugin
2023-03-23 16:08:44,528 [INFO] PluginManager:220 - loadIPPluginJar : add i3c
2023-03-23 16:08:44,528 [INFO] IPUIPlugin:80 - create IPUIPlugin
2023-03-23 16:08:44,528 [INFO] PluginManager:220 - loadIPPluginJar : add comp
2023-03-23 16:08:44,530 [INFO] IPUIPlugin:80 - create IPUIPlugin
2023-03-23 16:08:44,530 [INFO] PluginManager:220 - loadIPPluginJar : add i2c
2023-03-23 16:08:44,531 [INFO] IPUIPlugin:80 - create IPUIPlugin
2023-03-23 16:08:44,531 [INFO] PluginManager:220 - loadIPPluginJar : add dfsdm
2023-03-23 16:08:44,532 [INFO] IPUIPlugin:80 - create IPUIPlugin
2023-03-23 16:08:44,533 [INFO] PluginManager:220 - loadIPPluginJar : add gtzc
2023-03-23 16:08:44,535 [INFO] IPUIPlugin:80 - create IPUIPlugin
2023-03-23 16:08:44,535 [INFO] PluginManager:220 - loadIPPluginJar : add gpio
2023-03-23 16:08:44,538 [INFO] IPUIPlugin:80 - create IPUIPlugin
2023-03-23 16:08:44,538 [INFO] PluginManager:220 - loadIPPluginJar : add opamp
2023-03-23 16:08:44,539 [INFO] IPUIPlugin:80 - create IPUIPlugin
2023-03-23 16:08:44,539 [INFO] PluginManager:220 - loadIPPluginJar : add ucpd
2023-03-23 16:08:44,540 [INFO] IPUIPlugin:80 - create IPUIPlugin
2023-03-23 16:08:44,540 [INFO] PluginManager:220 - loadIPPluginJar : add tsc
2023-03-23 16:08:44,542 [INFO] IPUIPlugin:80 - create IPUIPlugin
2023-03-23 16:08:44,542 [INFO] PluginManager:220 - loadIPPluginJar : add sai
2023-03-23 16:08:44,543 [INFO] IPUIPlugin:80 - create IPUIPlugin
2023-03-23 16:08:44,544 [INFO] PluginManager:220 - loadIPPluginJar : add openamp
2023-03-23 16:08:44,546 [INFO] IPUIPlugin:80 - create IPUIPlugin
2023-03-23 16:08:44,547 [INFO] PluginManager:220 - loadIPPluginJar : add stm32_wpan
2023-03-23 16:08:44,639 [INFO] CADModel:165 - CPN selected for project level
2023-03-23 16:08:44,639 [INFO] CADModel:114 - Register for checkConnection events
2023-03-23 16:08:44,639 [FATAL] Updater:308 - Updater called before beeing initialized
2023-03-23 16:08:44,639 [ERROR] CADModel:125 - Updater not yet initialized, retry later 
2023-03-23 16:08:44,713 [INFO] CADModel:165 - CPN selected for project level
2023-03-23 16:08:44,713 [INFO] CADModel:114 - Register for checkConnection events
2023-03-23 16:08:44,713 [FATAL] Updater:308 - Updater called before beeing initialized
2023-03-23 16:08:44,713 [ERROR] CADModel:125 - Updater not yet initialized, retry later 
2023-03-23 16:08:44,716 [FATAL] Updater:308 - Updater called before beeing initialized
2023-03-23 16:08:44,766 [FATAL] Updater:308 - Updater called before beeing initialized
2023-03-23 16:08:44,770 [INFO] DbMcusAds:53 - JSON generation date=Tue Mar 07 14:20:55 IST 2023 (1678179055114)
2023-03-23 16:08:44,770 [FATAL] Updater:308 - Updater called before beeing initialized
2023-03-23 16:08:44,792 [WARN] DetailPanel:346 - Failed to get advertising image, set to default
2023-03-23 16:08:44,861 [FATAL] Updater:308 - Updater called before beeing initialized
2023-03-23 16:08:44,863 [FATAL] Updater:308 - Updater called before beeing initialized
2023-03-23 16:08:44,863 [FATAL] Updater:308 - Updater called before beeing initialized
2023-03-23 16:08:44,863 [WARN] DetailPanel:346 - Failed to get advertising image, set to default
2023-03-23 16:08:44,863 [FATAL] Updater:308 - Updater called before beeing initialized
2023-03-23 16:08:44,882 [ERROR] Updater:1120 - MainUpdater not yet initialized. External WinMGr cannot be set.
2023-03-23 16:08:44,884 [INFO] Updater:1056 - Updater Version found : 6.8.0
2023-03-23 16:08:44,895 [INFO] ApplicationProperties:184 - Using Application install path: /opt/st/stm32cubeide_1.12.0/plugins/com.st.stm32cube.common.mx_6.8.0.202302231600
2023-03-23 16:08:45,190 [INFO] MainUpdater:2854 - connection check result : 10
2023-03-23 16:08:45,192 [INFO] MainUpdater:283 - Updater Check For Update Now.
2023-03-23 16:08:45,224 [INFO] MicroXplorer:498 - Change Database Version : DB.6.0.80
2023-03-23 16:08:45,364 [INFO] CheckServerUpdateThread:120 - End of CheckServer Thread
2023-03-23 16:08:45,439 [INFO] MainUpdater:2854 - connection check result : 10
2023-03-23 16:08:45,745 [INFO] ApiDb:581 - Connected to CubeFinder SQLite database (/home/vasundhra/.stmcufinder/plugins/mcufinder/mcu/cube-finder-db.db)
2023-03-23 16:08:45,786 [INFO] ApiDb:668 - CubeFinder database Data Model version=2.1
2023-03-23 16:08:45,786 [INFO] ApiDb:669 - CubeFinder database Configuration version=3.0.35
2023-03-23 16:08:45,786 [INFO] ApiDb:670 - CubeFinder database generation date=2023-03-10 (1678456172)
2023-03-23 16:08:45,786 [INFO] ApiDb:671 - CubeFinder database FW Pack versions=[FP-ATR-ASTRA1_V1.1.1, STM32Cube_FW_C0_V1.0.1, STM32Cube_FW_F0_V1.11.4, STM32Cube_FW_F3_V1.11.4, STM32Cube_FW_F4_V1.27.1, STM32Cube_FW_F7_V1.17.0, STM32Cube_FW_G0_V1.6.1, STM32Cube_FW_G4_V1.5.1, STM32Cube_FW_H5_V0.5.1, STM32Cube_FW_H5_V1.0.0, STM32Cube_FW_H7_V1.11.0, STM32Cube_FW_L0_V1.12.2, STM32Cube_FW_L5_V1.5.0, STM32Cube_FW_U5_V1.2.0, STM32Cube_FW_WBA_V1.0.0, STM32Cube_FW_WBA_V1.0.0RC1, STM32Cube_FW_WBA_V1.0.0RC3, STM32Cube_FW_WB_V1.15.0RC1, STM32Cube_FW_WB_V1.16.0, STM32Cube_FW_WB_V1.16.0RC2, STM32Cube_FW_WL_V1.3.0, X-CUBE-ALGOBUILD_V1.3.0, X-CUBE-ALS_V1.0.1, X-CUBE-AZRTOS-F4_V1.1.0, X-CUBE-AZRTOS-F7_V1.1.0, X-CUBE-AZRTOS-G0_V1.1.0, X-CUBE-AZRTOS-G4_V1.0.0, X-CUBE-AZRTOS-H7_V3.0.0, X-CUBE-AZRTOS-L4_V1.0.0, X-CUBE-AZRTOS-L5_V1.1.0, X-CUBE-AZRTOS-WB_V1.1.0, X-CUBE-AZRTOS-WL_V1.0.0, X-CUBE-BLE1_V6.2.4, X-CUBE-BLE2_V3.3.0, X-CUBE-BLEMGR_V1.3.0, X-CUBE-EEPRMA1_V4.1.0, X-CUBE-GNSS1_V6.0.0, X-CUBE-MEMS1_V9.1.0, X-CUBE-MEMS1_V9.4.0, X-CUBE-MEMS1_V9.5.0, X-CUBE-NFC4_V3.0.0, X-CUBE-NFC7_V1.0.0, X-CUBE-SFXS2LP1_V4.0.0, X-CUBE-SUBG2_V5.0.0]
2023-03-23 16:08:45,844 [INFO] DbBoardsSqlite:226 - include board P-NUCLEO-WB55-NUCLEO as a kit item of type 'Nucleo-64'
2023-03-23 16:08:45,845 [INFO] DbBoardsSqlite:226 - include board P-NUCLEO-WB55-USBDONGLE as a kit item of type 'Nucleo USB Dongle'
2023-03-23 16:08:45,845 [INFO] DbBoardsSqlite:226 - include board STEVAL-IDP005V1 as a kit item of type 'Evaluation Board'
2023-03-23 16:08:45,845 [INFO] DbBoardsSqlite:226 - include board STEVAL-IDP005V2 as a kit item of type 'Evaluation Board'
2023-03-23 16:08:45,873 [INFO] ApiDb:240 - Found 297 in-development CPN: [B-G473E-ZEST1S, B-WB1M-WPAN1, B-WL5M-SUBG1, NUCLEO-C031C6, NUCLEO-H503RB, NUCLEO-H563ZI, NUCLEO-U545RE-Q, NUCLEO-U5A5ZJ-Q, NUCLEO-WBA52CG, STEVAL-PROTEUS1, STEVAL-STWINBX1, STM320518-EVAL, STM32C0116-DK, STM32C011D6Y3TR, STM32C011D6Y6TR, STM32C011F4P3, STM32C011F4P6, STM32C011F4U3, STM32C011F4U6TR, STM32C011F6P3, STM32C011F6P6, STM32C011F6U3, STM32C011F6U6TR, STM32C011J4M3, STM32C011J4M6, STM32C011J6M3, STM32C011J6M6, STM32C0316-DK, STM32C031C4T3, STM32C031C4T6, STM32C031C4U3, STM32C031C4U6, STM32C031C6T3, STM32C031C6T6, STM32C031C6U3, STM32C031C6U6, STM32C031F4P3, STM32C031F4P6, STM32C031F6P3, STM32C031F6P6, STM32C031G4U3, STM32C031G4U6, STM32C031G6U3, STM32C031G6U6, STM32C031K4T3, STM32C031K4T6, STM32C031K4U3, STM32C031K4U6, STM32C031K6T3, STM32C031K6T6, STM32C031K6U3, STM32C031K6U6, STM32G071K8TXN, STM32G071K8UXN, STM32G081GBU6N, STM32G081KBT6N, STM32G081KBUXN, STM32G0B1CCT6N, STM32G0B1KCT6, STM32G0B1NEY6TR, STM32G0B1RCT6N, STM32G0C1CCT6, STM32G0C1CCT6N, STM32G0C1CCU6N, STM32G0C1CET6N, STM32G0C1CEU6N, STM32G0C1KCT6, STM32G0C1NEY6TR, STM32G0C1RCI6N, STM32G0C1RCT6N, STM32G0C1REI6N, STM32G0C1RET6N, STM32G0C1VCI6, STM32G0C1VEI6, STM32G471CCT6, STM32G471CCU6, STM32G471CET3, STM32G471CET6, STM32G471CEU3, STM32G471CEU6, STM32G471MCT6, STM32G471MET3, STM32G471MET6, STM32G471MEY6TR, STM32G471QCT6, STM32G471QET3, STM32G471RCT6, STM32G471RET3, STM32G471RET6, STM32G471VCH6, STM32G471VCI6, STM32G471VCT6, STM32G471VEH3, STM32G471VEH6, STM32G471VEI3, STM32G471VEI6, STM32G471VET3, STM32G471VET6, STM32G474CCT6, STM32H503CBT6, STM32H503CBU6, STM32H503EBY6TR, STM32H503KBU6, STM32H503RBT6, STM32H562AGI6, STM32H562AII6, STM32H562IGK6, STM32H562IGT6, STM32H562IIK6, STM32H562IIT6, STM32H562RGT6, STM32H562RGV6, STM32H562RIT6, STM32H562RIV6, STM32H562VGT6, STM32H562VIT6, STM32H562ZGT6, STM32H562ZIT6, STM32H563AGI6, STM32H563AII3Q, STM32H563AII6, STM32H563IGK6, STM32H563IGT6, STM32H563IIK3Q, STM32H563IIK6, STM32H563IIT3Q, STM32H563IIT6, STM32H563MIY3QTR, STM32H563RGT6, STM32H563RGV6, STM32H563RIT6, STM32H563RIV6, STM32H563VGT6, STM32H563VIT3Q, STM32H563VIT6, STM32H563ZGT6, STM32H563ZIT3Q, STM32H563ZIT6, STM32H573AII3Q, STM32H573AII6, STM32H573I-DK, STM32H573IIK3Q, STM32H573IIK6, STM32H573IIT3Q, STM32H573IIT6, STM32H573MIY3QTR, STM32H573RIT6, STM32H573RIV6, STM32H573VIT3Q, STM32H573VIT6, STM32H573ZIT3Q, STM32H573ZIT6, STM32L4R5QGI6STR, STM32MP131AAE3, STM32MP131AAF3, STM32MP131AAG3, STM32MP131CAE3, STM32MP131CAF3, STM32MP131CAG3, STM32MP131DAE7, STM32MP131DAF7, STM32MP131DAG7, STM32MP131FAE7, STM32MP131FAF7, STM32MP131FAG7, STM32MP133AAE3, STM32MP133AAF3, STM32MP133AAG3, STM32MP133CAE3, STM32MP133CAF3, STM32MP133CAG3, STM32MP133DAE7, STM32MP133DAF7, STM32MP133DAG7, STM32MP133FAE7, STM32MP133FAF7, STM32MP133FAG7, STM32MP135AAE3, STM32MP135AAF3, STM32MP135AAG3, STM32MP135CAE3, STM32MP135CAF3, STM32MP135CAG3, STM32MP135DAE7, STM32MP135DAF7, STM32MP135DAG7, STM32MP135F-DK, STM32MP135FAE7, STM32MP135FAF7, STM32MP135FAF7T, STM32MP135FAF7U, STM32MP135FAG7, STM32U535CBT6, STM32U535CBT6Q, STM32U535CBU6, STM32U535CBU6Q, STM32U535CCT6, STM32U535CCT6Q, STM32U535CCU6, STM32U535CCU6Q, STM32U535CET6, STM32U535CET6Q, STM32U535CEU6, STM32U535CEU6Q, STM32U535JEY6QTR, STM32U535NCY6QTR, STM32U535NEY6QTR, STM32U535RBI6, STM32U535RBI6Q, STM32U535RBT6, STM32U535RBT6Q, STM32U535RCI6, STM32U535RCI6Q, STM32U535RCT6, STM32U535RCT6Q, STM32U535REI6, STM32U535REI6Q, STM32U535RET6, STM32U535RET6Q, STM32U535VCI6, STM32U535VCI6Q, STM32U535VCT6, STM32U535VCT6Q, STM32U535VEI6, STM32U535VEI6Q, STM32U535VET6, STM32U535VET6Q, STM32U545CET6, STM32U545CET6Q, STM32U545CEU6, STM32U545CEU6Q, STM32U545JEY6QTR, STM32U545NEY6QTR, STM32U545REI6, STM32U545REI6Q, STM32U545RET6, STM32U545RET6Q, STM32U545VEI6, STM32U545VEI6Q, STM32U545VET6, STM32U545VET6Q, STM32U595AIH6, STM32U595AIH6Q, STM32U595AJH6, STM32U595AJH6Q, STM32U595QII6, STM32U595QII6Q, STM32U595QJI6, STM32U595QJI6Q, STM32U595RIT6, STM32U595RIT6Q, STM32U595RJT6, STM32U595RJT6Q, STM32U595VIT6, STM32U595VIT6Q, STM32U595VJT6, STM32U595VJT6Q, STM32U595ZIT6, STM32U595ZIT6Q, STM32U595ZIY6QTR, STM32U595ZJT6, STM32U595ZJT6Q, STM32U595ZJY6QTR, STM32U599BJY6QTR, STM32U599NIH6Q, STM32U599NJH6Q, STM32U599VIT6Q, STM32U599VJT6, STM32U599VJT6Q, STM32U599ZIT6Q, STM32U599ZIY6QTR, STM32U599ZJT6Q, STM32U599ZJY6QTR, STM32U5A5AJH6, STM32U5A5AJH6Q, STM32U5A5QJI6, STM32U5A5QJI6Q, STM32U5A5RJT6, STM32U5A5RJT6Q, STM32U5A5VJT6, STM32U5A5VJT6Q, STM32U5A5ZJT6, STM32U5A5ZJT6Q, STM32U5A5ZJY6QTR, STM32U5A9BJY6QTR, STM32U5A9J-DK, STM32U5A9NJH6Q, STM32U5A9VJT6Q, STM32U5A9ZJT6Q, STM32U5A9ZJY6QTR, STM32WB1MMCH6, STM32WBA52CEU6, STM32WBA52CEU6T, STM32WBA52CGU6, STM32WBA52CGU6T, STM32WL5MOCH6, STM32WL5MOCH6TR]
2023-03-23 16:08:45,960 [INFO] BoardInfo:880 - No configuration file found for board P-NUCLEO-WB55
2023-03-23 16:08:45,961 [INFO] DbBoards:157 - Kit is not supported: P-NUCLEO-WB55
2023-03-23 16:08:45,963 [INFO] BoardInfo:880 - No configuration file found for board STEVAL-BFA001V1B
2023-03-23 16:08:45,963 [INFO] DbBoards:157 - Kit is not supported: STEVAL-BFA001V1B
2023-03-23 16:08:45,964 [INFO] BoardInfo:880 - No configuration file found for board STEVAL-BFA001V2B
2023-03-23 16:08:45,964 [INFO] DbBoards:157 - Kit is not supported: STEVAL-BFA001V2B
2023-03-23 16:08:46,027 [INFO] DbBoards:161 - Found 187 boards, 184 are supported
2023-03-23 16:08:46,030 [INFO] ApiDb:668 - CubeFinder database Data Model version=2.1
2023-03-23 16:08:46,030 [INFO] ApiDb:669 - CubeFinder database Configuration version=3.0.35
2023-03-23 16:08:46,031 [INFO] ApiDb:670 - CubeFinder database generation date=2023-03-10 (1678456172)
2023-03-23 16:08:46,031 [INFO] ApiDb:671 - CubeFinder database FW Pack versions=[FP-ATR-ASTRA1_V1.1.1, STM32Cube_FW_C0_V1.0.1, STM32Cube_FW_F0_V1.11.4, STM32Cube_FW_F3_V1.11.4, STM32Cube_FW_F4_V1.27.1, STM32Cube_FW_F7_V1.17.0, STM32Cube_FW_G0_V1.6.1, STM32Cube_FW_G4_V1.5.1, STM32Cube_FW_H5_V0.5.1, STM32Cube_FW_H5_V1.0.0, STM32Cube_FW_H7_V1.11.0, STM32Cube_FW_L0_V1.12.2, STM32Cube_FW_L5_V1.5.0, STM32Cube_FW_U5_V1.2.0, STM32Cube_FW_WBA_V1.0.0, STM32Cube_FW_WBA_V1.0.0RC1, STM32Cube_FW_WBA_V1.0.0RC3, STM32Cube_FW_WB_V1.15.0RC1, STM32Cube_FW_WB_V1.16.0, STM32Cube_FW_WB_V1.16.0RC2, STM32Cube_FW_WL_V1.3.0, X-CUBE-ALGOBUILD_V1.3.0, X-CUBE-ALS_V1.0.1, X-CUBE-AZRTOS-F4_V1.1.0, X-CUBE-AZRTOS-F7_V1.1.0, X-CUBE-AZRTOS-G0_V1.1.0, X-CUBE-AZRTOS-G4_V1.0.0, X-CUBE-AZRTOS-H7_V3.0.0, X-CUBE-AZRTOS-L4_V1.0.0, X-CUBE-AZRTOS-L5_V1.1.0, X-CUBE-AZRTOS-WB_V1.1.0, X-CUBE-AZRTOS-WL_V1.0.0, X-CUBE-BLE1_V6.2.4, X-CUBE-BLE2_V3.3.0, X-CUBE-BLEMGR_V1.3.0, X-CUBE-EEPRMA1_V4.1.0, X-CUBE-GNSS1_V6.0.0, X-CUBE-MEMS1_V9.1.0, X-CUBE-MEMS1_V9.4.0, X-CUBE-MEMS1_V9.5.0, X-CUBE-NFC4_V3.0.0, X-CUBE-NFC7_V1.0.0, X-CUBE-SFXS2LP1_V4.0.0, X-CUBE-SUBG2_V5.0.0]
2023-03-23 16:08:47,195 [WARN] PackLoader:240 - Cannot read IP mode file for STMicroelectronics.X-CUBE-BLE1.6.2.4
2023-03-23 16:08:47,198 [WARN] PackLoader:240 - Cannot read IP mode file for STMicroelectronics.X-CUBE-AI.8.0.0
2023-03-23 16:08:47,200 [WARN] PackLoader:240 - Cannot read IP mode file for STMicroelectronics.FP-ATR-ASTRA1.1.1.1
2023-03-23 16:08:47,202 [WARN] PackLoader:240 - Cannot read IP mode file for STMicroelectronics.FP-ATR-SIGFOX1.3.2.0
2023-03-23 16:08:47,205 [WARN] PackLoader:240 - Cannot read IP mode file for STMicroelectronics.X-CUBE-ALS.1.0.1
2023-03-23 16:08:47,207 [INFO] ThirdParty:978 - Integrity check success = true
2023-03-23 16:08:47,207 [INFO] IntegrityCheckThread:100 - exiting critical section [integrity check]
2023-03-23 16:08:47,207 [INFO] IntegrityCheckThread:103 - End integrity checks thread
2023-03-23 16:08:47,411 [INFO] ApiDb:240 - Found 297 in-development CPN: [B-G473E-ZEST1S, B-WB1M-WPAN1, B-WL5M-SUBG1, NUCLEO-C031C6, NUCLEO-H503RB, NUCLEO-H563ZI, NUCLEO-U545RE-Q, NUCLEO-U5A5ZJ-Q, NUCLEO-WBA52CG, STEVAL-PROTEUS1, STEVAL-STWINBX1, STM320518-EVAL, STM32C0116-DK, STM32C011D6Y3TR, STM32C011D6Y6TR, STM32C011F4P3, STM32C011F4P6, STM32C011F4U3, STM32C011F4U6TR, STM32C011F6P3, STM32C011F6P6, STM32C011F6U3, STM32C011F6U6TR, STM32C011J4M3, STM32C011J4M6, STM32C011J6M3, STM32C011J6M6, STM32C0316-DK, STM32C031C4T3, STM32C031C4T6, STM32C031C4U3, STM32C031C4U6, STM32C031C6T3, STM32C031C6T6, STM32C031C6U3, STM32C031C6U6, STM32C031F4P3, STM32C031F4P6, STM32C031F6P3, STM32C031F6P6, STM32C031G4U3, STM32C031G4U6, STM32C031G6U3, STM32C031G6U6, STM32C031K4T3, STM32C031K4T6, STM32C031K4U3, STM32C031K4U6, STM32C031K6T3, STM32C031K6T6, STM32C031K6U3, STM32C031K6U6, STM32G071K8TXN, STM32G071K8UXN, STM32G081GBU6N, STM32G081KBT6N, STM32G081KBUXN, STM32G0B1CCT6N, STM32G0B1KCT6, STM32G0B1NEY6TR, STM32G0B1RCT6N, STM32G0C1CCT6, STM32G0C1CCT6N, STM32G0C1CCU6N, STM32G0C1CET6N, STM32G0C1CEU6N, STM32G0C1KCT6, STM32G0C1NEY6TR, STM32G0C1RCI6N, STM32G0C1RCT6N, STM32G0C1REI6N, STM32G0C1RET6N, STM32G0C1VCI6, STM32G0C1VEI6, STM32G471CCT6, STM32G471CCU6, STM32G471CET3, STM32G471CET6, STM32G471CEU3, STM32G471CEU6, STM32G471MCT6, STM32G471MET3, STM32G471MET6, STM32G471MEY6TR, STM32G471QCT6, STM32G471QET3, STM32G471RCT6, STM32G471RET3, STM32G471RET6, STM32G471VCH6, STM32G471VCI6, STM32G471VCT6, STM32G471VEH3, STM32G471VEH6, STM32G471VEI3, STM32G471VEI6, STM32G471VET3, STM32G471VET6, STM32G474CCT6, STM32H503CBT6, STM32H503CBU6, STM32H503EBY6TR, STM32H503KBU6, STM32H503RBT6, STM32H562AGI6, STM32H562AII6, STM32H562IGK6, STM32H562IGT6, STM32H562IIK6, STM32H562IIT6, STM32H562RGT6, STM32H562RGV6, STM32H562RIT6, STM32H562RIV6, STM32H562VGT6, STM32H562VIT6, STM32H562ZGT6, STM32H562ZIT6, STM32H563AGI6, STM32H563AII3Q, STM32H563AII6, STM32H563IGK6, STM32H563IGT6, STM32H563IIK3Q, STM32H563IIK6, STM32H563IIT3Q, STM32H563IIT6, STM32H563MIY3QTR, STM32H563RGT6, STM32H563RGV6, STM32H563RIT6, STM32H563RIV6, STM32H563VGT6, STM32H563VIT3Q, STM32H563VIT6, STM32H563ZGT6, STM32H563ZIT3Q, STM32H563ZIT6, STM32H573AII3Q, STM32H573AII6, STM32H573I-DK, STM32H573IIK3Q, STM32H573IIK6, STM32H573IIT3Q, STM32H573IIT6, STM32H573MIY3QTR, STM32H573RIT6, STM32H573RIV6, STM32H573VIT3Q, STM32H573VIT6, STM32H573ZIT3Q, STM32H573ZIT6, STM32L4R5QGI6STR, STM32MP131AAE3, STM32MP131AAF3, STM32MP131AAG3, STM32MP131CAE3, STM32MP131CAF3, STM32MP131CAG3, STM32MP131DAE7, STM32MP131DAF7, STM32MP131DAG7, STM32MP131FAE7, STM32MP131FAF7, STM32MP131FAG7, STM32MP133AAE3, STM32MP133AAF3, STM32MP133AAG3, STM32MP133CAE3, STM32MP133CAF3, STM32MP133CAG3, STM32MP133DAE7, STM32MP133DAF7, STM32MP133DAG7, STM32MP133FAE7, STM32MP133FAF7, STM32MP133FAG7, STM32MP135AAE3, STM32MP135AAF3, STM32MP135AAG3, STM32MP135CAE3, STM32MP135CAF3, STM32MP135CAG3, STM32MP135DAE7, STM32MP135DAF7, STM32MP135DAG7, STM32MP135F-DK, STM32MP135FAE7, STM32MP135FAF7, STM32MP135FAF7T, STM32MP135FAF7U, STM32MP135FAG7, STM32U535CBT6, STM32U535CBT6Q, STM32U535CBU6, STM32U535CBU6Q, STM32U535CCT6, STM32U535CCT6Q, STM32U535CCU6, STM32U535CCU6Q, STM32U535CET6, STM32U535CET6Q, STM32U535CEU6, STM32U535CEU6Q, STM32U535JEY6QTR, STM32U535NCY6QTR, STM32U535NEY6QTR, STM32U535RBI6, STM32U535RBI6Q, STM32U535RBT6, STM32U535RBT6Q, STM32U535RCI6, STM32U535RCI6Q, STM32U535RCT6, STM32U535RCT6Q, STM32U535REI6, STM32U535REI6Q, STM32U535RET6, STM32U535RET6Q, STM32U535VCI6, STM32U535VCI6Q, STM32U535VCT6, STM32U535VCT6Q, STM32U535VEI6, STM32U535VEI6Q, STM32U535VET6, STM32U535VET6Q, STM32U545CET6, STM32U545CET6Q, STM32U545CEU6, STM32U545CEU6Q, STM32U545JEY6QTR, STM32U545NEY6QTR, STM32U545REI6, STM32U545REI6Q, STM32U545RET6, STM32U545RET6Q, STM32U545VEI6, STM32U545VEI6Q, STM32U545VET6, STM32U545VET6Q, STM32U595AIH6, STM32U595AIH6Q, STM32U595AJH6, STM32U595AJH6Q, STM32U595QII6, STM32U595QII6Q, STM32U595QJI6, STM32U595QJI6Q, STM32U595RIT6, STM32U595RIT6Q, STM32U595RJT6, STM32U595RJT6Q, STM32U595VIT6, STM32U595VIT6Q, STM32U595VJT6, STM32U595VJT6Q, STM32U595ZIT6, STM32U595ZIT6Q, STM32U595ZIY6QTR, STM32U595ZJT6, STM32U595ZJT6Q, STM32U595ZJY6QTR, STM32U599BJY6QTR, STM32U599NIH6Q, STM32U599NJH6Q, STM32U599VIT6Q, STM32U599VJT6, STM32U599VJT6Q, STM32U599ZIT6Q, STM32U599ZIY6QTR, STM32U599ZJT6Q, STM32U599ZJY6QTR, STM32U5A5AJH6, STM32U5A5AJH6Q, STM32U5A5QJI6, STM32U5A5QJI6Q, STM32U5A5RJT6, STM32U5A5RJT6Q, STM32U5A5VJT6, STM32U5A5VJT6Q, STM32U5A5ZJT6, STM32U5A5ZJT6Q, STM32U5A5ZJY6QTR, STM32U5A9BJY6QTR, STM32U5A9J-DK, STM32U5A9NJH6Q, STM32U5A9VJT6Q, STM32U5A9ZJT6Q, STM32U5A9ZJY6QTR, STM32WB1MMCH6, STM32WBA52CEU6, STM32WBA52CEU6T, STM32WBA52CGU6, STM32WBA52CGU6T, STM32WL5MOCH6, STM32WL5MOCH6TR]
2023-03-23 16:08:47,414 [INFO] DbMcus:216 - Found 3775 MCUs, 3775 are supported
2023-03-23 16:08:47,415 [INFO] ApiDb:423 - Load user favorites file /home/vasundhra/.stm32cubeide/favorites.mcus.txt: 0 item(s)
2023-03-23 16:08:47,416 [INFO] ApiDb:427 - User favorites MCUs=[]
2023-03-23 16:08:47,416 [INFO] DbMcus:222 - Set 0 / 0 favorites MCUs
2023-03-23 16:08:47,623 [INFO] ApiDb:423 - Load user favorites file /home/vasundhra/.stm32cubeide/favorites.boards.txt: 0 item(s)
2023-03-23 16:08:47,623 [INFO] ApiDb:427 - User favorites Boards=[]
2023-03-23 16:08:47,623 [INFO] DbBoards:190 - Set 0 / 0 favorites Boards
2023-03-23 16:08:47,623 [INFO] McuFinderGlobals:66 - Set McuFinderConnectedMode to true
2023-03-23 16:08:47,628 [INFO] MultiScanPanel:200 - Auto-refresh data requested => check proxy status ongoing
2023-03-23 16:08:47,630 [INFO] FinderPluginLoader:95 - Searching for filters in installed packs
2023-03-23 16:08:48,658 [INFO] LoadUrlFilesThread:185 - End of LoadServerUrlFiles without Thread
2023-03-23 16:08:48,668 [INFO] DetailPanel:341 - Set advertising image to /home/vasundhra/STM32Cube/Repository//en.prom-stm32h5-mcu-finder.jpg
2023-03-23 16:09:00,498 [INFO] MultiScanPanel:200 - Auto-refresh data requested => check proxy status ongoing
2023-03-23 16:09:00,615 [INFO] LoadUrlFilesThread:185 - End of LoadServerUrlFiles without Thread
2023-03-23 16:09:00,615 [INFO] DetailPanel:341 - Set advertising image to /home/vasundhra/STM32Cube/Repository//en.prom-stm32h5-mcu-finder.jpg
2023-03-23 16:10:52,882 [INFO] McuFinderGlobals:66 - Set McuFinderConnectedMode to true
2023-03-23 16:10:52,884 [INFO] ApiDb:448 - Save user favorites file /home/vasundhra/.stm32cubeide/favorites.mcus.txt: 0 item(s)
2023-03-23 16:10:52,884 [INFO] ApiDb:452 - User favorites MCUs=[]
2023-03-23 16:10:52,885 [INFO] ApiDb:448 - Save user favorites file /home/vasundhra/.stm32cubeide/favorites.boards.txt: 0 item(s)
2023-03-23 16:10:52,885 [INFO] ApiDb:452 - User favorites Boards=[]
2023-03-23 16:21:10,980 [INFO] LogOutputStream:77 - [STDOUT_REDIRECT] StartTraceHandler.execute(), success : Collect=true
2023-03-23 16:21:16,618 [INFO] LogOutputStream:77 - [STDOUT_REDIRECT] StartTraceHandler.execute(), success : Collect=false
2023-03-23 16:21:21,501 [INFO] LogOutputStream:77 - [STDOUT_REDIRECT] StartTraceHandler.execute(), success : Collect=true
2023-03-23 16:21:53,440 [INFO] LogOutputStream:77 - [STDOUT_REDIRECT] StartTraceHandler.execute(), success : Collect=false
2023-03-23 16:21:58,846 [INFO] LogOutputStream:77 - [STDOUT_REDIRECT] StartTraceHandler.execute(), success : Collect=true
2023-03-23 16:22:05,040 [INFO] LogOutputStream:77 - [STDOUT_REDIRECT] StartTraceHandler.execute(), success : Collect=false
2023-03-23 16:24:04,940 [INFO] LogOutputStream:77 - [STDOUT_REDIRECT] StartTraceHandler.execute(), success : Collect=true
2023-03-23 16:24:07,589 [INFO] LogOutputStream:77 - [STDOUT_REDIRECT] StartTraceHandler.execute(), success : Collect=false
2023-03-23 16:24:39,528 [INFO] LogOutputStream:77 - [STDOUT_REDIRECT] StartTraceHandler.execute(), success : Collect=true
2023-03-23 16:28:43,402 [INFO] LogOutputStream:77 - [STDOUT_REDIRECT] StartTraceHandler.execute(), success : Collect=false
2023-03-23 16:28:44,941 [INFO] LogOutputStream:77 - [STDOUT_REDIRECT] StartTraceHandler.execute(), success : Collect=true
2023-03-23 16:28:46,738 [INFO] LogOutputStream:77 - [STDOUT_REDIRECT] StartTraceHandler.execute(), success : Collect=false
2023-03-23 16:31:11,304 [INFO] LogOutputStream:77 - [STDOUT_REDIRECT] StartTraceHandler.execute(), success : Collect=true
2023-03-23 17:12:56,844 [INFO] LogOutputStream:77 - [STDOUT_REDIRECT] StartTraceHandler.execute(), success : Collect=false
2023-03-23 17:13:01,135 [INFO] LogOutputStream:77 - [STDOUT_REDIRECT] StartTraceHandler.execute(), success : Collect=true
2023-03-23 17:13:02,310 [INFO] LogOutputStream:77 - [STDOUT_REDIRECT] StartTraceHandler.execute(), success : Collect=false
2023-03-23 17:14:08,231 [INFO] LogOutputStream:77 - [STDOUT_REDIRECT] StartTraceHandler.execute(), success : Collect=true
